-------------------------------------------------------------------------------
      name:  <unnamed>
       log:  /accounts/projects/card/hurricane/replication/industries/portion3_
> postdisclosure/code/f5.log
  log type:  text
 opened on:   6 Oct 2023, 12:36:49

. 
. import excel using "$disclosure3", sheet("3") cellrange(A6:F406) firstrow cle
> ar
(6 vars, 400 obs)

. set scheme plotplain

. 
. gen dpsi = d_y_m_xb - d_df_m_psij - d_akm_res

. 
. reg d_y_m_xb dpsi

      Source |       SS           df       MS      Number of obs   =       400
-------------+----------------------------------   F(1, 398)       =   2896.59
       Model |  3.58983569         1  3.58983569   Prob > F        =    0.0000
    Residual |  .493254384       398  .001239333   R-squared       =    0.8792
-------------+----------------------------------   Adj R-squared   =    0.8789
       Total |  4.08309007       399  .010233308   Root MSE        =     .0352

------------------------------------------------------------------------------
    d_y_m_xb | Coefficient  Std. err.      t    P>|t|     [95% conf. interval]
-------------+----------------------------------------------------------------
        dpsi |   .4906008   .0091156    53.82   0.000     .4726801    .5085215
       _cons |  -.0114499   .0017602    -6.50   0.000    -.0149104   -.0079894
------------------------------------------------------------------------------

. local b : display %4.2f _b[dpsi]

. local se : display %4.2f _se[dpsi]

. local r2: display %4.2f e(r2)

. scatter d_y_m_xb dpsi, msymbol(p) || function y=x, range(-0.5 0.5)  || , ///
>  legend(off) scale(1.5)  ///
>  text(0.3 -0.3 "Slope = `b' (`se')", size(vsmall)) ///
>  title("A. Age-adjusted log earnings ({it:y-X{&theta}})", pos(11) span size(s
> mall)) name(dy, replace) 

. 
. reg d_akm_res dpsi

      Source |       SS           df       MS      Number of obs   =       400
-------------+----------------------------------   F(1, 398)       =    407.04
       Model |  .208781343         1  .208781343   Prob > F        =    0.0000
    Residual |  .204143659       398  .000512924   R-squared       =    0.5056
-------------+----------------------------------   Adj R-squared   =    0.5044
       Total |  .412925002       399    .0010349   Root MSE        =    .02265

------------------------------------------------------------------------------
   d_akm_res | Coefficient  Std. err.      t    P>|t|     [95% conf. interval]
-------------+----------------------------------------------------------------
        dpsi |  -.1183142   .0058643   -20.18   0.000    -.1298431   -.1067853
       _cons |  -.0274498   .0011324   -24.24   0.000     -.029676   -.0252236
------------------------------------------------------------------------------

. local b : display %4.2f _b[dpsi]

. local se : display %4.2f _se[dpsi]

. local r2: display %4.2f e(r2)

. scatter d_akm_res dpsi, msymbol(p) || function y=x, range(-0.5 0.5) ///
>  legend(off) scheme(plotplain) scale(1.5)  ///
>  text(0.3 -0.3 "Slope = `b' (`se')", size(vsmall)) ///
>  title("B. AKM residual ({it:{&epsilon}})", pos(11) span size(small)) name(de
> , replace)

. 
. reg d_df_m_psij dpsi

      Source |       SS           df       MS      Number of obs   =       400
-------------+----------------------------------   F(1, 398)       =   3059.00
       Model |  2.28118503         1  2.28118503   Prob > F        =    0.0000
    Residual |  .296800202       398  .000745729   R-squared       =    0.8849
-------------+----------------------------------   Adj R-squared   =    0.8846
       Total |  2.57798523       399  .006461116   Root MSE        =    .02731

------------------------------------------------------------------------------
 d_df_m_psij | Coefficient  Std. err.      t    P>|t|     [95% conf. interval]
-------------+----------------------------------------------------------------
        dpsi |   -.391085    .007071   -55.31   0.000    -.4049862   -.3771838
       _cons |   .0159999   .0013654    11.72   0.000     .0133156    .0186842
------------------------------------------------------------------------------

. local b : display %4.2f _b[dpsi]

. local se : display %4.2f _se[dpsi]

. local r2: display %4.2f e(r2)

. scatter d_df_m_psij dpsi, msymbol(p) || function y=x, range(-0.5 0.5) ///
>  legend(off) scheme(plotplain) scale(1.5)  ///
>  text(-0.4 0 "Slope = `b' (`se')", size(vsmall)) ///
>  title("C. Firm hierarchy effect ({it:h})", pos(11) span size(small)) name(dd
> elta, replace)

. 
.  gen d_earn_adj=d_y_m_xb-d_df_m_psij

. reg d_earn_adj dpsi

      Source |       SS           df       MS      Number of obs   =       400
-------------+----------------------------------   F(1, 398)       =  22604.40
       Model |  11.5943342         1  11.5943342   Prob > F        =    0.0000
    Residual |  .204143674       398  .000512924   R-squared       =    0.9827
-------------+----------------------------------   Adj R-squared   =    0.9827
       Total |  11.7984779       399   .02957012   Root MSE        =    .02265

------------------------------------------------------------------------------
  d_earn_adj | Coefficient  Std. err.      t    P>|t|     [95% conf. interval]
-------------+----------------------------------------------------------------
        dpsi |   .8816858   .0058643   150.35   0.000     .8701569    .8932147
       _cons |  -.0274498   .0011324   -24.24   0.000     -.029676   -.0252236
------------------------------------------------------------------------------

. local b : display %4.2f _b[dpsi]

. local se : display %4.2f _se[dpsi]

. local r2: display %4.2f e(r2)

. scatter d_earn_adj dpsi, msymbol(p) || function y=x, range(-0.5 0.5) ///
>  legend(off) scheme(plotplain) scale(1.5)  ///
>  text(0.3 -0.3 "Slope = `b' (`se')", size(vsmall)) ///
>  title("D. Earnings net of firm hierarchy effect ({it:y-X{&theta}-h})", pos(1
> 1) span size(small)) name(dadjy, replace)

.  
. graph combine dy de ddelta dadjy, xcommon ycommon  ///
>   /*  title("Figure 5. Changes in earnings components for between-industry mo
> vers", pos(11) span) */ ///
>   b1title("Change in industry premium") l1title("Change in earnings component
> ") ///
>   note("Note: Slopes are unweighted. Dashed lines are 45-degree lines.") ///
>   saving(${results}/f5.gph, replace)
(file
    /accounts/projects/card/hurricane/replication/industries/portion3_postdis
    > closure/results/f5.gph not found)
file ~/replication/industries/portion3_postdisclosure/results/f5.gph saved

. graph export ${results}/f5.png, replace
(file ~/replication/industries/portion3_postdisclosure/results/f5.png not found
> )
file ~/replication/industries/portion3_postdisclosure/results/f5.png written in
>  PNG format

. 
. log close
      name:  <unnamed>
       log:  /accounts/projects/card/hurricane/replication/industries/portion3_
> postdisclosure/code/f5.log
  log type:  text
 closed on:   6 Oct 2023, 12:36:57
-------------------------------------------------------------------------------
