-------------------------------------------------------------------------------
      name:  <unnamed>
       log:  /accounts/projects/card/hurricane/replication/industries/portion3_
> postdisclosure/code/make_ind_data.log
  log type:  text
 opened on:   6 Oct 2023, 12:36:28

. 
. * Prepare industry names
. import excel using "${raw}/naics2017.xlsx", clear firstrow
(6 vars, 2,196 obs)

. keep naics title

. destring naics, force replace
naics: contains nonnumeric characters; replaced as long
(3 missing values generated)

. keep if naics>=1000 & naics<=9999
(1,885 observations deleted)

. tempfile names

. save `names'
file /tmp/St2401399.000001 saved as .dta format

. 
. import excel using "${disclosure1}", clear sheet(2) firstrow cellrange(A3:E31
> 4)
(5 vars, 311 obs)

. rename Industry4digitNAICS naics

. rename y_j ybar

. rename alpha_j alpha

. rename psi_j psi

. rename Numberofpersonquarters npq

. 
. merge 1:1 naics using `names', keep(1 3) nogen
(variable naics was int, now long to accommodate using data's values)

    Result                      Number of obs
    -----------------------------------------
    Not matched                             4
        from master                         4  
        from using                          0  

    Matched                               307  
    -----------------------------------------

. 
. save ${scratch}/ind_data, replace
file
    ~/replication/industries/portion3_postdisclosure/intermediate/ind_data.dt
    > a saved

. 
. 
. 
. 
. 
end of do-file

. do merge_acs_lehd

. *merge acs psis and worker skills to LEHD summary data 
. 
. cap log close
