-------------------------------------------------------------------------------
      name:  <unnamed>
       log:  /accounts/projects/card/hurricane/replication/industries/portion3_
> postdisclosure/code/t2.log
  log type:  text
 opened on:   6 Oct 2023, 12:37:07

. 
. * Prepare industry names
. import excel using "${raw}/naics2017.xlsx", clear firstrow
(6 vars, 2,196 obs)

. keep naics title

. * Fix a couple of aggregated industries
.  replace naics="31" if naics=="31-33"
(1 real change made)

.  replace naics="44" if naics=="44-45"
(1 real change made)

.  replace naics="48" if naics=="48-49"
(1 real change made)

. destring naics, force replace
naics: all characters numeric; replaced as long

. keep if naics>=10 & naics<=99
(2,176 observations deleted)

. rename naics naics2

. tempfile names

. save `names'
file /tmp/St2401399.000001 saved as .dta format

. 
. // Gather LEHD measures
. use ${scratch}/ind_data, clear

. 
. *Normalize skill
.  su alpha [aw=npq]

    Variable |     Obs      Weight        Mean   Std. dev.       Min        Max
-------------+-----------------------------------------------------------------
       alpha |     311  2.5048e+09     9.45626   .1848439      9.022      10.12

.  gen skill=alpha-r(mean)

.  
. gen naics2=floor(naics/100)

. replace naics2=31 if naics2==32 | naics2==33
(64 real changes made)

. replace naics2=44 if naics2==45
(11 real changes made)

. replace naics2=48 if naics2==49
(4 real changes made)

. 
. collapse (mean) ybar skill psi (rawsum) size=npq [aw=npq], by(naics2)

. su size, meanonly

. gen share=size/r(sum)

. 
. list naics2 share ybar skill psi

     +-------------------------------------------------------+
     | naics2      share        ybar       skill         psi |
     |-------------------------------------------------------|
  1. |     11   .0057974    9.119638   -.2363949   .16001994 |
  2. |     21   .0069295   9.9076929    .0782922   .62160186 |
  3. |     22   .0089416   9.8835471    .1957944   .48822169 |
  4. |     23   .0512433   9.4804554    .0187357   .25197944 |
  5. |     31   .1204536   9.4966835   -.0541224   .35077908 |
     |-------------------------------------------------------|
  6. |     42   .0521539   9.5765202    .0803363   .29539186 |
  7. |     44   .0869373   9.1359558   -.1578694   .10734527 |
  8. |     48   .0401788   9.4009981   -.0455668   .24470794 |
  9. |     51   .0260183   9.7745929    .1897753   .38970665 |
 10. |     52   .0567443   9.6926854    .1748857   .31782429 |
     |-------------------------------------------------------|
 11. |     53   .0151883   9.3916469   -.0275575   .22311722 |
 12. |     54    .075251   9.7950068    .2701555   .32803653 |
 13. |     55   .0216343       9.721    .1847398       .3368 |
 14. |     56   .0462265   9.2324616   -.1420819   .17968353 |
 15. |     61   .1049822   9.4037705    .0684878   .13287123 |
     |-------------------------------------------------------|
 16. |     62   .1463988   9.3308918    -.058944   .19171804 |
 17. |     71   .0115458   9.2483135    -.062411   .12399914 |
 18. |     72   .0422666   8.9529668    -.274028   .03893739 |
 19. |     81   .0244844   9.2595723    -.077182   .14395176 |
 20. |     92   .0566241   9.4710006   -.0100148    .2789326 |
     +-------------------------------------------------------+

. 
. tempfile list2 sds

. save `list2'
file /tmp/St2401399.000002 saved as .dta format

. 
. collapse (sd) ybar skill psi [aw=size]

. gen label="SD"

. save `sds'
file /tmp/St2401399.000003 saved as .dta format

. use `list2'

. append using `sds'

. 
. tempfile lehd

. save `lehd', replace
(file /tmp/St2401399.000004 not found)
file /tmp/St2401399.000004 saved as .dta format

. 
. // Now gather ACS measures
. use ${acsoutput}/industry_averages_2digit.dta, clear

. collapse (sd) logwage ind_effects_adj skill_adj educ female [aw=wc]

. gen label="SD"

. tempfile acssds acslist

. save `acssds'
file /tmp/St2401399.000005 saved as .dta format

. use ${acsoutput}/industry_averages_2digit.dta, clear

. append using `acssds'

. save `acslist'
file /tmp/St2401399.000006 saved as .dta format

. 
. use `names'

. merge 1:1 naics2 using `lehd', nogen
(variable naics2 was long, now double to accommodate using data's values)

    Result                      Number of obs
    -----------------------------------------
    Not matched                             1
        from master                         0  
        from using                          1  

    Matched                                20  
    -----------------------------------------

. merge 1:1 naics2 label using `acslist', nogen

    Result                      Number of obs
    -----------------------------------------
    Not matched                             0
    Matched                                21  
    -----------------------------------------

. replace title=label if naics2==.
(1 real change made)

. drop label

. order naics2 title size share ybar skill psi 

. export delimited using "${results}/t2.csv", replace
(file
    /accounts/projects/card/hurricane/replication/industries/portion3_postdis
    > closure/results/t2.csv not found)
file /accounts/projects/card/hurricane/replication/industries/portion3_postdisc
> losure/results/t2.csv saved

.   
. list 

     +------------------------------------------------------------------------+
  1. |                                 naics2                                 |
     |                                     11                                 |
     |------------------------------------------------------------------------|
     | title                                                                  |
     | Agriculture, Forestry, Fishing and Hunting                             |
     |------------------------------------------------------------------------|
     |      size |    share |      ybar |     skill  |       psi  |  logwage  |
     |  14521500 | .0057974 |  9.119638 | -.2363949  | .16001994  | 2.476791  |
     |------------------------------------------------------------------------|
     |      educ   |    female   |  ind_ef~j   |   skill_adj   |         wc   |
     |  10.75129   |  .2501551   |  .0876104   |   -.1998528   |   1.44e+07   |
     +------------------------------------------------------------------------+

     +------------------------------------------------------------------------+
  2. |                                 naics2                                 |
     |                                     21                                 |
     |------------------------------------------------------------------------|
     | title                                                                  |
     | Mining, Quarrying, and Oil and Gas Extraction                          |
     |------------------------------------------------------------------------|
     |      size |    share |      ybar |     skill  |       psi  |  logwage  |
     |  17357000 | .0069295 | 9.9076929 |  .0782922  | .62160186  | 3.191991  |
     |------------------------------------------------------------------------|
     |      educ   |    female   |  ind_ef~j   |   skill_adj   |         wc   |
     |  12.97792   |  .1397139   |  .6229651   |   -.0200075   |    7220964   |
     +------------------------------------------------------------------------+

     +------------------------------------------------------------------------+
  3. |                                 naics2                                 |
     |                                     22                                 |
     |------------------------------------------------------------------------|
     | title                                                                  |
     | Utilities                                                              |
     |------------------------------------------------------------------------|
     |      size |    share |      ybar |     skill  |       psi  |  logwage  |
     |  22397000 | .0089416 | 9.8835471 |  .1957944  | .48822169  | 3.302767  |
     |------------------------------------------------------------------------|
     |      educ   |    female   |  ind_ef~j   |   skill_adj   |         wc   |
     |  13.70364   |   .223561   |  .6044734   |    .1092599   |   1.09e+07   |
     +------------------------------------------------------------------------+

     +------------------------------------------------------------------------+
  4. |                                 naics2                                 |
     |                                     23                                 |
     |------------------------------------------------------------------------|
     | title                                                                  |
     | Construction                                                           |
     |------------------------------------------------------------------------|
     |      size |    share |      ybar |     skill  |       psi  |  logwage  |
     | 1.284e+08 | .0512433 | 9.4804554 |  .0187357  | .25197944  |  2.88426  |
     |------------------------------------------------------------------------|
     |      educ   |    female   |  ind_ef~j   |   skill_adj   |         wc   |
     |  11.97532   |  .0974801   |  .3537447   |   -.0585176   |   7.65e+07   |
     +------------------------------------------------------------------------+

     +------------------------------------------------------------------------+
  5. |                                 naics2                                 |
     |                                     31                                 |
     |------------------------------------------------------------------------|
     | title                                                                  |
     | Manufacturing                                                          |
     |------------------------------------------------------------------------|
     |      size |    share |      ybar |     skill  |       psi  |  logwage  |
     | 3.017e+08 | .1204536 | 9.4966835 | -.0541224  | .35077908  | 2.978309  |
     |------------------------------------------------------------------------|
     |      educ   |    female   |  ind_ef~j   |   skill_adj   |         wc   |
     |  13.04239   |  .2923328   |  .3731527   |    .0161229   |   1.35e+08   |
     +------------------------------------------------------------------------+

     +------------------------------------------------------------------------+
  6. |                                 naics2                                 |
     |                                     42                                 |
     |------------------------------------------------------------------------|
     | title                                                                  |
     | Wholesale Trade                                                        |
     |------------------------------------------------------------------------|
     |      size |    share |      ybar |     skill  |       psi  |  logwage  |
     | 1.306e+08 | .0521539 | 9.5765202 |  .0803363  | .29539186  | 2.969146  |
     |------------------------------------------------------------------------|
     |      educ   |    female   |  ind_ef~j   |   skill_adj   |         wc   |
     |  13.22944   |  .3054552   |  .3478182   |    .0322953   |   3.34e+07   |
     +------------------------------------------------------------------------+

     +------------------------------------------------------------------------+
  7. |                                 naics2                                 |
     |                                     44                                 |
     |------------------------------------------------------------------------|
     | title                                                                  |
     | Retail Trade                                                           |
     |------------------------------------------------------------------------|
     |      size |    share |      ybar |     skill  |       psi  |  logwage  |
     | 2.178e+08 | .0869373 | 9.1359558 | -.1578694  | .10734527  | 2.582925  |
     |------------------------------------------------------------------------|
     |      educ   |    female   |  ind_ef~j   |   skill_adj   |         wc   |
     |  12.92186   |  .4962535   |  .1341793   |   -.1402874   |   1.43e+08   |
     +------------------------------------------------------------------------+

     +------------------------------------------------------------------------+
  8. |                                 naics2                                 |
     |                                     48                                 |
     |------------------------------------------------------------------------|
     | title                                                                  |
     | Transportation and Warehousing                                         |
     |------------------------------------------------------------------------|
     |      size |    share |      ybar |     skill  |       psi  |  logwage  |
     | 1.006e+08 | .0401788 | 9.4009981 | -.0455668  | .24470794  | 2.881074  |
     |------------------------------------------------------------------------|
     |      educ   |    female   |  ind_ef~j   |   skill_adj   |         wc   |
     |  12.77327   |  .2570876   |  .3066306   |     -.01459   |   5.24e+07   |
     +------------------------------------------------------------------------+

     +------------------------------------------------------------------------+
  9. |                                 naics2                                 |
     |                                     51                                 |
     |------------------------------------------------------------------------|
     | title                                                                  |
     | Information                                                            |
     |------------------------------------------------------------------------|
     |      size |    share |      ybar |     skill  |       psi  |  logwage  |
     |  65171000 | .0260183 | 9.7745929 |  .1897753  | .38970665  | 3.140033  |
     |------------------------------------------------------------------------|
     |      educ   |    female   |  ind_ef~j   |   skill_adj   |         wc   |
     |  14.50657   |  .4115649   |  .4313085   |    .1196913   |   2.64e+07   |
     +------------------------------------------------------------------------+

     +------------------------------------------------------------------------+
 10. |                                 naics2                                 |
     |                                     52                                 |
     |------------------------------------------------------------------------|
     | title                                                                  |
     | Finance and Insurance                                                  |
     |------------------------------------------------------------------------|
     |      size |    share |      ybar |     skill  |       psi  |  logwage  |
     | 1.421e+08 | .0567443 | 9.6926854 |  .1748857  | .31782429  | 3.227166  |
     |------------------------------------------------------------------------|
     |      educ   |    female   |  ind_ef~j   |   skill_adj   |         wc   |
     |   14.6604   |  .5886444   |  .5190739   |    .1190592   |   5.84e+07   |
     +------------------------------------------------------------------------+

     +------------------------------------------------------------------------+
 11. |                                 naics2                                 |
     |                                     53                                 |
     |------------------------------------------------------------------------|
     | title                                                                  |
     | Real Estate and Rental and Leasing                                     |
     |------------------------------------------------------------------------|
     |      size |    share |      ybar |     skill  |       psi  |  logwage  |
     |  38044000 | .0151883 | 9.3916469 | -.0275575  | .22311722  | 2.936499  |
     |------------------------------------------------------------------------|
     |      educ   |    female   |  ind_ef~j   |   skill_adj   |         wc   |
     |   13.6498   |  .4611608   |  .2965806   |    .0508856   |   2.05e+07   |
     +------------------------------------------------------------------------+

     +------------------------------------------------------------------------+
 12. |                                 naics2                                 |
     |                                     54                                 |
     |------------------------------------------------------------------------|
     | title                                                                  |
     | Professional, Scientific, and Technical Services                       |
     |------------------------------------------------------------------------|
     |      size |    share |      ybar |     skill  |       psi  |  logwage  |
     | 1.885e+08 |  .075251 | 9.7950068 |  .2701555  | .32803653  | 3.324325  |
     |------------------------------------------------------------------------|
     |      educ   |    female   |  ind_ef~j   |   skill_adj   |         wc   |
     |  15.55328   |  .4478554   |  .4774921   |    .2577993   |   7.94e+07   |
     +------------------------------------------------------------------------+

     +------------------------------------------------------------------------+
 13. |                                 naics2                                 |
     |                                     55                                 |
     |------------------------------------------------------------------------|
     | title                                                                  |
     | Management of Companies and Enterprises                                |
     |------------------------------------------------------------------------|
     |      size |    share |      ybar |     skill  |       psi  |  logwage  |
     |  54190000 | .0216343 |     9.721 |  .1847398  |     .3368  | 3.368662  |
     |------------------------------------------------------------------------|
     |      educ   |    female   |  ind_ef~j   |   skill_adj   |         wc   |
     |  14.98748   |  .5286407   |   .569821   |    .2098082   |    1236036   |
     +------------------------------------------------------------------------+

     +------------------------------------------------------------------------+
 14. |                                 naics2                                 |
     |                                     56                                 |
     |------------------------------------------------------------------------|
     | title                                                                  |
     | Administrative and Support and Waste Management and Remediation Serv.. |
     |------------------------------------------------------------------------|
     |      size |    share |      ybar |     skill  |       psi  |  logwage  |
     | 1.158e+08 | .0462265 | 9.2324616 | -.1420819  | .17968353  | 2.620158  |
     |------------------------------------------------------------------------|
     |      educ   |    female   |  ind_ef~j   |   skill_adj   |         wc   |
     |   12.3869   |  .3934906   |  .1452286   |   -.1141038   |   5.40e+07   |
     +------------------------------------------------------------------------+

     +------------------------------------------------------------------------+
 15. |                                 naics2                                 |
     |                                     61                                 |
     |------------------------------------------------------------------------|
     | title                                                                  |
     | Educational Services                                                   |
     |------------------------------------------------------------------------|
     |      size |    share |      ybar |     skill  |       psi  |  logwage  |
     | 2.630e+08 | .1049822 | 9.4037705 |  .0684878  | .13287123  | 2.905081  |
     |------------------------------------------------------------------------|
     |      educ   |    female   |  ind_ef~j   |   skill_adj   |         wc   |
     |  15.63448   |  .6931671   |  .1610755   |    .1549719   |   1.16e+08   |
     +------------------------------------------------------------------------+

     +------------------------------------------------------------------------+
 16. |                                 naics2                                 |
     |                                     62                                 |
     |------------------------------------------------------------------------|
     | title                                                                  |
     | Health Care and Social Assistance                                      |
     |------------------------------------------------------------------------|
     |      size |    share |      ybar |     skill  |       psi  |  logwage  |
     | 3.667e+08 | .1463988 | 9.3308918 |  -.058944  | .19171804  | 2.904667  |
     |------------------------------------------------------------------------|
     |      educ   |    female   |  ind_ef~j   |   skill_adj   |         wc   |
     |  14.26282   |  .7899469   |  .2960363   |    .0195977   |   1.71e+08   |
     +------------------------------------------------------------------------+

     +------------------------------------------------------------------------+
 17. |                                 naics2                                 |
     |                                     71                                 |
     |------------------------------------------------------------------------|
     | title                                                                  |
     | Arts, Entertainment, and Recreation                                    |
     |------------------------------------------------------------------------|
     |      size |    share |      ybar |     skill  |       psi  |  logwage  |
     |  28920000 | .0115458 | 9.2483135 |  -.062411  | .12399914  | 2.635969  |
     |------------------------------------------------------------------------|
     |      educ   |    female   |  ind_ef~j   |   skill_adj   |         wc   |
     |  13.47475   |   .463274   |  .1364294   |   -.0894938   |   2.53e+07   |
     +------------------------------------------------------------------------+

     +------------------------------------------------------------------------+
 18. |                                 naics2                                 |
     |                                     72                                 |
     |------------------------------------------------------------------------|
     | title                                                                  |
     | Accommodation and Food Services                                        |
     |------------------------------------------------------------------------|
     |      size |    share |      ybar |     skill  |       psi  |  logwage  |
     | 1.059e+08 | .0422666 | 8.9529668 |  -.274028  | .03893739  | 2.360909  |
     |------------------------------------------------------------------------|
     |      educ   |    female   |  ind_ef~j   |   skill_adj   |         wc   |
     |  12.19549   |  .5246294   |   .038937   |   -.2670608   |   9.64e+07   |
     +------------------------------------------------------------------------+

     +------------------------------------------------------------------------+
 19. |                                 naics2                                 |
     |                                     81                                 |
     |------------------------------------------------------------------------|
     | title                                                                  |
     | Other Services (except Public Administration)                          |
     |------------------------------------------------------------------------|
     |      size |    share |      ybar |     skill  |       psi  |  logwage  |
     |  61329000 | .0244844 | 9.2595723 |  -.077182  | .14395176  |  2.64375  |
     |------------------------------------------------------------------------|
     |      educ   |    female   |  ind_ef~j   |   skill_adj   |         wc   |
     |  13.06114   |  .5057847   |  .1128398   |   -.0581233   |   5.09e+07   |
     +------------------------------------------------------------------------+

     +------------------------------------------------------------------------+
 20. |                                 naics2                                 |
     |                                     92                                 |
     |------------------------------------------------------------------------|
     | title                                                                  |
     | Public Administration                                                  |
     |------------------------------------------------------------------------|
     |      size |    share |      ybar |     skill  |       psi  |  logwage  |
     | 1.418e+08 | .0566241 | 9.4710006 | -.0100148  |  .2789326  | 3.140986  |
     |------------------------------------------------------------------------|
     |      educ   |    female   |  ind_ef~j   |   skill_adj   |         wc   |
     |  14.45152   |  .4396214   |  .4267549   |    .1251978   |   6.13e+07   |
     +------------------------------------------------------------------------+

     +------------------------------------------------------------------------+
 21. |                                 naics2                                 |
     |                                      .                                 |
     |------------------------------------------------------------------------|
     | title                                                                  |
     | SD                                                                     |
     |------------------------------------------------------------------------|
     |      size |    share |      ybar |     skill  |       psi  |  logwage  |
     |         . |        . | .22078065 |  .1372128  | .10443362  | .2645352  |
     |------------------------------------------------------------------------|
     |      educ   |    female   |  ind_ef~j   |   skill_adj   |         wc   |
     |   1.22137   |  .1965728   |  .1489278   |    .1377052   |          .   |
     +------------------------------------------------------------------------+

. 
. log close
      name:  <unnamed>
       log:  /accounts/projects/card/hurricane/replication/industries/portion3_
> postdisclosure/code/t2.log
  log type:  text
 closed on:   6 Oct 2023, 12:37:07
-------------------------------------------------------------------------------
