-------------------------------------------------------------------------------
      name:  <unnamed>
       log:  /accounts/projects/card/hurricane/replication/industries/portion3_
> postdisclosure/code/t3.log
  log type:  text
 opened on:   6 Oct 2023, 12:37:07

. 
. * Prepare industry names
. import excel using "${raw}/naics2017.xlsx", clear firstrow
(6 vars, 2,196 obs)

. keep naics title

. destring naics, force replace
naics: contains nonnumeric characters; replaced as long
(3 missing values generated)

. keep if naics>=100 & naics<=999
(2,097 observations deleted)

. keep if naics>=310 & naics<340
(78 observations deleted)

. rename naics naics3

. tempfile names

. save `names'
file /tmp/St2401399.000001 saved as .dta format

. 
. 
. // Gather LEHD measures
. use ${scratch}/ind_data, clear

. 
. *Normalize skill
.  su alpha [aw=npq]

    Variable |     Obs      Weight        Mean   Std. dev.       Min        Max
-------------+-----------------------------------------------------------------
       alpha |     311  2.5048e+09     9.45626   .1848439      9.022      10.12

.  gen skill=alpha-r(mean)

.  
.  keep if naics>=3100 & naics<3400
(225 observations deleted)

. gen naics3=floor(naics/10)

. replace naics3=311 if naics3==312
(2 real changes made)

. replace naics3=313 if naics3==314
(2 real changes made)

. replace naics3=315 if naics3==316
(3 real changes made)

. 
. 
. collapse (mean) ybar skill psi (rawsum) size=npq [aw=npq], by(naics3)

. su size, meanonly

. gen share=size/r(sum)

. 
. list naics3 share ybar skill psi

     +-------------------------------------------------------+
     | naics3      share        ybar       skill         psi |
     |-------------------------------------------------------|
  1. |    311   .1266961   9.2838179   -.2440736   .32482625 |
  2. |    313   .0172183   9.1369249   -.2917122   .22304441 |
  3. |    315   .0098338   9.0988959   -.2289744    .1466246 |
  4. |    321   .0263925   9.2031955   -.2242447    .2177352 |
  5. |    322   .0336478   9.5325463   -.0954547   .42831864 |
     |-------------------------------------------------------|
  6. |    323   .0350332       9.282   -.1272603       .2163 |
  7. |    324   .0108348       10.05    .2197398       .6214 |
  8. |    325   .0712695   9.7771006    .1055247   .46533688 |
  9. |    326   .0555692   9.3204719   -.1911986   .30308083 |
 10. |    327   .0314636   9.4204772   -.1242581   .33743568 |
     |-------------------------------------------------------|
 11. |    331   .0342145    9.565383   -.1168634   .48025375 |
 12. |    332      .1126   9.3863793   -.0951076    .2831072 |
 13. |    333   .0941057   9.5432986   -.0010662   .34283593 |
 14. |    334    .096492      9.8615    .2605822   .42112437 |
 15. |    335   .0331904   9.4776484   -.0630043   .34009203 |
     |-------------------------------------------------------|
 16. |    336   .1370006   9.6458606    .0179803   .42505105 |
 17. |    337   .0279536    9.187783   -.2102666    .1921963 |
 18. |    339   .0464844   9.4247356   -.0545133   .28289634 |
     +-------------------------------------------------------+

. 
. tempfile list3 sds

. save `list3'
file /tmp/St2401399.000002 saved as .dta format

. 
. collapse (sd) ybar skill psi [aw=size]

. gen label="SD"

. save `sds'
file /tmp/St2401399.000003 saved as .dta format

. use `list3'

. append using `sds'

. 
. tempfile lehd

. save `lehd', replace
(file /tmp/St2401399.000004 not found)
file /tmp/St2401399.000004 saved as .dta format

. 
. // Now gather ACS measures
. use ${acsoutput}/industry_averages_3digit.dta, clear

. collapse (sd) logwage ind_effects_adj skill_adj educ female [aw=wc]

. gen label="SD"

. tempfile acssds acslist

. save `acssds'
file /tmp/St2401399.000005 saved as .dta format

. use ${acsoutput}/industry_averages_3digit.dta, clear

. append using `acssds'

. save `acslist'
file /tmp/St2401399.000006 saved as .dta format

. 
. use `names'

. merge 1:1 naics3 using `lehd', nogen
(variable naics3 was long, now double to accommodate using data's values)

    Result                      Number of obs
    -----------------------------------------
    Not matched                             4
        from master                         3  
        from using                          1  

    Matched                                18  
    -----------------------------------------

. merge 1:1 naics3 label using `acslist', nogen

    Result                      Number of obs
    -----------------------------------------
    Not matched                             3
        from master                         3  
        from using                          0  

    Matched                                19  
    -----------------------------------------

. drop if size==. & wc==. & label==""
(3 observations deleted)

. replace title=label if naics3==.
(1 real change made)

. drop label

. order naics3 title size share ybar skill psi 

. 
. export delimited using "${results}/t3.csv", replace
(file
    /accounts/projects/card/hurricane/replication/industries/portion3_postdis
    > closure/results/t3.csv not found)
file /accounts/projects/card/hurricane/replication/industries/portion3_postdisc
> losure/results/t3.csv saved

.   
. list 

     +-----------------------------------------------------------------------+
  1. | naics3 |                                                        title |
     |    311 |                                           Food Manufacturing |
     |-----------------------------------------------------------------------|
     |     size |    share |      ybar |     skill  |       psi  |  logwage  |
     | 38226000 | .1266961 | 9.2838179 | -.2440736  | .32482625  | 2.733542  |
     |-----------------------------------------------------------------------|
     |      educ   |    female   |  ind_ef~j   |  skill_adj   |         wc   |
     |  12.08689   |  .3731993   |  .2741531   |  -.1296439   |   1.73e+07   |
     +-----------------------------------------------------------------------+

     +-----------------------------------------------------------------------+
  2. | naics3 |                                                        title |
     |    313 |                                                Textile Mills |
     |-----------------------------------------------------------------------|
     |     size |    share |      ybar |     skill  |       psi  |  logwage  |
     |  5195000 | .0172183 | 9.1369249 | -.2917122  | .22304441  | 2.681666  |
     |-----------------------------------------------------------------------|
     |      educ   |    female   |  ind_ef~j   |  skill_adj   |         wc   |
     |  11.98953   |   .433508   |  .2288581   |  -.1362257   |    2277409   |
     +-----------------------------------------------------------------------+

     +-----------------------------------------------------------------------+
  3. | naics3 |                                                        title |
     |    315 |                                        Apparel Manufacturing |
     |-----------------------------------------------------------------------|
     |     size |    share |      ybar |     skill  |       psi  |  logwage  |
     |  2967000 | .0098338 | 9.0988959 | -.2289744  |  .1466246  | 2.606241  |
     |-----------------------------------------------------------------------|
     |      educ   |    female   |  ind_ef~j   |  skill_adj   |         wc   |
     |  11.57819   |  .6151146   |   .147164   |   -.129956   |    2601504   |
     +-----------------------------------------------------------------------+

     +-----------------------------------------------------------------------+
  4. | naics3 |                                                        title |
     |    321 |                                   Wood Product Manufacturing |
     |-----------------------------------------------------------------------|
     |     size |    share |      ybar |     skill  |       psi  |  logwage  |
     |  7963000 | .0263925 | 9.2031955 | -.2242447  |  .2177352  |  2.69434  |
     |-----------------------------------------------------------------------|
     |      educ   |    female   |  ind_ef~j   |  skill_adj   |         wc   |
     |  11.92832   |   .161222   |  .2125771   |    -.10727   |    3622780   |
     +-----------------------------------------------------------------------+

     +-----------------------------------------------------------------------+
  5. | naics3 |                                                        title |
     |    322 |                                          Paper Manufacturing |
     |-----------------------------------------------------------------------|
     |     size |    share |      ybar |     skill  |       psi  |  logwage  |
     | 10152000 | .0336478 | 9.5325463 | -.0954547  | .42831864  | 3.022015  |
     |-----------------------------------------------------------------------|
     |      educ   |    female   |  ind_ef~j   |  skill_adj   |         wc   |
     |  12.84605   |   .248675   |  .4368421   |  -.0038604   |    3497460   |
     +-----------------------------------------------------------------------+

     +-----------------------------------------------------------------------+
  6. | naics3 |                                                        title |
     |    323 |                      Printing and Related Support Activities |
     |-----------------------------------------------------------------------|
     |     size |    share |      ybar |     skill  |       psi  |  logwage  |
     | 10570000 | .0350332 |     9.282 | -.1272603  |     .2163  |  2.84774  |
     |-----------------------------------------------------------------------|
     |      educ   |    female   |  ind_ef~j   |  skill_adj   |         wc   |
     |  12.88877   |  .3508196   |  .2605979   |  -.0018906   |    4806987   |
     +-----------------------------------------------------------------------+

     +-----------------------------------------------------------------------+
  7. | naics3 |                                                        title |
     |    324 |                    Petroleum and Coal Products Manufacturing |
     |-----------------------------------------------------------------------|
     |     size |    share |      ybar |     skill  |       psi  |  logwage  |
     |  3269000 | .0108348 |     10.05 |  .2197398  |     .6214  |  3.38678  |
     |-----------------------------------------------------------------------|
     |      educ   |    female   |  ind_ef~j   |  skill_adj   |         wc   |
     |  13.69182   |  .1838756   |  .6935542   |   .1041923   |    1826719   |
     +-----------------------------------------------------------------------+

     +-----------------------------------------------------------------------+
  8. | naics3 |                                                        title |
     |    325 |                                       Chemical Manufacturing |
     |-----------------------------------------------------------------------|
     |     size |    share |      ybar |     skill  |       psi  |  logwage  |
     | 21503000 | .0712695 | 9.7771006 |  .1055247  | .46533688  | 3.250588  |
     |-----------------------------------------------------------------------|
     |      educ   |    female   |  ind_ef~j   |  skill_adj   |         wc   |
     |  14.19655   |  .3543681   |  .5198529   |   .1417021   |   1.16e+07   |
     +-----------------------------------------------------------------------+

     +-----------------------------------------------------------------------+
  9. | naics3 |                                                        title |
     |    326 |                   Plastics and Rubber Products Manufacturing |
     |-----------------------------------------------------------------------|
     |     size |    share |      ybar |     skill  |       psi  |  logwage  |
     | 16766000 | .0555692 | 9.3204719 | -.1911986  | .30308083  | 2.832309  |
     |-----------------------------------------------------------------------|
     |      educ   |    female   |  ind_ef~j   |  skill_adj   |         wc   |
     |  12.53906   |  .2930179   |  .3048664   |  -.0615907   |    4854441   |
     +-----------------------------------------------------------------------+

     +-----------------------------------------------------------------------+
 10. | naics3 |                                                        title |
     |    327 |                    Nonmetallic Mineral Product Manufacturing |
     |-----------------------------------------------------------------------|
     |     size |    share |      ybar |     skill  |       psi  |  logwage  |
     |  9493000 | .0314636 | 9.4204772 | -.1242581  | .33743568  | 2.893077  |
     |-----------------------------------------------------------------------|
     |      educ   |    female   |  ind_ef~j   |  skill_adj   |         wc   |
     |  12.43926   |  .1952118   |  .3370236   |  -.0329798   |    3661429   |
     +-----------------------------------------------------------------------+

     +-----------------------------------------------------------------------+
 11. | naics3 |                                                        title |
     |    331 |                                  Primary Metal Manufacturing |
     |-----------------------------------------------------------------------|
     |     size |    share |      ybar |     skill  |       psi  |  logwage  |
     | 10323000 | .0342145 |  9.565383 | -.1168634  | .48025375  | 2.986308  |
     |-----------------------------------------------------------------------|
     |      educ   |    female   |  ind_ef~j   |  skill_adj   |         wc   |
     |  12.57959   |  .1441454   |  .4213585   |  -.0240839   |    4589318   |
     +-----------------------------------------------------------------------+

     +-----------------------------------------------------------------------+
 12. | naics3 |                                                        title |
     |    332 |                       Fabricated Metal Product Manufacturing |
     |-----------------------------------------------------------------------|
     |     size |    share |      ybar |     skill  |       psi  |  logwage  |
     | 33973000 |    .1126 | 9.3863793 | -.0951076  |  .2831072  |   2.8809  |
     |-----------------------------------------------------------------------|
     |      educ   |    female   |  ind_ef~j   |  skill_adj   |         wc   |
     |  12.45998   |  .1895817   |  .3218802   |  -.0300138   |   1.05e+07   |
     +-----------------------------------------------------------------------+

     +-----------------------------------------------------------------------+
 13. | naics3 |                                                        title |
     |    333 |                                      Machinery Manufacturing |
     |-----------------------------------------------------------------------|
     |     size |    share |      ybar |     skill  |       psi  |  logwage  |
     | 28393000 | .0941057 | 9.5432986 | -.0010662  | .34283593  | 3.028615  |
     |-----------------------------------------------------------------------|
     |      educ   |    female   |  ind_ef~j   |  skill_adj   |         wc   |
     |  13.24064   |  .2156532   |   .399381   |    .040201   |   1.09e+07   |
     +-----------------------------------------------------------------------+

     +-----------------------------------------------------------------------+
 14. | naics3 |                                                        title |
     |    334 |                Computer and Electronic Product Manufacturing |
     |-----------------------------------------------------------------------|
     |     size |    share |      ybar |     skill  |       psi  |  logwage  |
     | 29113000 |  .096492 |    9.8615 |  .2605822  | .42112437  | 3.357913  |
     |-----------------------------------------------------------------------|
     |      educ   |    female   |  ind_ef~j   |  skill_adj   |         wc   |
     |  14.67595   |  .3050948   |  .5098714   |   .2590083   |   1.06e+07   |
     +-----------------------------------------------------------------------+

     +-----------------------------------------------------------------------+
 15. | naics3 |                                                        title |
     |    335 | Electrical Equipment, Appliance, and Component Manufacturing |
     |-----------------------------------------------------------------------|
     |     size |    share |      ybar |     skill  |       psi  |  logwage  |
     | 10014000 | .0331904 | 9.4776484 | -.0630043  | .34009203  | 3.009463  |
     |-----------------------------------------------------------------------|
     |      educ   |    female   |  ind_ef~j   |  skill_adj   |         wc   |
     |  13.35165   |  .3071537   |  .3780414   |   .0423887   |    3778948   |
     +-----------------------------------------------------------------------+

     +-----------------------------------------------------------------------+
 16. | naics3 |                                                        title |
     |    336 |                       Transportation Equipment Manufacturing |
     |-----------------------------------------------------------------------|
     |     size |    share |      ybar |     skill  |       psi  |  logwage  |
     | 41335000 | .1370006 | 9.6458606 |  .0179803  | .42505105  |  3.10786  |
     |-----------------------------------------------------------------------|
     |      educ   |    female   |  ind_ef~j   |  skill_adj   |         wc   |
     |  13.47577   |  .2454524   |   .458662   |   .0601648   |   2.00e+07   |
     +-----------------------------------------------------------------------+

     +-----------------------------------------------------------------------+
 17. | naics3 |                                                        title |
     |    337 |                  Furniture and Related Product Manufacturing |
     |-----------------------------------------------------------------------|
     |     size |    share |      ybar |     skill  |       psi  |  logwage  |
     |  8434000 | .0279536 |  9.187783 | -.2102666  |  .1921963  | 2.705803  |
     |-----------------------------------------------------------------------|
     |      educ   |    female   |  ind_ef~j   |  skill_adj   |         wc   |
     |   12.0628   |  .2562547   |  .2159508   |  -.0991808   |    3715303   |
     +-----------------------------------------------------------------------+

     +-----------------------------------------------------------------------+
 18. | naics3 |                                                        title |
     |    339 |                                  Miscellaneous Manufacturing |
     |-----------------------------------------------------------------------|
     |     size |    share |      ybar |     skill  |       psi  |  logwage  |
     | 14025000 | .0464844 | 9.4247356 | -.0545133  | .28289634  | 2.923829  |
     |-----------------------------------------------------------------------|
     |      educ   |    female   |  ind_ef~j   |  skill_adj   |         wc   |
     |  13.09599   |  .3667558   |  .3143533   |   .0204428   |   1.46e+07   |
     +-----------------------------------------------------------------------+

     +-----------------------------------------------------------------------+
 19. | naics3 |                                                        title |
     |      . |                                                           SD |
     |-----------------------------------------------------------------------|
     |     size |    share |      ybar |     skill  |       psi  |  logwage  |
     |        . |        . | .21787692 |  .1533933  | .08724825  | .2096153  |
     |-----------------------------------------------------------------------|
     |      educ   |    female   |  ind_ef~j   |  skill_adj   |         wc   |
     |  .8339653   |  .0896797   |  .1091491   |   .1094384   |          .   |
     +-----------------------------------------------------------------------+

. 
. log close
      name:  <unnamed>
       log:  /accounts/projects/card/hurricane/replication/industries/portion3_
> postdisclosure/code/t3.log
  log type:  text
 closed on:   6 Oct 2023, 12:37:08
-------------------------------------------------------------------------------
