-------------------------------------------------------------------------------
      name:  <unnamed>
       log:  /accounts/projects/card/hurricane/replication/industries/portion3_
> postdisclosure/code/t4.log
  log type:  text
 opened on:   6 Oct 2023, 12:37:08

. 
. clear *

. estimates clear

. 
. * Table to relate national-level education, alphabar, ybar, psi
. local disclosure "Yi_1_tabs_T13T26.xlsx"

. 
. *Two samples -- one is LEHD only, the other is linked
. *Sample 1
. import excel using "${disclosure1}", sheet("2") cellrange(A3:E314) firstrow c
> lear
(5 vars, 311 obs)

. rename Industry4digitNAICS naics4

. rename Numberofpersonquarters Npq_t2

. tempfile lehdonly

. save `lehdonly'
file /tmp/St2401399.000001 saved as .dta format

. 
. /*  
> use "ind_data", clear
> merge 1:1 naics using "../acs/xwalk/naics_chars", assert(3) nogen
> gen naics1=floor(naics/1000)
> tab naics1, gen(naics1d)
> collapse (mean) ybar alpha psi logwage-wcount naics1d* (rawsum) npq [aw=npq],
>  by(naicsp)
> */
. use ${scratch}/merge_acs_lehd, clear

. tempfile lehdacs

. save `lehdacs'
file /tmp/St2401399.000002 saved as .dta format

. 
. use `lehdonly'

. eststo: reg alpha_j y_j [aw=Npq_t2], robust
(sum of wgt is 2,504,816,000)

Linear regression                               Number of obs     =        311
                                                F(1, 309)         =    1019.16
                                                Prob > F          =     0.0000
                                                R-squared         =     0.8672
                                                Root MSE          =     .06746

------------------------------------------------------------------------------
             |               Robust
     alpha_j | Coefficient  std. err.      t    P>|t|     [95% conf. interval]
-------------+----------------------------------------------------------------
         y_j |   .6185426   .0193753    31.92   0.000     .5804184    .6566667
       _cons |   3.621151   .1828306    19.81   0.000       3.2614    3.980901
------------------------------------------------------------------------------
(est1 stored)

. eststo: reg psi_j y_j [aw=Npq_t2], robust
(sum of wgt is 2,504,816,000)

Linear regression                               Number of obs     =        311
                                                F(1, 309)         =     414.67
                                                Prob > F          =     0.0000
                                                R-squared         =     0.7168
                                                Root MSE          =      .0652

------------------------------------------------------------------------------
             |               Robust
       psi_j | Coefficient  std. err.      t    P>|t|     [95% conf. interval]
-------------+----------------------------------------------------------------
         y_j |   .3721727   .0182765    20.36   0.000     .3362106    .4081348
       _cons |  -3.275356   .1725906   -18.98   0.000    -3.614957   -2.935754
------------------------------------------------------------------------------
(est2 stored)

. eststo: reg alpha_j psi_j [aw=Npq_t2], robust
(sum of wgt is 2,504,816,000)

Linear regression                               Number of obs     =        311
                                                F(1, 309)         =      54.02
                                                Prob > F          =     0.0000
                                                R-squared         =     0.3557
                                                Root MSE          =     .14861

------------------------------------------------------------------------------
             |               Robust
     alpha_j | Coefficient  std. err.      t    P>|t|     [95% conf. interval]
-------------+----------------------------------------------------------------
       psi_j |   .9011561   .1226036     7.35   0.000     .6599125      1.1424
       _cons |   9.243958   .0357066   258.89   0.000     9.173699    9.314217
------------------------------------------------------------------------------
(est3 stored)

. 
. use `lehdacs', clear

. assert educ<. 

. rename psi psi_j

. eststo: reg alpha psi_j [aw=npq], robust
(sum of wgt is 2,504,278,000)

Linear regression                               Number of obs     =        310
                                                F(1, 308)         =      53.89
                                                Prob > F          =     0.0000
                                                R-squared         =     0.3554
                                                Root MSE          =     .14858

------------------------------------------------------------------------------
             |               Robust
       alpha | Coefficient  std. err.      t    P>|t|     [95% conf. interval]
-------------+----------------------------------------------------------------
       psi_j |   .9004807   .1226642     7.34   0.000     .6591148    1.141847
       _cons |   9.244059   .0357133   258.84   0.000     9.173786    9.314332
------------------------------------------------------------------------------
(est4 stored)

. eststo: reg alpha skill_m3 [aw=npq], robust
(sum of wgt is 2,504,278,000)

Linear regression                               Number of obs     =        310
                                                F(1, 308)         =     222.39
                                                Prob > F          =     0.0000
                                                R-squared         =     0.7119
                                                Root MSE          =     .09933

------------------------------------------------------------------------------
             |               Robust
       alpha | Coefficient  std. err.      t    P>|t|     [95% conf. interval]
-------------+----------------------------------------------------------------
    skill_m3 |   1.040989   .0698057    14.91   0.000     .9036328    1.178345
       _cons |   6.439439   .1957308    32.90   0.000       6.0543    6.824578
------------------------------------------------------------------------------
(est5 stored)

. predict alphahat, xb

. predict alphar, r

. eststo: reg alpha psi_j skill_m3 [aw=npq], robust
(sum of wgt is 2,504,278,000)

Linear regression                               Number of obs     =        310
                                                F(2, 307)         =     180.55
                                                Prob > F          =     0.0000
                                                R-squared         =     0.7469
                                                Root MSE          =     .09326

------------------------------------------------------------------------------
             |               Robust
       alpha | Coefficient  std. err.      t    P>|t|     [95% conf. interval]
-------------+----------------------------------------------------------------
       psi_j |   .3298863   .0997391     3.31   0.001     .1336276    .5261451
    skill_m3 |   .9017211   .0838141    10.76   0.000     .7367984    1.066644
       _cons |   6.765325   .2234252    30.28   0.000     6.325687    7.204964
------------------------------------------------------------------------------
(est6 stored)

. eststo: reg alphahat psi_j [aw=npq], robust
(sum of wgt is 2,504,278,000)

Linear regression                               Number of obs     =        310
                                                F(1, 308)         =      18.35
                                                Prob > F          =     0.0000
                                                R-squared         =     0.2671
                                                Root MSE          =     .13367

------------------------------------------------------------------------------
             |               Robust
    alphahat | Coefficient  std. err.      t    P>|t|     [95% conf. interval]
-------------+----------------------------------------------------------------
       psi_j |   .6587209   .1537726     4.28   0.000     .3561431    .9612986
       _cons |   9.301006   .0500558   185.81   0.000     9.202511    9.399501
------------------------------------------------------------------------------
(est7 stored)

. eststo: reg alphar psi_j [aw=npq], robust
(sum of wgt is 2,504,278,000)

Linear regression                               Number of obs     =        310
                                                F(1, 308)         =       8.54
                                                Prob > F          =     0.0037
                                                R-squared         =     0.0889
                                                Root MSE          =     .09481

------------------------------------------------------------------------------
             |               Robust
      alphar | Coefficient  std. err.      t    P>|t|     [95% conf. interval]
-------------+----------------------------------------------------------------
       psi_j |   .2417597   .0827126     2.92   0.004     .0790065     .404513
       _cons |  -.0569469   .0256225    -2.22   0.027    -.1073641   -.0065296
------------------------------------------------------------------------------
(est8 stored)

. 
. /* 
> eststo: reg alpha educ [aw=npq], robust
> predict alphahat, xb
> predict alphar, r
> eststo: reg alpha psi_j educ [aw=npq], robust
> eststo: reg alphahat psi_j [aw=npq], robust
> eststo: reg alphar psi_j [aw=npq], robust
> */
.  
. esttab, b(4) se nostar r2

-------------------------------------------------------------------------------
> -------------------------------------
                      (1)          (2)          (3)          (4)          (5)  
>         (6)          (7)          (8)
                  alpha_j        psi_j      alpha_j        alpha        alpha  
>       alpha     alphahat       alphar
-------------------------------------------------------------------------------
> -------------------------------------
y_j                0.6185       0.3722                                         
>                                      
                 (0.0194)     (0.0183)                                         
>                                      

psi_j                                        0.9012       0.9005               
>      0.3299       0.6587       0.2418
                                           (0.1226)     (0.1227)               
>    (0.0997)     (0.1538)     (0.0827)

skill_m3                                                               1.0410  
>      0.9017                          
                                                                     (0.0698)  
>    (0.0838)                          

_cons              3.6212      -3.2754       9.2440       9.2441       6.4394  
>      6.7653       9.3010      -0.0569
                 (0.1828)     (0.1726)     (0.0357)     (0.0357)     (0.1957)  
>    (0.2234)     (0.0501)     (0.0256)
-------------------------------------------------------------------------------
> -------------------------------------
N                     311          311          311          310          310  
>         310          310          310
R-sq                0.867        0.717        0.356        0.355        0.712  
>       0.747        0.267        0.089
-------------------------------------------------------------------------------
> -------------------------------------
Standard errors in parentheses

. esttab using ${results}/t4.csv, b(4) se nostar r2 replace
(file
    /accounts/projects/card/hurricane/replication/industries/portion3_postdis
    > closure/results/t4.csv not found)
(output written to ~/replication/industries/portion3_postdisclosure/results/t4.
> csv)

. 
. estimates clear

. eststo: reg ind_effects_m1 psi_j [aw=npq], robust
(sum of wgt is 2,504,278,000)

Linear regression                               Number of obs     =        310
                                                F(1, 308)         =     289.79
                                                Prob > F          =     0.0000
                                                R-squared         =     0.6454
                                                Root MSE          =     .11252

------------------------------------------------------------------------------
             |               Robust
ind_effect~1 | Coefficient  std. err.      t    P>|t|     [95% conf. interval]
-------------+----------------------------------------------------------------
       psi_j |   1.239026   .0727846    17.02   0.000     1.095808    1.382244
       _cons |  -.2523914   .0172982   -14.59   0.000     -.286429   -.2183539
------------------------------------------------------------------------------
(est1 stored)

. eststo: reg ind_effects_m2 psi_j [aw=npq], robust
(sum of wgt is 2,504,278,000)

Linear regression                               Number of obs     =        310
                                                F(1, 308)         =     334.69
                                                Prob > F          =     0.0000
                                                R-squared         =     0.6774
                                                Root MSE          =      .0988

------------------------------------------------------------------------------
             |               Robust
ind_effect~2 | Coefficient  std. err.      t    P>|t|     [95% conf. interval]
-------------+----------------------------------------------------------------
       psi_j |   1.168636   .0638788    18.29   0.000     1.042942     1.29433
       _cons |  -.2395208   .0162723   -14.72   0.000    -.2715398   -.2075018
------------------------------------------------------------------------------
(est2 stored)

. eststo: reg ind_effects_m3 psi_j [aw=npq], robust
(sum of wgt is 2,504,278,000)

Linear regression                               Number of obs     =        310
                                                F(1, 308)         =     417.31
                                                Prob > F          =     0.0000
                                                R-squared         =     0.7101
                                                Root MSE          =     .09126

------------------------------------------------------------------------------
             |               Robust
ind_effect~3 | Coefficient  std. err.      t    P>|t|     [95% conf. interval]
-------------+----------------------------------------------------------------
       psi_j |   1.165872   .0570716    20.43   0.000     1.053573    1.278172
       _cons |  -.2390813   .0156121   -15.31   0.000    -.2698011   -.2083614
------------------------------------------------------------------------------
(est3 stored)

. // without robust to get adjusted r2
. eststo: reg ind_effects_m1 psi_j [aw=npq]
(sum of wgt is 2,504,278,000)

      Source |       SS           df       MS      Number of obs   =       310
-------------+----------------------------------   F(1, 308)       =    560.54
       Model |  7.09731894         1  7.09731894   Prob > F        =    0.0000
    Residual |  3.89976941       308  .012661589   R-squared       =    0.6454
-------------+----------------------------------   Adj R-squared   =    0.6442
       Total |  10.9970883       309  .035589283   Root MSE        =    .11252

------------------------------------------------------------------------------
ind_effect~1 | Coefficient  Std. err.      t    P>|t|     [95% conf. interval]
-------------+----------------------------------------------------------------
       psi_j |   1.239026   .0523332    23.68   0.000      1.13605    1.342001
       _cons |  -.2523914   .0138853   -18.18   0.000    -.2797135   -.2250693
------------------------------------------------------------------------------
(est4 stored)

. eststo: reg ind_effects_m2 psi_j [aw=npq]
(sum of wgt is 2,504,278,000)

      Source |       SS           df       MS      Number of obs   =       310
-------------+----------------------------------   F(1, 308)       =    646.80
       Model |  6.31382407         1  6.31382407   Prob > F        =    0.0000
    Residual |  3.00658109       308  .009761627   R-squared       =    0.6774
-------------+----------------------------------   Adj R-squared   =    0.6764
       Total |  9.32040516       309  .030163123   Root MSE        =     .0988

------------------------------------------------------------------------------
ind_effect~2 | Coefficient  Std. err.      t    P>|t|     [95% conf. interval]
-------------+----------------------------------------------------------------
       psi_j |   1.168636   .0459509    25.43   0.000     1.078219    1.259054
       _cons |  -.2395208    .012192   -19.65   0.000    -.2635109   -.2155307
------------------------------------------------------------------------------
(est5 stored)

. eststo: reg ind_effects_m3 psi_j [aw=npq]
(sum of wgt is 2,504,278,000)

      Source |       SS           df       MS      Number of obs   =       310
-------------+----------------------------------   F(1, 308)       =    754.55
       Model |  6.28399067         1  6.28399067   Prob > F        =    0.0000
    Residual |  2.56506165       308  .008328122   R-squared       =    0.7101
-------------+----------------------------------   Adj R-squared   =    0.7092
       Total |  8.84905232       309   .02863771   Root MSE        =    .09126

------------------------------------------------------------------------------
ind_effect~3 | Coefficient  Std. err.      t    P>|t|     [95% conf. interval]
-------------+----------------------------------------------------------------
       psi_j |   1.165872   .0424431    27.47   0.000     1.082357    1.249387
       _cons |  -.2390813   .0112612   -21.23   0.000      -.26124   -.2169226
------------------------------------------------------------------------------
(est6 stored)

. esttab, b(4) se nostar r2 ar2

-------------------------------------------------------------------------------
> -----------
                      (1)          (2)          (3)          (4)          (5)  
>         (6)
             ind_effect~1 ind_effect~2 ind_effect~3 ind_effect~1 ind_effect~2 i
> nd_effect~3
-------------------------------------------------------------------------------
> -----------
psi_j              1.2390       1.1686       1.1659       1.2390       1.1686  
>      1.1659
                 (0.0728)     (0.0639)     (0.0571)     (0.0523)     (0.0460)  
>    (0.0424)

_cons             -0.2524      -0.2395      -0.2391      -0.2524      -0.2395  
>     -0.2391
                 (0.0173)     (0.0163)     (0.0156)     (0.0139)     (0.0122)  
>    (0.0113)
-------------------------------------------------------------------------------
> -----------
N                     310          310          310          310          310  
>         310
R-sq                0.645        0.677        0.710        0.645        0.677  
>       0.710
adj. R-sq           0.644        0.676        0.709        0.644        0.676  
>       0.709
-------------------------------------------------------------------------------
> -----------
Standard errors in parentheses

. 
. log close
      name:  <unnamed>
       log:  /accounts/projects/card/hurricane/replication/industries/portion3_
> postdisclosure/code/t4.log
  log type:  text
 closed on:   6 Oct 2023, 12:37:10
-------------------------------------------------------------------------------
