The SAS System                                                   18:01 Thursday, October 5, 2023   1

The FREQ Procedure

                                 Cumulative    Cumulative
AGEP    Frequency     Percent     Frequency      Percent
---------------------------------------------------------
   .           1        0.00             1         0.00  
   0       31078        0.99         31079         0.99  
   1       31983        1.02         63062         2.00  
   2       32599        1.04         95661         3.04  
   3       32889        1.05        128550         4.08  
   4       33410        1.06        161960         5.15  
   5       34805        1.11        196765         6.25  
   6       35624        1.13        232389         7.38  
   7       37361        1.19        269750         8.57  
   8       37816        1.20        307566         9.77  
   9       37415        1.19        344981        10.96  
  10       37378        1.19        382359        12.15  
  11       37713        1.20        420072        13.35  
  12       37488        1.19        457560        14.54  
  13       38115        1.21        495675        15.75  
  14       39491        1.25        535166        17.01  
  15       40080        1.27        575246        18.28  
  16       40474        1.29        615720        19.57  
  17       40670        1.29        656390        20.86  
  18       45679        1.45        702069        22.31  
  19       43545        1.38        745614        23.69  
  20       40054        1.27        785668        24.97  
  21       38540        1.22        824208        26.19  
  22       37053        1.18        861261        27.37  
  23       36575        1.16        897836        28.53  
  24       37032        1.18        934868        29.71  
  25       38299        1.22        973167        30.92  
  26       36971        1.17       1010138        32.10  
  27       36626        1.16       1046764        33.26  
  28       36567        1.16       1083331        34.42  
  29       36552        1.16       1119883        35.59  
  30       38604        1.23       1158487        36.81  
  31       36507        1.16       1194994        37.97  
  32       37340        1.19       1232334        39.16  
  33       37193        1.18       1269527        40.34  
  34       37578        1.19       1307105        41.53  
  35       38581        1.23       1345686        42.76  
  36       36144        1.15       1381830        43.91  
  37       35276        1.12       1417106        45.03  
  38       35753        1.14       1452859        46.17  
  39       34779        1.11       1487638        47.27  
  40       36890        1.17       1524528        48.44  
  41       34552        1.10       1559080        49.54  
  42       36229        1.15       1595309        50.69  
  43       37602        1.19       1632911        51.89  
  44       40150        1.28       1673061        53.16  
  45       41723        1.33       1714784        54.49  
  46       39538        1.26       1754322        55.75  
  47       38889        1.24       1793211        56.98  
  48       39626        1.26       1832837        58.24  
  49       41047        1.30       1873884        59.54  
  50       45992        1.46       1919876        61.01  
  51       44930        1.43       1964806        62.43  
The SAS System                                                   18:01 Thursday, October 5, 2023   2

The FREQ Procedure

                                 Cumulative    Cumulative
AGEP    Frequency     Percent     Frequency      Percent
---------------------------------------------------------
  52       46544        1.48       2011350        63.91  
  53       46612        1.48       2057962        65.39  
  54       47542        1.51       2105504        66.90  
  55       48500        1.54       2154004        68.45  
  56       47348        1.50       2201352        69.95  
  57       47737        1.52       2249089        71.47  
  58       47696        1.52       2296785        72.98  
  59       46292        1.47       2343077        74.45  
  60       46919        1.49       2389996        75.95  
  61       44656        1.42       2434652        77.36  
  62       44317        1.41       2478969        78.77  
  63       43201        1.37       2522170        80.15  
  64       41453        1.32       2563623        81.46  
  65       41178        1.31       2604801        82.77  
  66       39960        1.27       2644761        84.04  
  67       40211        1.28       2684972        85.32  
  68       40647        1.29       2725619        86.61  
  69       31505        1.00       2757124        87.61  
  70       30815        0.98       2787939        88.59  
  71       29601        0.94       2817540        89.53  
  72       29868        0.95       2847408        90.48  
  73       26647        0.85       2874055        91.33  
  74       24041        0.76       2898096        92.09  
  75       22544        0.72       2920640        92.81  
  76       21276        0.68       2941916        93.48  
  77       20410        0.65       2962326        94.13  
  78       18967        0.60       2981293        94.73  
  79       17582        0.56       2998875        95.29  
  80       16910        0.54       3015785        95.83  
  81       14982        0.48       3030767        96.31  
  82       14236        0.45       3045003        96.76  
  83       13380        0.43       3058383        97.18  
  84       12527        0.40       3070910        97.58  
  85       11723        0.37       3082633        97.95  
  86       10547        0.34       3093180        98.29  
  87        9462        0.30       3102642        98.59  
  88        8244        0.26       3110886        98.85  
  89        6604        0.21       3117490        99.06  
  90        4898        0.16       3122388        99.22  
  91        1952        0.06       3124340        99.28  
  92        3371        0.11       3127711        99.39  
  93        4722        0.15       3132433        99.54  
  94       11616        0.37       3144049        99.91  
  95        2891        0.09       3146940       100.00  
  97          66        0.00       3147006       100.00  
The SAS System                                                   18:01 Thursday, October 5, 2023   3

The MEANS Procedure

Variable           N            Mean         Std Dev         Minimum         Maximum
------------------------------------------------------------------------------------
SERIALNO     1988371       756504.57       436788.78       1.0000000      1513310.00
SPORDER      1988371       1.7315008       1.0439664       1.0000000      20.0000000
PUMA         1988371         4632.69         9353.27     100.0000000        70301.00
ST           1988371      27.6478841      16.0619047       1.0000000      56.0000000
ADJINC       1988371      1001264.00               0      1001264.00      1001264.00
PWGTP        1988371     104.0942133      84.4888738       1.0000000         2462.00
AGEP         1988371      42.8767519      14.3020873      18.0000000      66.0000000
CIT          1988371       1.5400481       1.2626379       1.0000000       5.0000000
CITWP         143931         1999.63      11.6423910         1949.00         2015.00
COW          1678384       2.1027208       1.8917386       1.0000000       9.0000000
ENG           388046       1.6758786       0.9284356       1.0000000       4.0000000
FER           631692       1.9454054       0.2271875       1.0000000       2.0000000
INTP         1988371         1516.00        15093.09        -6600.00       445000.00
JWMNP        1268349      26.8608924      22.8705303       1.0000000     165.0000000
LANX         1988371       1.8048423       0.3963222       1.0000000       2.0000000
MAR          1988371       2.5678960       1.8018604       1.0000000       5.0000000
MARHD        1360071       1.9867250       0.1144501       1.0000000       2.0000000
MARHM        1360071       1.9689854       0.1733571       1.0000000       2.0000000
MARHT        1360071       1.2945839       0.5575555       1.0000000       3.0000000
MARHW        1360071       1.9959995       0.0631231       1.0000000       2.0000000
MARHYP       1360071         1995.28      12.6428025         1964.00         2015.00
MIG          1988371       1.3023887       0.7118383       1.0000000       3.0000000
MIL          1988371       3.8639816       0.5091192       1.0000000       4.0000000
MLPCD         120217       0.3912591       0.4880342               0       1.0000000
MLPFG         120217     0.000099819       0.0099905               0       1.0000000
OIP          1988371     531.3400970         3805.15               0        89000.00
PAP          1988371      42.6723182     538.7463133               0        30000.00
RELP         1988371       2.6205044       4.8199406               0      17.0000000
RETP         1988371         1356.40         8120.99               0       333000.00
SCH          1988371       1.1518555       0.4374762       1.0000000       3.0000000
SCHG          239719      15.0025572       0.6719088       8.0000000      16.0000000
SCHL         1988371      18.1382378       3.5247626       1.0000000      24.0000000
SEMP         1988371         2169.38        17075.50        -9500.00       527000.00
SEX          1988371       1.5069607       0.4999517       1.0000000       2.0000000
SSIP         1988371     267.7815911         1706.27               0        30000.00
SSP          1988371         1023.47         3915.55               0        50000.00
WAGP         1988371        34174.36        54238.24               0       658000.00
WKHP         1500430      38.8788214      12.7907894       1.0000000      99.0000000
WKL          1988371       1.4087215       0.7538679       1.0000000       3.0000000
WKW          1500430       1.8094360       1.5520037       1.0000000       6.0000000
WRK          1803509       1.3057850       0.4607392       1.0000000       2.0000000
YOEP          322689         1993.71      13.8569593         1948.00         2015.00
DECADE        322689       5.8101950       1.2648327       1.0000000       7.0000000
DIS          1988371       1.8799580       0.3250107       1.0000000       2.0000000
ESP                0               .               .               .               .
ESR          1988371       2.4871480       2.2105657       1.0000000       6.0000000
FHICOVP      1988371       0.1225692       0.3279421               0       1.0000000
FOD1P         592249         4370.64         1721.64         1100.00         6403.00
FOD2P          61339         4371.17         1703.48         1100.00         6403.00
HICOV        1988371       1.1138646       0.3176468       1.0000000       2.0000000
HISP         1988371       1.5797404       2.6995492       1.0000000      24.0000000
INDP         1678384         6368.64         2656.06     170.0000000         9920.00
LANP          388046     656.2603789      58.3658095     601.0000000     994.0000000
------------------------------------------------------------------------------------
The SAS System                                                   18:01 Thursday, October 5, 2023   4

The MEANS Procedure

Variable           N            Mean         Std Dev         Minimum         Maximum
------------------------------------------------------------------------------------
MIGPUMA       307217         4592.97         9608.38       1.0000000        70100.00
MIGSP         307217      37.3834521      53.0210729       1.0000000     555.0000000
MSP          1988371       3.0605933       2.2555364       1.0000000       6.0000000
NATIVITY     1988371       1.1466472       0.3537539       1.0000000       2.0000000
NOP                0               .               .               .               .
OC           1988371               0               0               0               0
OCCP         1678384         4300.43         2629.48      10.0000000         9920.00
PAOC          969292       3.3512739       1.0147891       1.0000000       4.0000000
PERNP        1988371        36343.74        56877.10        -9500.00      1164000.00
PINCP        1988371        41081.40        60182.67       -12800.00      1655000.00
POBP         1988371      66.3343440      93.7916605       1.0000000     554.0000000
POVPIP       1897665     324.6543036     165.7526660               0     501.0000000
POWPUMA      1331244         4627.55         9516.45       1.0000000        70100.00
POWSP        1331244      27.9600937      17.6796899       1.0000000     555.0000000
PRIVCOV      1988371       1.2671071       0.4424489       1.0000000       2.0000000
PUBCOV       1988371       1.7890072       0.4080134       1.0000000       2.0000000
QTRBIR       1988371       2.5198673       1.1134023       1.0000000       4.0000000
RAC1P        1988371       1.8779785       2.0579411       1.0000000       9.0000000
RAC2P        1988371       8.0146492      18.6527297       1.0000000      68.0000000
RAC3P        1988371       2.6951786       6.1565006       1.0000000     100.0000000
RACAIAN      1988371       0.0193601       0.1377870               0       1.0000000
RACASN       1988371       0.0632573       0.2434252               0       1.0000000
RACBLK       1988371       0.1145274       0.3184508               0       1.0000000
RACNH        1988371       0.0017638       0.0419600               0       1.0000000
RACNUM       1988371       1.0253549       0.1721298       1.0000000       5.0000000
RACPI        1988371       0.0020992       0.0457690               0       1.0000000
RACSOR       1988371       0.0428899       0.2026089               0       1.0000000
RACWHT       1988371       0.7815423       0.4131997               0       1.0000000
RC           1988371               0               0               0               0
SCIENGP       592249       1.6302028       0.4827501       1.0000000       2.0000000
SCIENGRLP     592249       1.8954831       0.3059301       1.0000000       2.0000000
SFN            46419       1.0185700       0.1400154       1.0000000       4.0000000
SFR            46419       2.3236175       0.8265571       1.0000000       3.0000000
VPS           120217       5.4857466       3.9410985       1.0000000      13.0000000
WAOB         1988371       1.4505190       1.1103175       1.0000000       8.0000000
FANCP        1988371               0               0               0               0
FCOWP        1988371       0.0984519       0.2979248               0       1.0000000
FHINS3P      1988371       0.0965479       0.2953412               0       1.0000000
FHINS4P      1988371       0.1033001       0.3043506               0       1.0000000
FMARHMP      1988371       0.0418076       0.2001493               0       1.0000000
FMIGP        1988371       0.0695288       0.2543512               0       1.0000000
FMIGSP       1988371       0.0207466       0.1425350               0       1.0000000
FPERNP       1988371       0.1886901       0.3912624               0       1.0000000
FPINCP       1988371       0.2579649       0.4375147               0       1.0000000
FSEMP        1988371       0.1055432       0.3072521               0       1.0000000
FSEXP        1988371     0.000452632       0.0212703               0       1.0000000
FWAGP        1988371       0.1819193       0.3857781               0       1.0000000
------------------------------------------------------------------------------------
