The SAS System                                                   18:20 Thursday, October 5, 2023   1

The FREQ Procedure

                                 Cumulative    Cumulative
AGEP    Frequency     Percent     Frequency      Percent
---------------------------------------------------------
   .           1        0.00             1         0.00  
   0       31127        0.98         31128         0.98  
   1       32162        1.01         63290         1.98  
   2       32892        1.03         96182         3.02  
   3       33649        1.05        129831         4.07  
   4       33836        1.06        163667         5.13  
   5       34253        1.07        197920         6.20  
   6       34906        1.09        232826         7.30  
   7       35909        1.13        268735         8.42  
   8       36976        1.16        305711         9.58  
   9       38605        1.21        344316        10.79  
  10       39211        1.23        383527        12.02  
  11       38515        1.21        422042        13.23  
  12       38693        1.21        460735        14.44  
  13       38505        1.21        499240        15.65  
  14       38965        1.22        538205        16.87  
  15       39323        1.23        577528        18.10  
  16       40666        1.27        618194        19.38  
  17       41121        1.29        659315        20.67  
  18       45698        1.43        705013        22.10  
  19       43820        1.37        748833        23.47  
  20       39766        1.25        788599        24.72  
  21       37720        1.18        826319        25.90  
  22       36332        1.14        862651        27.04  
  23       35694        1.12        898345        28.16  
  24       36698        1.15        935043        29.31  
  25       37603        1.18        972646        30.49  
  26       38180        1.20       1010826        31.69  
  27       38753        1.21       1049579        32.90  
  28       38329        1.20       1087908        34.10  
  29       37913        1.19       1125821        35.29  
  30       39441        1.24       1165262        36.53  
  31       38130        1.20       1203392        37.72  
  32       38577        1.21       1241969        38.93  
  33       38071        1.19       1280040        40.13  
  34       39083        1.23       1319123        41.35  
  35       39792        1.25       1358915        42.60  
  36       38582        1.21       1397497        43.81  
  37       38688        1.21       1436185        45.02  
  38       37494        1.18       1473679        46.20  
  39       36658        1.15       1510337        47.35  
  40       38274        1.20       1548611        48.55  
  41       35398        1.11       1584009        49.65  
  42       36286        1.14       1620295        50.79  
  43       35545        1.11       1655840        51.91  
  44       36158        1.13       1691998        53.04  
  45       39518        1.24       1731516        54.28  
  46       40819        1.28       1772335        55.56  
  47       41407        1.30       1813742        56.86  
  48       40006        1.25       1853748        58.11  
  49       39427        1.24       1893175        59.35  
  50       42160        1.32       1935335        60.67  
  51       41058        1.29       1976393        61.96  
The SAS System                                                   18:20 Thursday, October 5, 2023   2

The FREQ Procedure

                                 Cumulative    Cumulative
AGEP    Frequency     Percent     Frequency      Percent
---------------------------------------------------------
  52       43969        1.38       2020362        63.33  
  53       45354        1.42       2065716        64.76  
  54       46616        1.46       2112332        66.22  
  55       47426        1.49       2159758        67.70  
  56       47389        1.49       2207147        69.19  
  57       47394        1.49       2254541        70.67  
  58       47454        1.49       2301995        72.16  
  59       48103        1.51       2350098        73.67  
  60       48929        1.53       2399027        75.20  
  61       46105        1.45       2445132        76.65  
  62       46143        1.45       2491275        78.10  
  63       44804        1.40       2536079        79.50  
  64       43634        1.37       2579713        80.87  
  65       43343        1.36       2623056        82.23  
  66       40790        1.28       2663846        83.51  
  67       39768        1.25       2703614        84.75  
  68       39334        1.23       2742948        85.98  
  69       39025        1.22       2781973        87.21  
  70       39602        1.24       2821575        88.45  
  71       30116        0.94       2851691        89.39  
  72       28904        0.91       2880595        90.30  
  73       28062        0.88       2908657        91.18  
  74       28425        0.89       2937082        92.07  
  75       25018        0.78       2962100        92.85  
  76       22289        0.70       2984389        93.55  
  77       20690        0.65       3005079        94.20  
  78       19595        0.61       3024674        94.82  
  79       18246        0.57       3042920        95.39  
  80       16848        0.53       3059768        95.92  
  81       15418        0.48       3075186        96.40  
  82       14372        0.45       3089558        96.85  
  83       12818        0.40       3102376        97.25  
  84       11836        0.37       3114212        97.62  
  85       11089        0.35       3125301        97.97  
  86       10396        0.33       3135697        98.30  
  87        9272        0.29       3144969        98.59  
  88        8297        0.26       3153266        98.85  
  89        6466        0.20       3159732        99.05  
  90        4870        0.15       3164602        99.20  
  91        1899        0.06       3166501        99.26  
  92        3587        0.11       3170088        99.37  
  93        4833        0.15       3174921        99.53  
  94       10248        0.32       3185169        99.85  
  95        4764        0.15       3189933       100.00  
  96         108        0.00       3190041       100.00  
The SAS System                                                   18:20 Thursday, October 5, 2023   3

The MEANS Procedure

Variable           N            Mean         Std Dev         Minimum         Maximum
------------------------------------------------------------------------------------
SERIALNO     2004531    2.0170007E12       427565.36        2.017E12    2.0170015E12
DIVISION     2004531       5.2237725       2.5208874       1.0000000       9.0000000
SPORDER      2004531       1.7337637       1.0458278       1.0000000      20.0000000
PUMA         2004531         4651.44         9366.43     100.0000000        70301.00
REGION       2004531       2.6665863       1.0261518       1.0000000       4.0000000
ST           2004531      27.6610958      16.0891403       1.0000000      56.0000000
ADJINC       2004531      1011189.00               0      1011189.00      1011189.00
PWGTP        2004531     104.0003507      84.9959289       1.0000000         2401.00
AGEP         2004531      42.8653665      14.3385925      18.0000000      66.0000000
CIT          2004531       1.5464006       1.2656020       1.0000000       5.0000000
CITWP         150984         2001.31      11.6271613         1951.00         2017.00
COW          1701097       2.0883001       1.8724132       1.0000000       9.0000000
ENG           398217       1.6378357       0.9018560       1.0000000       4.0000000
FER           636591       1.9437865       0.2303337       1.0000000       2.0000000
INTP         2004531         1512.89        15038.31        -4800.00       414000.00
JWMNP        1297344      27.3298377      23.0838599       1.0000000     160.0000000
LANX         2004531       1.8013416       0.3989904       1.0000000       2.0000000
MAR          2004531       2.5803348       1.8078047       1.0000000       5.0000000
MARHD        1361579       1.9869328       0.1135625       1.0000000       2.0000000
MARHM        1361579       1.9684910       0.1746889       1.0000000       2.0000000
MARHT        1361579       1.2860965       0.5509371       1.0000000       3.0000000
MARHW        1361579       1.9960560       0.0626769       1.0000000       2.0000000
MARHYP       1361579         1997.48      12.6522534         1966.00         2017.00
MIG          2004531       1.3035049       0.7130043       1.0000000       3.0000000
MIL          2004531       3.8750501       0.4901866       1.0000000       4.0000000
MLPCD         111074       0.4141563       0.4925780               0       1.0000000
MLPFG         111074               0               0               0               0
OIP          2004531     512.7579838         3809.34               0        90000.00
PAP          2004531      39.1881043     546.2551780               0        30000.00
RELP         2004531       2.6459326       4.8384316               0      17.0000000
RETP         2004531         1346.78         8423.06               0       195000.00
SCH          2004531       1.1491237       0.4342420       1.0000000       3.0000000
SCHG          237103      15.0125515       0.6674380       8.0000000      16.0000000
SCHL         2004531      18.2444627       3.4969670       1.0000000      24.0000000
SEMP         2004531         2262.15        17737.13        -9000.00       524000.00
SEX          2004531       1.5059882       0.4999643       1.0000000       2.0000000
SSIP         2004531     259.8090875         1695.57               0        30000.00
SSP          2004531     969.5090572         3856.05               0        50000.00
WAGP         2004531        37085.64        57832.84               0       736000.00
WKHP         1533592      38.9809108      12.5884091       1.0000000      99.0000000
WKL          2004531       1.3921192       0.7434553       1.0000000       3.0000000
WKW          1533592       1.7690650       1.5165757       1.0000000       6.0000000
WRK          1818451       1.2915960       0.4544974       1.0000000       2.0000000
YOEP          330629         1995.49      14.0933925         1950.00         2017.00
DECADE        330629       6.1083964       1.4323954       2.0000000       8.0000000
DIS          2004531       1.8820068       0.3226001       1.0000000       2.0000000
ESP                0               .               .               .               .
ESR          2004531       2.4387380       2.1969530       1.0000000       6.0000000
FOD1P         627401         4376.53         1719.94         1100.00         6403.00
FOD2P          70608         4369.30         1707.70         1100.00         6403.00
HICOV        2004531       1.1067876       0.3088431       1.0000000       2.0000000
HISP         2004531       1.6132916       2.7853979       1.0000000      24.0000000
INDP         1701097         6385.94         2639.06     170.0000000         9920.00
------------------------------------------------------------------------------------
The SAS System                                                   18:20 Thursday, October 5, 2023   4

The MEANS Procedure

Variable           N            Mean         Std Dev         Minimum         Maximum
------------------------------------------------------------------------------------
LANP          398217         1636.65         1044.42         1000.00         9999.00
MIGPUMA       310727         4566.00         9501.82       1.0000000        70100.00
MIGSP         310727      37.2969230      52.6109585       1.0000000     555.0000000
MSP          2004531       3.0755324       2.2613379       1.0000000       6.0000000
NATIVITY     2004531       1.1487111       0.3558036       1.0000000       2.0000000
NOP                0               .               .               .               .
OC           1890465               0               0               0               0
OCCP         1701097         4234.68         2630.90      10.0000000         9920.00
PAOC          974465       3.3552277       1.0121049       1.0000000       4.0000000
PERNP        2004531        39347.79        60557.36        -9000.00      1130000.00
PINCP        2004531        43988.72        63641.15        -9100.00      1461000.00
POBP         2004531      66.7942032      94.2332908       1.0000000     554.0000000
POVPIP       1912815     332.6629104     164.6720537               0     501.0000000
POWPUMA      1369648         4640.90         9500.19       1.0000000        70100.00
POWSP        1369648      27.9486919      17.7016768       1.0000000     555.0000000
PRIVCOV      2004531       1.2639640       0.4407801       1.0000000       2.0000000
PUBCOV       2004531       1.7853553       0.4105758       1.0000000       2.0000000
QTRBIR       2004531       2.5161901       1.1126404       1.0000000       4.0000000
RAC1P        2004531       1.9195203       2.1088162       1.0000000       9.0000000
RAC2P        2004531       8.4125434      19.1036729       1.0000000      68.0000000
RAC3P        2004531       2.7952948       6.4191602       1.0000000     100.0000000
RACAIAN      2004531       0.0197612       0.1391788               0       1.0000000
RACASN       2004531       0.0679905       0.2517296               0       1.0000000
RACBLK       2004531       0.1112709       0.3144674               0       1.0000000
RACNH        2004531       0.0019770       0.0444197               0       1.0000000
RACNUM       2004531       1.0274024       0.1797907       1.0000000       6.0000000
RACPI        2004531       0.0022020       0.0468739               0       1.0000000
RACSOR       2004531       0.0448090       0.2068844               0       1.0000000
RACWHT       2004531       0.7795345       0.4145607               0       1.0000000
RC           1890465               0               0               0               0
SCIENGP       627401       1.6252827       0.4840502       1.0000000       2.0000000
SCIENGRLP     627401       1.8933537       0.3086633       1.0000000       2.0000000
SFN            46929       1.0194123       0.1429765       1.0000000       4.0000000
SFR            46929       2.2927401       0.8330705       1.0000000       3.0000000
VPS           111074       5.2777248       4.1511952       1.0000000      12.0000000
WAOB         2004531       1.4594376       1.1201568       1.0000000       8.0000000
FANCP        2004531               0               0               0               0
FCOWP        2004531       0.1048011       0.3062970               0       1.0000000
FHICOVP      2004531       0.1299691       0.3362695               0       1.0000000
FHINS3P      2004531       0.1021366       0.3028280               0       1.0000000
FHINS4P      2004531       0.1093004       0.3120158               0       1.0000000
FMARHMP      2004531       0.0426514       0.2020699               0       1.0000000
FMIGP        2004531       0.0692112       0.2538130               0       1.0000000
FMIGSP       2004531       0.0234633       0.1513698               0       1.0000000
FPERNP       2004531       0.1871525       0.3900340               0       1.0000000
FPINCP       2004531       0.2583268       0.4377147               0       1.0000000
FSEMP        2004531       0.1065406       0.3085284               0       1.0000000
FSEXP        2004531     0.000540276       0.0232376               0       1.0000000
FWAGP        2004531       0.1807141       0.3847812               0       1.0000000
------------------------------------------------------------------------------------
