The SAS System                                                   18:11 Thursday, October 5, 2023   1

The FREQ Procedure

                                 Cumulative    Cumulative
AGEP    Frequency     Percent     Frequency      Percent
---------------------------------------------------------
   .           1        0.00             1         0.00  
   0       31106        0.99         31107         0.99  
   1       31904        1.01         63011         2.00  
   2       32760        1.04         95771         3.03  
   3       33035        1.05        128806         4.08  
   4       33308        1.06        162114         5.14  
   5       34294        1.09        196408         6.22  
   6       34873        1.10        231281         7.33  
   7       36120        1.14        267401         8.47  
   8       37681        1.19        305082         9.67  
   9       38010        1.20        343092        10.87  
  10       37459        1.19        380551        12.06  
  11       37660        1.19        418211        13.25  
  12       37838        1.20        456049        14.45  
  13       38002        1.20        494051        15.65  
  14       38118        1.21        532169        16.86  
  15       39629        1.26        571798        18.12  
  16       40773        1.29        612571        19.41  
  17       40167        1.27        652738        20.68  
  18       45154        1.43        697892        22.11  
  19       43222        1.37        741114        23.48  
  20       39692        1.26        780806        24.74  
  21       37632        1.19        818438        25.93  
  22       36553        1.16        854991        27.09  
  23       36107        1.14        891098        28.23  
  24       36257        1.15        927355        29.38  
  25       38022        1.20        965377        30.58  
  26       38091        1.21       1003468        31.79  
  27       37237        1.18       1040705        32.97  
  28       37360        1.18       1078065        34.15  
  29       36708        1.16       1114773        35.32  
  30       38626        1.22       1153399        36.54  
  31       37090        1.18       1190489        37.72  
  32       37229        1.18       1227718        38.90  
  33       37779        1.20       1265497        40.09  
  34       37482        1.19       1302979        41.28  
  35       38707        1.23       1341686        42.51  
  36       37677        1.19       1379363        43.70  
  37       36346        1.15       1415709        44.85  
  38       35660        1.13       1451369        45.98  
  39       35559        1.13       1486928        47.11  
  40       36640        1.16       1523568        48.27  
  41       35101        1.11       1558669        49.38  
  42       35176        1.11       1593845        50.49  
  43       35737        1.13       1629582        51.63  
  44       37764        1.20       1667346        52.82  
  45       41753        1.32       1709099        54.15  
  46       40703        1.29       1749802        55.44  
  47       38934        1.23       1788736        56.67  
  48       38986        1.24       1827722        57.90  
  49       39726        1.26       1867448        59.16  
  50       43001        1.36       1910449        60.52  
  51       43331        1.37       1953780        61.90  
The SAS System                                                   18:11 Thursday, October 5, 2023   2

The FREQ Procedure

                                 Cumulative    Cumulative
AGEP    Frequency     Percent     Frequency      Percent
---------------------------------------------------------
  52       45380        1.44       1999160        63.33  
  53       45758        1.45       2044918        64.78  
  54       46761        1.48       2091679        66.27  
  55       48279        1.53       2139958        67.80  
  56       47347        1.50       2187305        69.30  
  57       47098        1.49       2234403        70.79  
  58       47798        1.51       2282201        72.30  
  59       47674        1.51       2329875        73.81  
  60       47835        1.52       2377710        75.33  
  61       45710        1.45       2423420        76.78  
  62       44875        1.42       2468295        78.20  
  63       44172        1.40       2512467        79.60  
  64       43203        1.37       2555670        80.97  
  65       42014        1.33       2597684        82.30  
  66       40410        1.28       2638094        83.58  
  67       39855        1.26       2677949        84.84  
  68       39548        1.25       2717497        86.09  
  69       39877        1.26       2757374        87.36  
  70       32056        1.02       2789430        88.37  
  71       29293        0.93       2818723        89.30  
  72       28881        0.91       2847604        90.21  
  73       29472        0.93       2877076        91.15  
  74       26016        0.82       2903092        91.97  
  75       23868        0.76       2926960        92.73  
  76       21870        0.69       2948830        93.42  
  77       20547        0.65       2969377        94.07  
  78       19363        0.61       2988740        94.69  
  79       17650        0.56       3006390        95.24  
  80       17047        0.54       3023437        95.78  
  81       15770        0.50       3039207        96.28  
  82       14191        0.45       3053398        96.73  
  83       13030        0.41       3066428        97.15  
  84       12599        0.40       3079027        97.55  
  85       11862        0.38       3090889        97.92  
  86       10587        0.34       3101476        98.26  
  87        9431        0.30       3110907        98.56  
  88        8441        0.27       3119348        98.82  
  89        6655        0.21       3126003        99.03  
  90        4632        0.15       3130635        99.18  
  91        1919        0.06       3132554        99.24  
  92        3876        0.12       3136430        99.36  
  93        4643        0.15       3141073        99.51  
  94       11650        0.37       3152723        99.88  
  95        3546        0.11       3156269        99.99  
  96         219        0.01       3156488       100.00  
The SAS System                                                   18:11 Thursday, October 5, 2023   3

The MEANS Procedure

Variable           N            Mean         Std Dev         Minimum         Maximum
------------------------------------------------------------------------------------
SERIALNO     1985356       760354.42       439098.29       1.0000000      1521446.00
SPORDER      1985356       1.7333551       1.0439072       1.0000000      20.0000000
PUMA         1985356         4634.21         9329.44     100.0000000        70301.00
ST           1985356      27.6230006      16.0830125       1.0000000      56.0000000
ADJINC       1985356      1007588.00               0      1007588.00      1007588.00
PWGTP        1985356     104.4049959      84.9747560       1.0000000         2318.00
AGEP         1985356      42.9197131      14.3356626      18.0000000      66.0000000
CIT          1985356       1.5422161       1.2629988       1.0000000       5.0000000
CITWP         146668         2000.43      11.6091003         1950.00         2016.00
COW          1680380       2.0981105       1.8805613       1.0000000       9.0000000
ENG           392014       1.6657492       0.9222293       1.0000000       4.0000000
FER           627417       1.9446604       0.2286421       1.0000000       2.0000000
INTP         1985356         1460.16        14421.85        -5700.00       405000.00
JWMNP        1275197      27.0762204      22.9479793       1.0000000     160.0000000
LANP          392014         1639.18         1053.02         1000.00         9999.00
LANX         1985356       1.8025473       0.3980769       1.0000000       2.0000000
MAR          1985356       2.5743388       1.8050504       1.0000000       5.0000000
MARHD        1352928       1.9866090       0.1149419       1.0000000       2.0000000
MARHM        1352928       1.9688535       0.1737137       1.0000000       2.0000000
MARHT        1352928       1.2895232       0.5534258       1.0000000       3.0000000
MARHW        1352928       1.9958882       0.0639916       1.0000000       2.0000000
MARHYP       1352928         1996.32      12.6559008         1965.00         2016.00
MIG          1985356       1.3024178       0.7117621       1.0000000       3.0000000
MIL          1985356       3.8699483       0.4990093       1.0000000       4.0000000
MLPCD         114637       0.4036655       0.4906340               0       1.0000000
MLPFG         114637               0               0               0               0
OIP          1985356     514.9767347         3783.24               0        93000.00
PAP          1985356      40.1510510     521.0744779               0        30000.00
RELP         1985356       2.6306380       4.8216616               0      17.0000000
RETP         1985356         1363.93         8401.95               0       331000.00
SCH          1985356       1.1503206       0.4357078       1.0000000       3.0000000
SCHG          236778      15.0110821       0.6669159       8.0000000      16.0000000
SCHL         1985356      18.1862809       3.5278368       1.0000000      24.0000000
SEMP         1985356         2217.86        17615.21        -8400.00       501000.00
SEX          1985356       1.5061918       0.4999618       1.0000000       2.0000000
SSIP         1985356     266.7821892         1710.72               0        30000.00
SSP          1985356     997.0821152         3895.17               0        50000.00
WAGP         1985356        35661.24        56077.65               0       714000.00
WKHP         1509627      38.9245317      12.6690566       1.0000000      99.0000000
WKL          1985356       1.3995968       0.7482481       1.0000000       3.0000000
WKW          1509627       1.7904933       1.5339865       1.0000000       6.0000000
WRK          1802039       1.2980268       0.4573915       1.0000000       2.0000000
YOEP          324399         1994.57      13.9619896         1949.00         2016.00
DECADE        324399       5.8645279       1.2431719       1.0000000       7.0000000
DIS          1985356       1.8795017       0.3255434       1.0000000       2.0000000
ESP                0               .               .               .               .
ESR          1985356       2.4616215       2.2038942       1.0000000       6.0000000
FHICOVP      1985356       0.1283463       0.3344750               0       1.0000000
FOD1P         607802         4372.48         1721.49         1100.00         6403.00
FOD2P          67016         4358.00         1712.00         1100.00         6403.00
HICOV        1985356       1.1048955       0.3064189       1.0000000       2.0000000
HISP         1985356       1.5946747       2.7369297       1.0000000      24.0000000
INDP         1680380         6382.88         2642.28     170.0000000         9920.00
------------------------------------------------------------------------------------
The SAS System                                                   18:11 Thursday, October 5, 2023   4

The MEANS Procedure

Variable           N            Mean         Std Dev         Minimum         Maximum
------------------------------------------------------------------------------------
MIGPUMA       306928         4562.93         9549.08       1.0000000        70100.00
MIGSP         306928      37.6106057      53.2324939       1.0000000     555.0000000
MSP          1985356       3.0682326       2.2587023       1.0000000       6.0000000
NATIVITY     1985356       1.1474678       0.3545717       1.0000000       2.0000000
NOP                0               .               .               .               .
OC           1985356               0               0               0               0
OCCP         1680380         4263.21         2625.32      10.0000000         9920.00
PAOC          966216       3.3544839       1.0134273       1.0000000       4.0000000
PERNP        1985356        37879.10        58783.39        -8400.00      1215000.00
PINCP        1985356        42522.19        61752.64       -11900.00      1315000.00
POBP         1985356      66.4964470      94.0263694       1.0000000     554.0000000
POVPIP       1893901     329.6767133     165.2766227               0     501.0000000
POWPUMA      1344278         4638.71         9501.91       1.0000000        70100.00
POWSP        1344278      27.8984146      17.7023624       1.0000000     555.0000000
PRIVCOV      1985356       1.2611547       0.4392642       1.0000000       2.0000000
PUBCOV       1985356       1.7847489       0.4109965       1.0000000       2.0000000
QTRBIR       1985356       2.5182798       1.1130555       1.0000000       4.0000000
RAC1P        1985356       1.9047576       2.0903804       1.0000000       9.0000000
RAC2P        1985356       8.2654290      18.9579659       1.0000000      68.0000000
RAC3P        1985356       2.7550827       6.2744334       1.0000000     100.0000000
RACAIAN      1985356       0.0197083       0.1389960               0       1.0000000
RACASN       1985356       0.0651853       0.2468526               0       1.0000000
RACBLK       1985356       0.1137625       0.3175226               0       1.0000000
RACNH        1985356       0.0018425       0.0428847               0       1.0000000
RACNUM       1985356       1.0263434       0.1758953       1.0000000       6.0000000
RACPI        1985356       0.0022152       0.0470140               0       1.0000000
RACSOR       1985356       0.0447220       0.2066928               0       1.0000000
RACWHT       1985356       0.7789877       0.4149288               0       1.0000000
RC           1985356               0               0               0               0
SCIENGP       607802       1.6287985       0.4831266       1.0000000       2.0000000
SCIENGRLP     607802       1.8935871       0.3083657       1.0000000       2.0000000
SFN            46459       1.0199100       0.1440919       1.0000000       4.0000000
SFR            46459       2.3081427       0.8286466       1.0000000       3.0000000
VPS           114637       5.3788829       4.0511614       1.0000000      12.0000000
WAOB         1985356       1.4535489       1.1130600       1.0000000       8.0000000
FANCP        1985356               0               0               0               0
FCOWP        1985356       0.1017475       0.3023160               0       1.0000000
FHINS3P      1985356       0.1002621       0.3003493               0       1.0000000
FHINS4P      1985356       0.1076281       0.3099102               0       1.0000000
FMARHMP      1985356       0.0416328       0.1997487               0       1.0000000
FMIGP        1985356       0.0687282       0.2529915               0       1.0000000
FMIGSP       1985356       0.0221613       0.1472079               0       1.0000000
FPERNP       1985356       0.1877376       0.3905026               0       1.0000000
FPINCP       1985356       0.2579986       0.4375333               0       1.0000000
FSEMP        1985356       0.1060016       0.3078398               0       1.0000000
FSEXP        1985356     0.000575212       0.0239767               0       1.0000000
FWAGP        1985356       0.1811690       0.3851583               0       1.0000000
------------------------------------------------------------------------------------
