The SAS System                                                   17:43 Thursday, October 5, 2023   1

The FREQ Procedure

                                 Cumulative    Cumulative
AGEP    Frequency     Percent     Frequency      Percent
---------------------------------------------------------
   .           1        0.00             1         0.00  
   0       31597        1.01         31598         1.01  
   1       32581        1.04         64179         2.05  
   2       33103        1.06         97282         3.11  
   3       34564        1.10        131846         4.21  
   4       35774        1.14        167620         5.35  
   5       37383        1.19        205003         6.54  
   6       37444        1.20        242447         7.74  
   7       37494        1.20        279941         8.94  
   8       37301        1.19        317242        10.13  
   9       37876        1.21        355118        11.34  
  10       38175        1.22        393293        12.55  
  11       38067        1.22        431360        13.77  
  12       39584        1.26        470944        15.03  
  13       39827        1.27        510771        16.30  
  14       39983        1.28        550754        17.58  
  15       40523        1.29        591277        18.87  
  16       40785        1.30        632062        20.18  
  17       41552        1.33        673614        21.50  
  18       46461        1.48        720075        22.99  
  19       44159        1.41        764234        24.39  
  20       41455        1.32        805689        25.72  
  21       39532        1.26        845221        26.98  
  22       38072        1.22        883293        28.20  
  23       37390        1.19        920683        29.39  
  24       36645        1.17        957328        30.56  
  25       36253        1.16        993581        31.72  
  26       35755        1.14       1029336        32.86  
  27       36040        1.15       1065376        34.01  
  28       36451        1.16       1101827        35.17  
  29       35840        1.14       1137667        36.31  
  30       38325        1.22       1175992        37.54  
  31       36675        1.17       1212667        38.71  
  32       37814        1.21       1250481        39.92  
  33       36982        1.18       1287463        41.10  
  34       36074        1.15       1323537        42.25  
  35       36881        1.18       1360418        43.43  
  36       35547        1.13       1395965        44.56  
  37       34646        1.11       1430611        45.67  
  38       35792        1.14       1466403        46.81  
  39       34988        1.12       1501391        47.92  
  40       38186        1.22       1539577        49.14  
  41       37428        1.19       1577005        50.34  
  42       40835        1.30       1617840        51.64  
  43       40817        1.30       1658657        52.94  
  44       39178        1.25       1697835        54.20  
  45       40015        1.28       1737850        55.47  
  46       39408        1.26       1777258        56.73  
  47       40820        1.30       1818078        58.03  
  48       43594        1.39       1861672        59.43  
  49       45450        1.45       1907122        60.88  
  50       48624        1.55       1955746        62.43  
  51       46735        1.49       2002481        63.92  
The SAS System                                                   17:43 Thursday, October 5, 2023   2

The FREQ Procedure

                                 Cumulative    Cumulative
AGEP    Frequency     Percent     Frequency      Percent
---------------------------------------------------------
  52       47666        1.52       2050147        65.44  
  53       47258        1.51       2097405        66.95  
  54       47275        1.51       2144680        68.46  
  55       48145        1.54       2192825        70.00  
  56       47623        1.52       2240448        71.52  
  57       46796        1.49       2287244        73.01  
  58       45938        1.47       2333182        74.48  
  59       44763        1.43       2377945        75.90  
  60       45072        1.44       2423017        77.34  
  61       42628        1.36       2465645        78.70  
  62       42084        1.34       2507729        80.05  
  63       40328        1.29       2548057        81.33  
  64       40312        1.29       2588369        82.62  
  65       41297        1.32       2629666        83.94  
  66       40914        1.31       2670580        85.25  
  67       32065        1.02       2702645        86.27  
  68       30409        0.97       2733054        87.24  
  69       30425        0.97       2763479        88.21  
  70       31758        1.01       2795237        89.22  
  71       27124        0.87       2822361        90.09  
  72       25113        0.80       2847474        90.89  
  73       23545        0.75       2871019        91.64  
  74       22188        0.71       2893207        92.35  
  75       21766        0.69       2914973        93.05  
  76       19737        0.63       2934710        93.68  
  77       18960        0.61       2953670        94.28  
  78       17983        0.57       2971653        94.86  
  79       16322        0.52       2987975        95.38  
  80       16130        0.51       3004105        95.89  
  81       14848        0.47       3018953        96.37  
  82       14409        0.46       3033362        96.83  
  83       13441        0.43       3046803        97.26  
  84       12211        0.39       3059014        97.64  
  85       11398        0.36       3070412        98.01  
  86       10306        0.33       3080718        98.34  
  87        9318        0.30       3090036        98.64  
  88        8349        0.27       3098385        98.90  
  89        6439        0.21       3104824        99.11  
  90        4226        0.13       3109050        99.24  
  91        1922        0.06       3110972        99.30  
  92        2948        0.09       3113920        99.40  
  93        6827        0.22       3120747        99.62  
  94        9217        0.29       3129964        99.91  
  95        2832        0.09       3132796       100.00  
The SAS System                                                   17:43 Thursday, October 5, 2023   3

The MEANS Procedure

Variable           N            Mean         Std Dev         Minimum         Maximum
------------------------------------------------------------------------------------
SERIALNO     1996966       746351.50       430850.85       1.0000000      1492843.00
SPORDER      1996966       1.7245822       1.0394208       1.0000000      20.0000000
PUMA         1996966         4613.22         9352.38     100.0000000        70301.00
ST           1996966      27.6279656      16.0236352       1.0000000      56.0000000
ADJINC       1996966      1007549.00               0      1007549.00      1007549.00
PWGTP        1996966     102.5837400      83.4873230       1.0000000         2112.00
AGEP         1996966      42.7981798      14.2302543      18.0000000      66.0000000
CIT          1996966       1.5269434       1.2525177       1.0000000       5.0000000
CITWP         138144         1998.03      11.6527897         1946.00         2013.00
COW          1690437       2.1176081       1.9047946       1.0000000       9.0000000
ENG           377334       1.6959166       0.9356350       1.0000000       4.0000000
FER           642313       1.9451654       0.2276574       1.0000000       2.0000000
INTP         1996966         1357.92        13432.59        -6300.00       300000.00
JWMNP        1251323      26.2436957      22.4247848       1.0000000     167.0000000
LANX         1996966       1.8110464       0.3914719       1.0000000       2.0000000
MAR          1996966       2.5402410       1.7923146       1.0000000       5.0000000
MARHD        1383107       1.9859375       0.1177489       1.0000000       2.0000000
MARHM        1383107       1.9713825       0.1667289       1.0000000       2.0000000
MARHT        1383107       1.2986197       0.5614249       1.0000000       3.0000000
MARHW        1383107       1.9959880       0.0632130       1.0000000       2.0000000
MARHYP       1383107         1993.18      12.6191816         1962.00         2013.00
MIG          1996966       1.3030107       0.7127073       1.0000000       3.0000000
MIL          1996966       3.8493084       0.5320856       1.0000000       4.0000000
MLPCD         134206       0.3671520       0.4820302               0       1.0000000
MLPFG         134206       0.0023397       0.0483139               0       1.0000000
OIP          1996966     600.4069974         3824.46               0        83000.00
PAP          1996966      50.5150263     603.4084295               0        30000.00
RELP         1996966       2.5709917       4.7776734               0      17.0000000
RETP         1996966         1341.23         7882.70               0       178000.00
SCH          1996966       1.1561889       0.4415823       1.0000000       3.0000000
SCHG          248799      14.9930426       0.6856883       8.0000000      16.0000000
SCHL         1996966      18.0834396       3.5295547       1.0000000      24.0000000
SEMP         1996966         2049.82        16558.20        -9000.00       525000.00
SEX          1996966       1.5076476       0.4999416       1.0000000       2.0000000
SSIP         1996966     252.9041606         1630.16               0        30000.00
SSP          1996966         1013.67         3841.93               0        50000.00
WAGP         1996966        31947.88        50663.52               0       660000.00
WKHP         1491644      38.6263948      12.9257844       1.0000000      99.0000000
WKL          1996966       1.4154177       0.7533869       1.0000000       3.0000000
WKW          1491644       1.8578454       1.5931255       1.0000000       6.0000000
WRK          1827760       1.3191387       0.4661430       1.0000000       2.0000000
YOEP          315000         1991.93      13.6638864         1946.00         2013.00
DECADE        315000       5.6833206       1.3042758       1.0000000       7.0000000
DIS          1996966       1.8792163       0.3258759       1.0000000       2.0000000
ESP                0               .               .               .               .
ESR          1996966       2.5119181       2.2023518       1.0000000       6.0000000
FOD1P         577885         4356.08         1723.36         1100.00         6403.00
FOD2P          59833         4360.12         1705.85         1100.00         6403.00
HICOV        1996966       1.1756845       0.3805516       1.0000000       2.0000000
HISP         1996966       1.5418620       2.5900125       1.0000000      24.0000000
INDP         1690437         6369.01         2662.75     170.0000000         9920.00
LANP          377334     656.0461050      58.7376683     601.0000000     994.0000000
MIGPUMA       308796         4505.60         9385.31       1.0000000        70100.00
------------------------------------------------------------------------------------
The SAS System                                                   17:43 Thursday, October 5, 2023   4

The MEANS Procedure

Variable           N            Mean         Std Dev         Minimum         Maximum
------------------------------------------------------------------------------------
MIGSP         308796      36.3355581      50.7687781       1.0000000     555.0000000
MSP          1996966       3.0278207       2.2451592       1.0000000       6.0000000
NATIVITY     1996966       1.1429709       0.3500432       1.0000000       2.0000000
NOP                0               .               .               .               .
OC           1996966               0               0               0               0
OCCP         1690437         4349.61         2616.71      10.0000000         9920.00
PAOC          975601       3.3357869       1.0233950       1.0000000       4.0000000
PERNP        1996966        33997.69        53230.63        -9000.00      1019000.00
PINCP        1996966        38614.34        56081.73       -13600.00      1281000.00
POBP         1996966      65.2467088      92.4951518       1.0000000     554.0000000
POVPIP       1906050     318.1403447     166.5339077               0     501.0000000
POWPUMA      1310095         4608.77         9539.90       1.0000000        70100.00
POWSP        1310095      28.0072666      17.6910931       1.0000000     555.0000000
PRIVCOV      1996966       1.2996235       0.4580932       1.0000000       2.0000000
PUBCOV       1996966       1.8203960       0.3838573       1.0000000       2.0000000
QTRBIR       1996966       2.5198015       1.1139260       1.0000000       4.0000000
RAC1P        1996966       1.8442007       2.0175838       1.0000000       9.0000000
RAC2P        1996966       7.7056715      18.2901948       1.0000000      68.0000000
RAC3P        1996966       2.6316041       6.0400715       1.0000000     100.0000000
RACAIAN      1996966       0.0192682       0.1374663               0       1.0000000
RACASN       1996966       0.0598408       0.2371917               0       1.0000000
RACBLK       1996966       0.1156605       0.3198174               0       1.0000000
RACNH        1996966       0.0017782       0.0421312               0       1.0000000
RACNUM       1996966       1.0244691       0.1691851       1.0000000       5.0000000
RACPI        1996966       0.0019174       0.0437462               0       1.0000000
RACSOR       1996966       0.0410413       0.1983857               0       1.0000000
RACWHT       1996966       0.7850609       0.4107802               0       1.0000000
RC           1996966               0               0               0               0
SCIENGP       577885       1.6354742       0.4812974       1.0000000       2.0000000
SCIENGRLP     577885       1.8976405       0.3031207       1.0000000       2.0000000
SFN            46068       1.0183425       0.1369104       1.0000000       3.0000000
SFR            46068       2.3494834       0.8159645       1.0000000       3.0000000
VPS           134206       5.7216816       3.7149447       1.0000000      13.0000000
WAOB         1996966       1.4377601       1.0971620       1.0000000       8.0000000
FANCP        1996966               0               0               0               0
FCOWP        1996966       0.0915018       0.2883215               0       1.0000000
FHINS3P      1996966       0.0834546       0.2765682               0       1.0000000
FHINS4P      1996966       0.0908929       0.2874568               0       1.0000000
FMARHMP      1996966       0.0390833       0.1937932               0       1.0000000
FMIGP        1996966       0.0622179       0.2415509               0       1.0000000
FMIGSP       1996966       0.0188100       0.1358537               0       1.0000000
FPERNP       1996966       0.1852896       0.3885324               0       1.0000000
FPINCP       1996966       0.2204935       0.4145795               0       1.0000000
FSEMP        1996966       0.0891793       0.2850024               0       1.0000000
FSEXP        1996966     0.000514280       0.0226719               0       1.0000000
FWAGP        1996966       0.1780025       0.3825150               0       1.0000000
------------------------------------------------------------------------------------
