The SAS System                                                   17:52 Thursday, October 5, 2023   1

The FREQ Procedure

                                 Cumulative    Cumulative
AGEP    Frequency     Percent     Frequency      Percent
---------------------------------------------------------
   .           1        0.00             1         0.00  
   0       31366        1.00         31367         1.00  
   1       32080        1.02         63447         2.03  
   2       32678        1.04         96125         3.07  
   3       33487        1.07        129612         4.14  
   4       34506        1.10        164118         5.24  
   5       35598        1.14        199716         6.38  
   6       36775        1.17        236491         7.55  
   7       37858        1.21        274349         8.76  
   8       37405        1.19        311754         9.95  
   9       37100        1.18        348854        11.14  
  10       37922        1.21        386776        12.35  
  11       37518        1.20        424294        13.54  
  12       38034        1.21        462328        14.76  
  13       39556        1.26        501884        16.02  
  14       39804        1.27        541688        17.29  
  15       40036        1.28        581724        18.57  
  16       40428        1.29        622152        19.86  
  17       40779        1.30        662931        21.16  
  18       45191        1.44        708122        22.60  
  19       43564        1.39        751686        24.00  
  20       40496        1.29        792182        25.29  
  21       38660        1.23        830842        26.52  
  22       37459        1.20        868301        27.72  
  23       37404        1.19        905705        28.91  
  24       37039        1.18        942744        30.09  
  25       37198        1.19        979942        31.28  
  26       35907        1.15       1015849        32.43  
  27       35984        1.15       1051833        33.58  
  28       36919        1.18       1088752        34.76  
  29       36386        1.16       1125138        35.92  
  30       37909        1.21       1163047        37.13  
  31       36431        1.16       1199478        38.29  
  32       37192        1.19       1236670        39.48  
  33       37276        1.19       1273946        40.67  
  34       37103        1.18       1311049        41.85  
  35       36909        1.18       1347958        43.03  
  36       35720        1.14       1383678        44.17  
  37       35344        1.13       1419022        45.30  
  38       34771        1.11       1453793        46.41  
  39       34864        1.11       1488657        47.52  
  40       36960        1.18       1525617        48.70  
  41       35277        1.13       1560894        49.83  
  42       37991        1.21       1598885        51.04  
  43       40133        1.28       1639018        52.32  
  44       40028        1.28       1679046        53.60  
  45       40435        1.29       1719481        54.89  
  46       38739        1.24       1758220        56.13  
  47       39262        1.25       1797482        57.38  
  48       40622        1.30       1838104        58.68  
  49       43099        1.38       1881203        60.05  
  50       47680        1.52       1928883        61.57  
  51       45390        1.45       1974273        63.02  
The SAS System                                                   17:52 Thursday, October 5, 2023   2

The FREQ Procedure

                                 Cumulative    Cumulative
AGEP    Frequency     Percent     Frequency      Percent
---------------------------------------------------------
  52       46417        1.48       2020690        64.50  
  53       47476        1.52       2068166        66.02  
  54       47298        1.51       2115464        67.53  
  55       48227        1.54       2163691        69.07  
  56       47525        1.52       2211216        70.59  
  57       47242        1.51       2258458        72.10  
  58       46790        1.49       2305248        73.59  
  59       45762        1.46       2351010        75.05  
  60       46158        1.47       2397168        76.52  
  61       43777        1.40       2440945        77.92  
  62       43479        1.39       2484424        79.31  
  63       41699        1.33       2526123        80.64  
  64       40485        1.29       2566608        81.93  
  65       41197        1.32       2607805        83.25  
  66       40285        1.29       2648090        84.53  
  67       40772        1.30       2688862        85.83  
  68       31759        1.01       2720621        86.85  
  69       30269        0.97       2750890        87.81  
  70       31053        0.99       2781943        88.81  
  71       30761        0.98       2812704        89.79  
  72       27019        0.86       2839723        90.65  
  73       24875        0.79       2864598        91.44  
  74       23093        0.74       2887691        92.18  
  75       22226        0.71       2909917        92.89  
  76       20903        0.67       2930820        93.56  
  77       19267        0.62       2950087        94.17  
  78       18522        0.59       2968609        94.76  
  79       17426        0.56       2986035        95.32  
  80       16220        0.52       3002255        95.84  
  81       15118        0.48       3017373        96.32  
  82       14450        0.46       3031823        96.78  
  83       13656        0.44       3045479        97.22  
  84       12561        0.40       3058040        97.62  
  85       11474        0.37       3069514        97.99  
  86       10397        0.33       3079911        98.32  
  87        9539        0.30       3089450        98.62  
  88        8219        0.26       3097669        98.88  
  89        6494        0.21       3104163        99.09  
  90        4352        0.14       3108515        99.23  
  91        1725        0.06       3110240        99.29  
  92        3413        0.11       3113653        99.39  
  93        5233        0.17       3118886        99.56  
  94       11702        0.37       3130588        99.94  
  95        1873        0.06       3132461       100.00  
  96         150        0.00       3132611       100.00  
The SAS System                                                   17:52 Thursday, October 5, 2023   3

The MEANS Procedure

Variable           N            Mean         Std Dev         Minimum         Maximum
------------------------------------------------------------------------------------
SERIALNO     1985159       750675.16       433123.24       2.0000000      1501119.00
SPORDER      1985159       1.7297944       1.0422019       1.0000000      20.0000000
PUMA         1985159         4630.11         9365.98     100.0000000        70301.00
ST           1985159      27.6307883      16.0485324       1.0000000      56.0000000
ADJINC       1985159      1008425.00               0      1008425.00      1008425.00
PWGTP        1985159     103.7590188      83.8741958       1.0000000         3217.00
AGEP         1985159      42.8603784      14.2705147      18.0000000      66.0000000
CIT          1985159       1.5333618       1.2574114       1.0000000       5.0000000
CITWP         140316         1998.87      11.5749456         1948.00         2014.00
COW          1676810       2.1142556       1.9019997       1.0000000       9.0000000
ENG           381163       1.6931234       0.9390365       1.0000000       4.0000000
FER           633472       1.9446811       0.2286019       1.0000000       2.0000000
INTP         1985159         1367.78        13466.79        -6600.00       355000.00
JWMNP        1254989      26.4746073      22.3915269       1.0000000     164.0000000
LANX         1985159       1.8079937       0.3938781       1.0000000       2.0000000
MAR          1985159       2.5564632       1.7971274       1.0000000       5.0000000
MARHD        1365823       1.9863877       0.1158750       1.0000000       2.0000000
MARHM        1365823       1.9695114       0.1719274       1.0000000       2.0000000
MARHT        1365823       1.2958868       0.5585225       1.0000000       3.0000000
MARHW        1365823       1.9959219       0.0637299       1.0000000       2.0000000
MARHYP       1365823         1994.22      12.6423722         1963.00         2014.00
MIG          1985159       1.3033289       0.7128919       1.0000000       3.0000000
MIL          1985159       3.8567938       0.5205706       1.0000000       4.0000000
MLPCD         126639       0.3713153       0.4831585               0       1.0000000
MLPFG         126639     0.000536959       0.0231663               0       1.0000000
OIP          1985159     548.0831581         3745.41               0        81000.00
PAP          1985159      45.5279502     558.3044770               0        30000.00
RELP         1985159       2.5914085       4.7850111               0      17.0000000
RETP         1985159         1326.69         7845.41               0       217000.00
SCH          1985159       1.1530744       0.4382234       1.0000000       3.0000000
SCHG          241943      15.0003596       0.6780186       8.0000000      16.0000000
SCHL         1985159      18.1075758       3.5260545       1.0000000      24.0000000
SEMP         1985159         2096.87        16522.21        -8500.00       420000.00
SEX          1985159       1.5075397       0.4999433       1.0000000       2.0000000
SSIP         1985159     267.2416769         1683.77               0        30000.00
SSP          1985159         1016.02         3873.15               0        50000.00
WAGP         1985159        32711.01        51507.79               0       642000.00
WKHP         1489575      38.7242126      12.8414480       1.0000000      99.0000000
WKL          1985159       1.4131860       0.7546832       1.0000000       3.0000000
WKW          1489575       1.8350321       1.5749134       1.0000000       6.0000000
WRK          1809386       1.3127951       0.4636318       1.0000000       2.0000000
YOEP          317637         1992.71      13.7238719         1947.00         2014.00
DECADE        317637       5.7394321       1.2855307       1.0000000       7.0000000
DIS          1985159       1.8783694       0.3268587       1.0000000       2.0000000
ESP                0               .               .               .               .
ESR          1985159       2.5016112       2.2084851       1.0000000       6.0000000
FHICOVP      1985159       0.1165206       0.3208483               0       1.0000000
FOD1P         580657         4363.53         1720.89         1100.00         6403.00
FOD2P          60729         4375.72         1700.93         1100.00         6403.00
HICOV        1985159       1.1413111       0.3483423       1.0000000       2.0000000
HISP         1985159       1.5528610       2.6118344       1.0000000      24.0000000
INDP         1676810         6373.45         2659.74     170.0000000         9920.00
LANP          381163     656.5763860      59.2213886     601.0000000     994.0000000
------------------------------------------------------------------------------------
The SAS System                                                   17:52 Thursday, October 5, 2023   4

The MEANS Procedure

Variable           N            Mean         Std Dev         Minimum         Maximum
------------------------------------------------------------------------------------
MIGPUMA       307465         4535.99         9498.99       1.0000000        70100.00
MIGSP         307465      36.8240775      51.8791276       1.0000000     555.0000000
MSP          1985159       3.0483719       2.2497229       1.0000000       6.0000000
NATIVITY     1985159       1.1447023       0.3518005       1.0000000       2.0000000
NOP                0               .               .               .               .
OC           1985159               0               0               0               0
OCCP         1676810         4323.46         2622.36      10.0000000         9920.00
PAOC          970110       3.3464133       1.0178321       1.0000000       4.0000000
PERNP        1985159        34807.88        54000.31        -8500.00      1033000.00
PINCP        1985159        39379.22        56765.22       -13000.00      1402000.00
POBP         1985159      65.7910273      93.1279751       1.0000000     554.0000000
POVPIP       1895869     319.4316332     166.2795939               0     501.0000000
POWPUMA      1315914         4618.44         9523.41       1.0000000        70100.00
POWSP        1315914      27.9879384      17.7618591       1.0000000     555.0000000
PRIVCOV      1985159       1.2817946       0.4498739       1.0000000       2.0000000
PUBCOV       1985159       1.8031195       0.3976413       1.0000000       2.0000000
QTRBIR       1985159       2.5196259       1.1129024       1.0000000       4.0000000
RAC1P        1985159       1.8611789       2.0344781       1.0000000       9.0000000
RAC2P        1985159       7.8504896      18.4457178       1.0000000      68.0000000
RAC3P        1985159       2.6543708       6.0559100       1.0000000     100.0000000
RACAIAN      1985159       0.0193697       0.1378207               0       1.0000000
RACASN       1985159       0.0617134       0.2406344               0       1.0000000
RACBLK       1985159       0.1163861       0.3206875               0       1.0000000
RACNH        1985159       0.0018009       0.0423984               0       1.0000000
RACNUM       1985159       1.0245915       0.1695645       1.0000000       6.0000000
RACPI        1985159       0.0019736       0.0443819               0       1.0000000
RACSOR       1985159       0.0418022       0.2001369               0       1.0000000
RACWHT       1985159       0.7816261       0.4131427               0       1.0000000
RC           1985159               0               0               0               0
SCIENGP       580657       1.6326420       0.4820856       1.0000000       2.0000000
SCIENGRLP     580657       1.8967583       0.3042745       1.0000000       2.0000000
SFN            46918       1.0197792       0.1445005       1.0000000       4.0000000
SFR            46918       2.3338591       0.8196287       1.0000000       3.0000000
VPS           126639       5.5711274       3.7998362       1.0000000      13.0000000
WAOB         1985159       1.4433015       1.1012062       1.0000000       8.0000000
FANCP        1985159               0               0               0               0
FCOWP        1985159       0.0961283       0.2947672               0       1.0000000
FHINS3P      1985159       0.0896155       0.2856302               0       1.0000000
FHINS4P      1985159       0.0969172       0.2958450               0       1.0000000
FMARHMP      1985159       0.0404114       0.1969221               0       1.0000000
FMIGP        1985159       0.0656577       0.2476829               0       1.0000000
FMIGSP       1985159       0.0197606       0.1391767               0       1.0000000
FPERNP       1985159       0.1882635       0.3909225               0       1.0000000
FPINCP       1985159       0.2230678       0.4163035               0       1.0000000
FSEMP        1985159       0.0938237       0.2915834               0       1.0000000
FSEXP        1985159     0.000497693       0.0223035               0       1.0000000
FWAGP        1985159       0.1808631       0.3849048               0       1.0000000
------------------------------------------------------------------------------------
