The SAS System                                                   18:29 Thursday, October 5, 2023   1

The FREQ Procedure

                                 Cumulative    Cumulative
AGEP    Frequency     Percent     Frequency      Percent
---------------------------------------------------------
   .           1        0.00             1         0.00  
   0       30440        0.95         30441         0.95  
   1       31811        0.99         62252         1.94  
   2       32896        1.02         95148         2.96  
   3       33414        1.04        128562         4.00  
   4       33766        1.05        162328         5.05  
   5       34071        1.06        196399         6.11  
   6       34701        1.08        231100         7.19  
   7       35117        1.09        266217         8.28  
   8       35799        1.11        302016         9.40  
   9       36943        1.15        338959        10.54  
  10       38423        1.20        377382        11.74  
  11       38930        1.21        416312        12.95  
  12       38437        1.20        454749        14.15  
  13       38756        1.21        493505        15.35  
  14       38972        1.21        532477        16.56  
  15       39382        1.23        571859        17.79  
  16       39531        1.23        611390        19.02  
  17       40559        1.26        651949        20.28  
  18       46164        1.44        698113        21.72  
  19       44247        1.38        742360        23.09  
  20       39857        1.24        782217        24.33  
  21       37901        1.18        820118        25.51  
  22       36036        1.12        856154        26.63  
  23       35914        1.12        892068        27.75  
  24       36385        1.13        928453        28.88  
  25       37329        1.16        965782        30.04  
  26       38027        1.18       1003809        31.23  
  27       39000        1.21       1042809        32.44  
  28       39602        1.23       1082411        33.67  
  29       38640        1.20       1121051        34.87  
  30       40249        1.25       1161300        36.13  
  31       38572        1.20       1199872        37.33  
  32       39404        1.23       1239276        38.55  
  33       38900        1.21       1278176        39.76  
  34       38390        1.19       1316566        40.96  
  35       39947        1.24       1356513        42.20  
  36       38894        1.21       1395407        43.41  
  37       38533        1.20       1433940        44.61  
  38       38603        1.20       1472543        45.81  
  39       37120        1.15       1509663        46.96  
  40       38786        1.21       1548449        48.17  
  41       36066        1.12       1584515        49.29  
  42       35891        1.12       1620406        50.41  
  43       36210        1.13       1656616        51.54  
  44       35365        1.10       1691981        52.64  
  45       37327        1.16       1729308        53.80  
  46       38227        1.19       1767535        54.99  
  47       41117        1.28       1808652        56.26  
  48       40895        1.27       1849547        57.54  
  49       40737        1.27       1890284        58.80  
  50       41358        1.29       1931642        60.09  
  51       40056        1.25       1971698        61.34  
The SAS System                                                   18:29 Thursday, October 5, 2023   2

The FREQ Procedure

                                 Cumulative    Cumulative
AGEP    Frequency     Percent     Frequency      Percent
---------------------------------------------------------
  52       41707        1.30       2013405        62.63  
  53       44137        1.37       2057542        64.01  
  54       45644        1.42       2103186        65.43  
  55       46835        1.46       2150021        66.88  
  56       47174        1.47       2197195        68.35  
  57       47775        1.49       2244970        69.84  
  58       47966        1.49       2292936        71.33  
  59       47664        1.48       2340600        72.81  
  60       48544        1.51       2389144        74.32  
  61       47814        1.49       2436958        75.81  
  62       47208        1.47       2484166        77.28  
  63       46589        1.45       2530755        78.73  
  64       45195        1.41       2575950        80.13  
  65       44887        1.40       2620837        81.53  
  66       42960        1.34       2663797        82.87  
  67       41438        1.29       2705235        84.16  
  68       39763        1.24       2744998        85.39  
  69       38852        1.21       2783850        86.60  
  70       39445        1.23       2823295        87.83  
  71       39628        1.23       2862923        89.06  
  72       30395        0.95       2893318        90.01  
  73       28435        0.88       2921753        90.89  
  74       28041        0.87       2949794        91.76  
  75       28278        0.88       2978072        92.64  
  76       24467        0.76       3002539        93.40  
  77       22021        0.69       3024560        94.09  
  78       20098        0.63       3044658        94.72  
  79       18874        0.59       3063532        95.30  
  80       17914        0.56       3081446        95.86  
  81       16025        0.50       3097471        96.36  
  82       14776        0.46       3112247        96.82  
  83       13606        0.42       3125853        97.24  
  84       12002        0.37       3137855        97.61  
  85       11199        0.35       3149054        97.96  
  86       10363        0.32       3159417        98.29  
  87        9437        0.29       3168854        98.58  
  88        8389        0.26       3177243        98.84  
  89        6489        0.20       3183732        99.04  
  90        4953        0.15       3188685        99.20  
  91        2143        0.07       3190828        99.26  
  92        3481        0.11       3194309        99.37  
  93        3425        0.11       3197734        99.48  
  94       11263        0.35       3208997        99.83  
  95        5189        0.16       3214186        99.99  
  96         354        0.01       3214540       100.00  
The SAS System                                                   18:29 Thursday, October 5, 2023   3

The MEANS Procedure

Variable           N            Mean         Std Dev         Minimum         Maximum
------------------------------------------------------------------------------------
DIVISION     2011848       5.2292499       2.5209246       1.0000000       9.0000000
SPORDER      2011848       1.7357320       1.0431993       1.0000000      20.0000000
PUMA         2011848         4655.06         9368.47     100.0000000        70301.00
REGION       2011848       2.6688318       1.0261799       1.0000000       4.0000000
ST           2011848      27.6805529      16.0988356       1.0000000      56.0000000
ADJINC       2011848      1013097.00               0      1013097.00      1013097.00
PWGTP        2011848     103.7498409      85.6145186       1.0000000         2313.00
AGEP         2011848      42.8902288      14.3967040      18.0000000      66.0000000
CIT          2011848       1.5398032       1.2563006       1.0000000       5.0000000
CITWP         154204         2002.12      11.7002760         1952.00         2018.00
COW          1711361       2.0778941       1.8648506       1.0000000       9.0000000
ENG           398992       1.6158820       0.8883219       1.0000000       4.0000000
FER           637828       1.9447186       0.2285288       1.0000000       2.0000000
INTP         2011848         1656.69        16314.22        -3200.00       355000.00
JWMNP        1310244      27.5547097      23.3562989       1.0000000     188.0000000
LANX         2011848       1.8016789       0.3987354       1.0000000       2.0000000
MAR          2011848       2.5914448       1.8116986       1.0000000       5.0000000
MARHD        1359395       1.9960159       0.2566789       1.0000000       8.0000000
MARHM        1359395       1.9691650       0.1728707       1.0000000       2.0000000
MARHT        1359395       1.2852239       0.5503763       1.0000000       3.0000000
MARHW        1359395       1.9961336       0.0620603       1.0000000       2.0000000
MARHYP       1359395         1998.47      12.6773776         1967.00         2018.00
MIG          2011848       1.3020904       0.7119392       1.0000000       3.0000000
MIL          2011848       3.8783690       0.4849871       1.0000000       4.0000000
MLPCD         108514       0.4164532       0.4929728               0       1.0000000
MLPFG         108514               0               0               0               0
OIP          2011848     510.9807232         3854.07               0        85000.00
PAP          2011848      37.0073186     518.0907048               0        30000.00
RELP         2011848       2.6772102       4.8678980               0      17.0000000
RETP         2011848         1363.67         8636.28               0       192000.00
SCH          2011848       1.1484551       0.4342168       1.0000000       3.0000000
SCHG          236173      15.0138924       0.6747665       8.0000000      16.0000000
SCHL         2011848      18.2785658       3.5018918       1.0000000      24.0000000
SEMP         2011848         2385.98        18790.55       -10000.00       528000.00
SEX          2011848       1.5057837       0.4999667       1.0000000       2.0000000
SSIP         2011848     260.0215573         1706.82               0        26900.00
SSP          2011848     970.5636062         3868.19               0        38400.00
WAGP         2011848        38607.34        60397.52               0       718000.00
WKHP         1546407      39.0831954      12.5951004       1.0000000      99.0000000
WKL          2011848       1.3859949       0.7391163       1.0000000       3.0000000
WKW          1546407       1.7518551       1.5021885       1.0000000       6.0000000
WRK          1813299       1.2857405       0.4517665       1.0000000       2.0000000
YOEP          329299         1996.18      14.2462381         1951.00         2018.00
DECADE        329299       6.1696938       1.4340927       2.0000000       8.0000000
DIS          2011848       1.8835588       0.3207533       1.0000000       2.0000000
ESP                0               .               .               .               .
ESR          2011848       2.4211586       2.1915178       1.0000000       6.0000000
FOD1P         640581         4382.18         1720.93         1100.00         6403.00
FOD2P          72647         4354.63         1712.97         1100.00         6403.00
HICOV        2011848       1.1081424       0.3105602       1.0000000       2.0000000
HISP         2011848       1.6276428       2.8329481       1.0000000      24.0000000
INDP         1711361         6385.50         2640.15     170.0000000         9920.00
LANP          398992         1639.97         1047.92         1000.00         9999.00
------------------------------------------------------------------------------------
The SAS System                                                   18:29 Thursday, October 5, 2023   4

The MEANS Procedure

Variable           N            Mean         Std Dev         Minimum         Maximum
------------------------------------------------------------------------------------
MIGPUMA       309981         4578.25         9454.33       1.0000000        70100.00
MIGSP         309981      36.7963520      51.3322896       1.0000000     555.0000000
MSP          2011848       3.0892841       2.2650762       1.0000000       6.0000000
NATIVITY     2011848       1.1473700       0.3544744       1.0000000       2.0000000
NOP                0               .               .               .               .
OC           1895691               0               0               0               0
OCCP         1711361         4251.94         2692.14      10.0000000         9920.00
PAOC          976580       3.3649184       1.0076497       1.0000000       4.0000000
PERNP        2011848        40993.33        63417.37       -10000.00      1166000.00
PINCP        2011848        45792.26        66931.14       -11200.00      1376000.00
POBP         2011848      66.4848855      94.1494898       1.0000000     554.0000000
POVPIP       1917152     336.0306475     163.9321669               0     501.0000000
POWPUMA      1384776         4658.20         9516.40       1.0000000        70100.00
POWSP        1384776      27.9608377      17.7803786       1.0000000     555.0000000
PRIVCOV      2011848       1.2635880       0.4405786       1.0000000       2.0000000
PUBCOV       2011848       1.7865127       0.4097689       1.0000000       2.0000000
QTRBIR       2011848       2.5174601       1.1125142       1.0000000       4.0000000
RAC1P        2011848       1.9189074       2.1131134       1.0000000       9.0000000
RAC2P        2011848       8.4224549      19.1208624       1.0000000      68.0000000
RAC3P        2011848       2.8057110       6.4688619       1.0000000     100.0000000
RACAIAN      2011848       0.0192152       0.1372806               0       1.0000000
RACASN       2011848       0.0689157       0.2533109               0       1.0000000
RACBLK       2011848       0.1089073       0.3115230               0       1.0000000
RACNH        2011848       0.0019574       0.0441993               0       1.0000000
RACNUM       2011848       1.0282427       0.1821431       1.0000000       6.0000000
RACPI        2011848       0.0023098       0.0480050               0       1.0000000
RACSOR       2011848       0.0441261       0.2053753               0       1.0000000
RACWHT       2011848       0.7829374       0.4122457               0       1.0000000
RC           1895691               0               0               0               0
SCIENGP       640581       1.6236979       0.4844576       1.0000000       2.0000000
SCIENGRLP     640581       1.8918935       0.3105152       1.0000000       2.0000000
SFN            45790       1.0208998       0.1482975       1.0000000       4.0000000
SFR            45790       2.2743394       0.8422463       1.0000000       3.0000000
VPS           108514       5.1404704       4.2246847       1.0000000      12.0000000
WAOB         2011848       1.4570514       1.1204517       1.0000000       8.0000000
FANCP        2011848               0               0               0               0
FCOWP        2011848       0.1114736       0.3147178               0       1.0000000
FHICOVP      2011848       0.1376724       0.3445559               0       1.0000000
FHINS3P      2011848       0.1091564       0.3118354               0       1.0000000
FHINS4P      2011848       0.1165520       0.3208858               0       1.0000000
FMARHMP      2011848       0.0443826       0.2059436               0       1.0000000
FMIGP        2011848       0.0740677       0.2618811               0       1.0000000
FMIGSP       2011848       0.0267446       0.1613360               0       1.0000000
FPERNP       2011848       0.1886017       0.3911920               0       1.0000000
FPINCP       2011848       0.2591692       0.4381787               0       1.0000000
FSEMP        2011848       0.1123678       0.3158185               0       1.0000000
FSEXP        2011848     0.000561176       0.0236825               0       1.0000000
FWAGP        2011848       0.1824064       0.3861792               0       1.0000000
------------------------------------------------------------------------------------
