The SAS System                                                   17:25 Thursday, October 5, 2023   1

The FREQ Procedure

                                 Cumulative    Cumulative
AGEP    Frequency     Percent     Frequency      Percent
---------------------------------------------------------
   .           1        0.00             1         0.00  
   0       31778        1.02         31779         1.02  
   1       33260        1.07         65039         2.09  
   2       34709        1.12         99748         3.21  
   3       36359        1.17        136107         4.37  
   4       36816        1.18        172923         5.56  
   5       36733        1.18        209656         6.74  
   6       36756        1.18        246412         7.92  
   7       36855        1.18        283267         9.10  
   8       36629        1.18        319896        10.28  
   9       36856        1.18        356752        11.46  
  10       38629        1.24        395381        12.70  
  11       38507        1.24        433888        13.94  
  12       38819        1.25        472707        15.19  
  13       38985        1.25        511692        16.44  
  14       39438        1.27        551130        17.71  
  15       40569        1.30        591699        19.01  
  16       41157        1.32        632856        20.34  
  17       42448        1.36        675304        21.70  
  18       48523        1.56        723827        23.26  
  19       47040        1.51        770867        24.77  
  20       43648        1.40        814515        26.17  
  21       41206        1.32        855721        27.50  
  22       37517        1.21        893238        28.70  
  23       35845        1.15        929083        29.85  
  24       34889        1.12        963972        30.98  
  25       36104        1.16       1000076        32.14  
  26       34752        1.12       1034828        33.25  
  27       34769        1.12       1069597        34.37  
  28       36273        1.17       1105870        35.54  
  29       35960        1.16       1141830        36.69  
  30       37688        1.21       1179518        37.90  
  31       35842        1.15       1215360        39.05  
  32       35306        1.13       1250666        40.19  
  33       34972        1.12       1285638        41.31  
  34       34775        1.12       1320413        42.43  
  35       34966        1.12       1355379        43.55  
  36       34321        1.10       1389700        44.66  
  37       33997        1.09       1423697        45.75  
  38       35379        1.14       1459076        46.89  
  39       36533        1.17       1495609        48.06  
  40       41953        1.35       1537562        49.41  
  41       39719        1.28       1577281        50.68  
  42       38823        1.25       1616104        51.93  
  43       38420        1.23       1654524        53.17  
  44       38850        1.25       1693374        54.41  
  45       41521        1.33       1734895        55.75  
  46       42941        1.38       1777836        57.13  
  47       44692        1.44       1822528        58.56  
  48       45432        1.46       1867960        60.02  
  49       45834        1.47       1913794        61.50  
  50       50098        1.61       1963892        63.11  
  51       47057        1.51       2010949        64.62  
The SAS System                                                   17:25 Thursday, October 5, 2023   2

The FREQ Procedure

                                 Cumulative    Cumulative
AGEP    Frequency     Percent     Frequency      Percent
---------------------------------------------------------
  52       47575        1.53       2058524        66.15  
  53       47524        1.53       2106048        67.67  
  54       47702        1.53       2153750        69.21  
  55       48034        1.54       2201784        70.75  
  56       45807        1.47       2247591        72.22  
  57       45520        1.46       2293111        73.69  
  58       44487        1.43       2337598        75.12  
  59       42588        1.37       2380186        76.48  
  60       43426        1.40       2423612        77.88  
  61       40735        1.31       2464347        79.19  
  62       40813        1.31       2505160        80.50  
  63       40628        1.31       2545788        81.81  
  64       42118        1.35       2587906        83.16  
  65       33779        1.09       2621685        84.24  
  66       31683        1.02       2653368        85.26  
  67       31458        1.01       2684826        86.27  
  68       31971        1.03       2716797        87.30  
  69       28785        0.92       2745582        88.23  
  70       27224        0.87       2772806        89.10  
  71       24727        0.79       2797533        89.89  
  72       24011        0.77       2821544        90.67  
  73       23393        0.75       2844937        91.42  
  74       21658        0.70       2866595        92.11  
  75       21336        0.69       2887931        92.80  
  76       19834        0.64       2907765        93.44  
  77       18696        0.60       2926461        94.04  
  78       17819        0.57       2944280        94.61  
  79       17376        0.56       2961656        95.17  
  80       17274        0.56       2978930        95.72  
  81       15912        0.51       2994842        96.23  
  82       14903        0.48       3009745        96.71  
  83       13961        0.45       3023706        97.16  
  84       13215        0.42       3036921        97.59  
  85       11910        0.38       3048831        97.97  
  86       10848        0.35       3059679        98.32  
  87        9653        0.31       3069332        98.63  
  88        8152        0.26       3077484        98.89  
  89        6548        0.21       3084032        99.10  
  90        3466        0.11       3087498        99.21  
  91        1389        0.04       3088887        99.26  
  92        3903        0.13       3092790        99.38  
  93       11002        0.35       3103792        99.74  
  94        7968        0.26       3111760        99.99  
  95         258        0.01       3112018       100.00  
The SAS System                                                   17:25 Thursday, October 5, 2023   3

The MEANS Procedure

Variable           N            Mean         Std Dev         Minimum         Maximum
------------------------------------------------------------------------------------
SERIALNO     1978064       751332.68       433435.27       1.0000000      1502034.00
SPORDER      1978064       1.7102743       1.0264246       1.0000000      20.0000000
PUMA         1978064         2282.82         2878.93     100.0000000        77777.00
ST           1978064      27.6077195      16.0166404       1.0000000      56.0000000
ADJINC       1978064      1018237.00               0      1018237.00      1018237.00
PWGTP        1978064     102.0025596      90.5216782       1.0000000         2471.00
AGEP         1978064      42.5620946      14.1411067      18.0000000      66.0000000
CIT          1978064       1.5225392       1.2520382       1.0000000       5.0000000
CITWP         129850         1996.39      11.5603315         1945.00         2011.00
COW          1675341       2.1419968       1.9174767       1.0000000       9.0000000
ENG           375246       1.7357254       0.9585118       1.0000000       4.0000000
FER           644252       1.9431108       0.2316310       1.0000000       2.0000000
INTP         1978064         1155.48        11516.69        -7000.00       325000.00
JWMNP        1209550      25.7562432      22.4066252       1.0000000     163.0000000
LANX         1978064       1.8102963       0.3920667       1.0000000       2.0000000
MAR          1978064       2.5440375       1.7884302       1.0000000       5.0000000
MARHD        1373096       1.9846340       0.1230037       1.0000000       2.0000000
MARHM        1373096       1.9719350       0.1651588       1.0000000       2.0000000
MARHT        1373096       1.3049517       0.5644648       1.0000000       3.0000000
MARHW        1373096       1.9956929       0.0654867       1.0000000       2.0000000
MARHYP       1373096         1991.29      12.5785593         1959.00         2011.00
MIG          1978064       1.3007587       0.7105876       1.0000000       3.0000000
MIL          1978064       4.8246346       0.6012003       1.0000000       5.0000000
OIP          1978064     737.0986803         4121.55               0        76000.00
PAP          1978064      60.5399461     714.3342699               0        30000.00
RELP         1978064       2.6073883       4.8476697               0      17.0000000
RETP         1978064         1280.46         7517.26               0       249000.00
SCH          1978064       1.1634538       0.4519047       1.0000000       3.0000000
SCHG          256581      14.9878362       0.6751177       8.0000000      16.0000000
SCHL         1978064      17.9311777       3.5333155       1.0000000      24.0000000
SEMP         1978064         1976.47        15552.80       -10000.00       539000.00
SEX          1978064       1.5065771       0.4999569       1.0000000       2.0000000
SSIP         1978064     256.1596500         1601.74               0        30000.00
SSP          1978064     945.9808763         3614.99               0        50000.00
WAGP         1978064        29102.49        45491.35               0       607000.00
WKHP         1460919      38.4036295      12.8966214       1.0000000      99.0000000
WKL          1978064       1.4237133       0.7541401       1.0000000       3.0000000
WKW          1460919       1.9089395       1.6386382       1.0000000       6.0000000
WRK          1861187       1.3339589       0.4716254       1.0000000       2.0000000
YOEP          308004         1990.50      13.5187487         1944.00         2011.00
DECADE        308004       5.5740088       1.3274924       1.0000000       7.0000000
DIS          1978064       1.8796217       0.3254035       1.0000000       2.0000000
ESP                0               .               .               .               .
ESR          1978064       2.5513659       2.2013388       1.0000000       6.0000000
FOD1P         533434         4347.08         1721.99         1100.00         6403.00
FOD2P          59377         4362.23         1691.58         1100.00         6403.00
HICOV        1978064       1.1874843       0.3902999       1.0000000       2.0000000
HISP         1978064       1.5200509       2.5339435       1.0000000      24.0000000
INDP         1675341         6333.80         2696.75     170.0000000         9920.00
LANP          375246     655.4414491      59.2652010     601.0000000     994.0000000
MIGPUMA       303520         2091.61         1762.22       1.0000000         8200.00
MIGSP         303520      36.0781958      50.3676180       1.0000000     554.0000000
MSP          1978064       3.0342542       2.2411240       1.0000000       6.0000000
------------------------------------------------------------------------------------
The SAS System                                                   17:25 Thursday, October 5, 2023   4

The MEANS Procedure

Variable           N            Mean         Std Dev         Minimum         Maximum
------------------------------------------------------------------------------------
NATIVITY     1978064       1.1411714       0.3481983       1.0000000       2.0000000
NOP                0               .               .               .               .
OC           1978064               0               0               0               0
OCCP         1675341         4440.13         2602.36      10.0000000         9920.00
PAOC          961806       3.3238501       1.0296582       1.0000000       4.0000000
PERNP        1978064        31078.96        47826.79        -9999.00      1146000.00
PINCP        1978064        35514.68        50267.19       -14400.00      1471000.00
POBP         1978064      64.8979477      92.0171860       1.0000000     554.0000000
POVPIP       1878329     313.3296238     166.8609402               0     501.0000000
POWPUMA      1266926         2179.63         1744.05       1.0000000        22777.00
POWSP        1266926      28.0286978      18.1403346       1.0000000     555.0000000
PRIVCOV      1978064       1.3118918       0.4632660       1.0000000       2.0000000
PUBCOV       1978064       1.8241194       0.3807186       1.0000000       2.0000000
QTRBIR       1978064       2.5240437       1.1129917       1.0000000       4.0000000
RAC1P        1978064       1.8201479       1.9836420       1.0000000       9.0000000
RAC2P        1978064       7.4000032      17.7694217       1.0000000      67.0000000
RAC3P        1978064      60.4555308      17.8727096       1.0000000      72.0000000
RACAIAN      1978064       0.0195555       0.1384669               0       1.0000000
RACASN       1978064       0.0555108       0.2289747               0       1.0000000
RACBLK       1978064       0.1202297       0.3252300               0       1.0000000
RACNHPI      1978064       0.0035044       0.0590945               0       1.0000000
RACNUM       1978064       1.0232505       0.1642706       1.0000000       6.0000000
RACSOR       1978064       0.0407570       0.1977269               0       1.0000000
RACWHT       1978064       0.7836930       0.4117261               0       1.0000000
RC           1978064               0               0               0               0
SCIENGP       533434       1.6364255       0.4810286       1.0000000       2.0000000
SCIENGRLP     533434       1.8974212       0.3034082       1.0000000       2.0000000
SFN            46203       1.0196957       0.1435508       1.0000000       4.0000000
SFR            46203       2.3472069       0.8146757       1.0000000       3.0000000
VPS           150101       5.9478151       3.5753731       1.0000000      13.0000000
WAOB         1978064       1.4280696       1.0816630       1.0000000       8.0000000
FANCP        1978064               0               0               0               0
FCOWP        1978064       0.0611381       0.2395834               0       1.0000000
FHINS3P      1978064       0.0531408       0.2243143               0       1.0000000
FHINS4P      1978064       0.0605435       0.2384912               0       1.0000000
FMARHMP      1978064       0.0283580       0.1659936               0       1.0000000
FMIGP        1978064       0.0376904       0.1904464               0       1.0000000
FMIGSP       1978064       0.0138641       0.1169267               0       1.0000000
FPERNP       1978064       0.1645331       0.3707587               0       1.0000000
FPINCP       1978064       0.1978349       0.3983670               0       1.0000000
FSEMP        1978064       0.0562555       0.2304145               0       1.0000000
FSEXP        1978064     0.000912508       0.0301940               0       1.0000000
FWAGP        1978064       0.1556446       0.3625182               0       1.0000000
------------------------------------------------------------------------------------
