-------------------------------------------------------------------------------
      name:  <unnamed>
       log:  /accounts/projects/card/hurricane/replication/industries/portion1_
> prepforcensus/code/acs/industry_averages.log
  log type:  text
 opened on:   6 Oct 2023, 12:34:46

. 
. use ${scratch}/indeffects_naicsp, clear

. 
. gen r=logwage-skill_m3-ind_effects_m3

. sum r

    Variable |        Obs        Mean    Std. dev.       Min        Max
-------------+---------------------------------------------------------
           r |        222   -4.58e-10    1.04e-07  -2.38e-07   2.20e-07

. 
. 
. sum

    Variable |        Obs        Mean    Std. dev.       Min        Max
-------------+---------------------------------------------------------
      naicsp |          0
     logwage |        222    2.895879    .2818151   2.329254   3.687602
      female |        222    .3934015    .1936708   .0666933    .943859
        educ |        222    13.34917    1.117005   10.18396   16.42142
ind_effect~1 |        222    .0216767    .1876995  -.3844449   .5662113
-------------+---------------------------------------------------------
ind_effect~2 |        222    .0257525    .1761266  -.3506376   .5042526
ind_effect~3 |        222    .0299564    .1761478  -.3936082   .4924877
    skill_m1 |        222    2.874203    .1079587   2.600999   3.121391
    skill_m2 |        222    2.870127    .1212213   2.580021    3.18335
    skill_m3 |        222    2.865923    .1294726    2.57663    3.23566
-------------+---------------------------------------------------------
       count |        222    52301.32    97802.14       1235     801594
      wcount |        222     5555707    1.04e+07     127384   7.96e+07
           r |        222   -4.58e-10    1.04e-07  -2.38e-07   2.20e-07

. gen c=1

. sum [w=wcount]
(analytic weights assumed)

    Variable |     Obs      Weight        Mean   Std. dev.       Min        Max
-------------+-----------------------------------------------------------------
      naicsp |       0           0
     logwage |     222  1.2334e+09    2.864071   .3107591   2.329254   3.687602
      female |     222  1.2334e+09    .4793809    .226072   .0666933    .943859
        educ |     222  1.2334e+09    13.61496   1.360635   10.18396   16.42142
ind_effect~1 |     222  1.2334e+09   -8.57e-10   .1960247  -.3844449   .5662113
-------------+-----------------------------------------------------------------
ind_effect~2 |     222  1.2334e+09    7.29e-10   .1818482  -.3506376   .5042526
ind_effect~3 |     222  1.2334e+09   -8.73e-10   .1784869  -.3936082   .4924877
    skill_m1 |     222  1.2334e+09    2.864071   .1346175   2.600999   3.121391
    skill_m2 |     222  1.2334e+09    2.864071   .1525851   2.580021    3.18335
    skill_m3 |     222  1.2334e+09    2.864071   .1582635    2.57663    3.23566
-------------+-----------------------------------------------------------------
       count |     222  1.2334e+09    234350.3   261919.7       1235     801594
      wcount |     222  1.2334e+09    2.51e+07   2.81e+07     127384   7.96e+07
           r |     222  1.2334e+09    9.41e-09   1.09e-07  -2.38e-07   2.20e-07
           c |     222  1.2334e+09           1          0          1          1

. 
. gen naics2=substr(naicsp,1,2)

. replace naics2="33" if naics2=="3M"
(1 real change made)

. 
. tab naics2 [w=wcount]
(frequency weights assumed)

     naics2 |      Freq.     Percent        Cum.
------------+-----------------------------------
         11 |   14362906        1.16        1.16
         21 |    7220964        0.59        1.75
         22 |   10880466        0.88        2.63
         23 |   76508740        6.20        8.84
         31 |   22173917        1.80       10.63
         32 |   33863461        2.75       13.38
         33 |   78680279        6.38       19.76
         42 |   33440145        2.71       22.47
         44 |   92985604        7.54       30.01
         45 |   49590864        4.02       34.03
         48 |   35576905        2.88       36.91
         49 |   16850191        1.37       38.28
         51 |   26356316        2.14       40.42
         52 |   58418174        4.74       45.15
         53 |   20490365        1.66       46.81
         54 |   79387834        6.44       53.25
         55 |    1236036        0.10       53.35
         56 |   54007211        4.38       57.73
         61 |  116410348        9.44       67.17
         62 |  171052779       13.87       81.04
         71 |   25348528        2.06       83.09
         72 |   96377033        7.81       90.91
         81 |   50860818        4.12       95.03
         92 |   61287032        4.97      100.00
------------+-----------------------------------
      Total | 1233366916      100.00

. 
. replace naics2="31" if naics2=="32"
(19 real changes made)

. replace naics2="31" if naics2=="33"
(30 real changes made)

. replace naics2="44" if naics2=="45"
(11 real changes made)

. replace naics2="48" if naics2=="49"
(3 real changes made)

. 
. tab naics2 [w=wcount]
(frequency weights assumed)

     naics2 |      Freq.     Percent        Cum.
------------+-----------------------------------
         11 |   14362906        1.16        1.16
         21 |    7220964        0.59        1.75
         22 |   10880466        0.88        2.63
         23 |   76508740        6.20        8.84
         31 |  134717657       10.92       19.76
         42 |   33440145        2.71       22.47
         44 |  142576468       11.56       34.03
         48 |   52427096        4.25       38.28
         51 |   26356316        2.14       40.42
         52 |   58418174        4.74       45.15
         53 |   20490365        1.66       46.81
         54 |   79387834        6.44       53.25
         55 |    1236036        0.10       53.35
         56 |   54007211        4.38       57.73
         61 |  116410348        9.44       67.17
         62 |  171052779       13.87       81.04
         71 |   25348528        2.06       83.09
         72 |   96377033        7.81       90.91
         81 |   50860818        4.12       95.03
         92 |   61287032        4.97      100.00
------------+-----------------------------------
      Total | 1233366916      100.00

. assert real(naics2)<.

. 
. gen naics3=substr(naicsp,1,3)

. gen mfg=0

. replace mfg=1 if naics2=="31"
(67 real changes made)

. replace mfg=1 if naics2=="32"
(0 real changes made)

. replace mfg=1 if naics2=="33"
(0 real changes made)

. replace naics3="339" if naics3=="3MS"
(1 real change made)

. replace naics3="311" if naics3=="312"
(2 real changes made)

. replace naics3="313" if naics3=="314"
(2 real changes made)

. replace naics3="315" if naics3=="316"
(2 real changes made)

. tab naics3 if mfg==1

     naics3 |      Freq.     Percent        Cum.
------------+-----------------------------------
        311 |         10       14.93       14.93
        313 |          5        7.46       22.39
        315 |          3        4.48       26.87
        321 |          3        4.48       31.34
        322 |          2        2.99       34.33
        323 |          1        1.49       35.82
        324 |          1        1.49       37.31
        325 |          6        8.96       46.27
        326 |          2        2.99       49.25
        327 |          4        5.97       55.22
        331 |          4        5.97       61.19
        332 |          6        8.96       70.15
        333 |          6        8.96       79.10
        334 |          4        5.97       85.07
        335 |          2        2.99       88.06
        336 |          5        7.46       95.52
        337 |          1        1.49       97.01
        339 |          2        2.99      100.00
------------+-----------------------------------
      Total |         67      100.00

. 
. destring naics2, replace
naics2: all characters numeric; replaced as byte

. 
. *Normalize
.  //Industry effects should be .038937 on average in 72 (based on LEHD)
.  su ind_effects_m3 if naics2==72 [aw=wcount]

    Variable |     Obs      Weight        Mean   Std. dev.       Min        Max
-------------+-----------------------------------------------------------------
ind_effect~3 |       4    96377033   -.2361006    .034014  -.2767684  -.1634685

.  gen ind_effects_adj=ind_effects_m3-r(mean) + 0.038937

.  //Person effects should be zero on average
.  su skill_m3 [aw=wcount]

    Variable |     Obs      Weight        Mean   Std. dev.       Min        Max
-------------+-----------------------------------------------------------------
    skill_m3 |     222  1.2334e+09    2.864071   .1582635    2.57663    3.23566

.  gen skill_adj=skill_m3-r(mean)

.  
. tempfile cleaned

. save `cleaned'
file /tmp/St2381900.000001 saved as .dta format

. 
. 
. // Make a 2-digit file
. collapse (mean) logwage educ female ind_effects_adj skill_adj (sum) wc=c [pw=
> wcount], by(naics2)

. sum [w=wc]
(analytic weights assumed)

    Variable |     Obs      Weight        Mean   Std. dev.       Min        Max
-------------+-----------------------------------------------------------------
      naics2 |      20  1.2334e+09    53.29303   18.29521         11         92
     logwage |      20  1.2334e+09    2.864071   .2645353   2.360909   3.368662
        educ |      20  1.2334e+09    13.61496    1.22137   10.75129   15.63448
      female |      20  1.2334e+09    .4793809   .1965728   .0974801   .7899469
ind_effect~j |      20  1.2334e+09    .2750376   .1489278    .038937   .6229651
-------------+-----------------------------------------------------------------
   skill_adj |      20  1.2334e+09   -1.70e-09   .1377052  -.2670608   .2577993
          wc |      20  1.2334e+09    9.84e+07   4.86e+07    1236036   1.71e+08

. list naics2 wc logwage educ female ind_effects_adj skill_adj

     +---------------------------------------------------------------+
  1. | naics2 |       wc |  logwage |     educ |   female | ind_ef~j |
     |     11 | 1.44e+07 | 2.476791 | 10.75129 | .2501551 | .0876104 |
     |---------------------------------------------------------------|
     |                           skill_adj                           |
     |                           -.1998528                           |
     +---------------------------------------------------------------+

     +---------------------------------------------------------------+
  2. | naics2 |       wc |  logwage |     educ |   female | ind_ef~j |
     |     21 |  7220964 | 3.191991 | 12.97792 | .1397139 | .6229651 |
     |---------------------------------------------------------------|
     |                           skill_adj                           |
     |                           -.0200075                           |
     +---------------------------------------------------------------+

     +---------------------------------------------------------------+
  3. | naics2 |       wc |  logwage |     educ |   female | ind_ef~j |
     |     22 | 1.09e+07 | 3.302767 | 13.70364 |  .223561 | .6044734 |
     |---------------------------------------------------------------|
     |                           skill_adj                           |
     |                            .1092599                           |
     +---------------------------------------------------------------+

     +---------------------------------------------------------------+
  4. | naics2 |       wc |  logwage |     educ |   female | ind_ef~j |
     |     23 | 7.65e+07 |  2.88426 | 11.97532 | .0974801 | .3537447 |
     |---------------------------------------------------------------|
     |                           skill_adj                           |
     |                           -.0585176                           |
     +---------------------------------------------------------------+

     +---------------------------------------------------------------+
  5. | naics2 |       wc |  logwage |     educ |   female | ind_ef~j |
     |     31 | 1.35e+08 | 2.978309 | 13.04239 | .2923328 | .3731527 |
     |---------------------------------------------------------------|
     |                           skill_adj                           |
     |                            .0161229                           |
     +---------------------------------------------------------------+

     +---------------------------------------------------------------+
  6. | naics2 |       wc |  logwage |     educ |   female | ind_ef~j |
     |     42 | 3.34e+07 | 2.969146 | 13.22944 | .3054552 | .3478182 |
     |---------------------------------------------------------------|
     |                           skill_adj                           |
     |                            .0322953                           |
     +---------------------------------------------------------------+

     +---------------------------------------------------------------+
  7. | naics2 |       wc |  logwage |     educ |   female | ind_ef~j |
     |     44 | 1.43e+08 | 2.582925 | 12.92186 | .4962535 | .1341793 |
     |---------------------------------------------------------------|
     |                           skill_adj                           |
     |                           -.1402874                           |
     +---------------------------------------------------------------+

     +---------------------------------------------------------------+
  8. | naics2 |       wc |  logwage |     educ |   female | ind_ef~j |
     |     48 | 5.24e+07 | 2.881074 | 12.77327 | .2570876 | .3066306 |
     |---------------------------------------------------------------|
     |                           skill_adj                           |
     |                             -.01459                           |
     +---------------------------------------------------------------+

     +---------------------------------------------------------------+
  9. | naics2 |       wc |  logwage |     educ |   female | ind_ef~j |
     |     51 | 2.64e+07 | 3.140033 | 14.50657 | .4115649 | .4313085 |
     |---------------------------------------------------------------|
     |                           skill_adj                           |
     |                            .1196913                           |
     +---------------------------------------------------------------+

     +---------------------------------------------------------------+
 10. | naics2 |       wc |  logwage |     educ |   female | ind_ef~j |
     |     52 | 5.84e+07 | 3.227166 |  14.6604 | .5886444 | .5190739 |
     |---------------------------------------------------------------|
     |                           skill_adj                           |
     |                            .1190592                           |
     +---------------------------------------------------------------+

     +---------------------------------------------------------------+
 11. | naics2 |       wc |  logwage |     educ |   female | ind_ef~j |
     |     53 | 2.05e+07 | 2.936499 |  13.6498 | .4611608 | .2965806 |
     |---------------------------------------------------------------|
     |                           skill_adj                           |
     |                            .0508856                           |
     +---------------------------------------------------------------+

     +---------------------------------------------------------------+
 12. | naics2 |       wc |  logwage |     educ |   female | ind_ef~j |
     |     54 | 7.94e+07 | 3.324325 | 15.55328 | .4478554 | .4774921 |
     |---------------------------------------------------------------|
     |                           skill_adj                           |
     |                            .2577993                           |
     +---------------------------------------------------------------+

     +---------------------------------------------------------------+
 13. | naics2 |       wc |  logwage |     educ |   female | ind_ef~j |
     |     55 |  1236036 | 3.368662 | 14.98748 | .5286407 |  .569821 |
     |---------------------------------------------------------------|
     |                           skill_adj                           |
     |                            .2098082                           |
     +---------------------------------------------------------------+

     +---------------------------------------------------------------+
 14. | naics2 |       wc |  logwage |     educ |   female | ind_ef~j |
     |     56 | 5.40e+07 | 2.620158 |  12.3869 | .3934906 | .1452286 |
     |---------------------------------------------------------------|
     |                           skill_adj                           |
     |                           -.1141038                           |
     +---------------------------------------------------------------+

     +---------------------------------------------------------------+
 15. | naics2 |       wc |  logwage |     educ |   female | ind_ef~j |
     |     61 | 1.16e+08 | 2.905081 | 15.63448 | .6931671 | .1610755 |
     |---------------------------------------------------------------|
     |                           skill_adj                           |
     |                            .1549719                           |
     +---------------------------------------------------------------+

     +---------------------------------------------------------------+
 16. | naics2 |       wc |  logwage |     educ |   female | ind_ef~j |
     |     62 | 1.71e+08 | 2.904667 | 14.26282 | .7899469 | .2960363 |
     |---------------------------------------------------------------|
     |                           skill_adj                           |
     |                            .0195977                           |
     +---------------------------------------------------------------+

     +---------------------------------------------------------------+
 17. | naics2 |       wc |  logwage |     educ |   female | ind_ef~j |
     |     71 | 2.53e+07 | 2.635969 | 13.47475 |  .463274 | .1364294 |
     |---------------------------------------------------------------|
     |                           skill_adj                           |
     |                           -.0894938                           |
     +---------------------------------------------------------------+

     +---------------------------------------------------------------+
 18. | naics2 |       wc |  logwage |     educ |   female | ind_ef~j |
     |     72 | 9.64e+07 | 2.360909 | 12.19549 | .5246294 |  .038937 |
     |---------------------------------------------------------------|
     |                           skill_adj                           |
     |                           -.2670608                           |
     +---------------------------------------------------------------+

     +---------------------------------------------------------------+
 19. | naics2 |       wc |  logwage |     educ |   female | ind_ef~j |
     |     81 | 5.09e+07 |  2.64375 | 13.06114 | .5057847 | .1128398 |
     |---------------------------------------------------------------|
     |                           skill_adj                           |
     |                           -.0581233                           |
     +---------------------------------------------------------------+

     +---------------------------------------------------------------+
 20. | naics2 |       wc |  logwage |     educ |   female | ind_ef~j |
     |     92 | 6.13e+07 | 3.140986 | 14.45152 | .4396214 | .4267549 |
     |---------------------------------------------------------------|
     |                           skill_adj                           |
     |                            .1251978                           |
     +---------------------------------------------------------------+

. save ${scratch}/industry_averages_2digit, replace
file
    ~/replication/industries/portion1_prepforcensus/intermediate/industry_ave
    > rages_2digit.dta saved

. 
. 
. // Make a 3-digit file
. use `cleaned', clear

. sum [w=wcount]
(analytic weights assumed)

    Variable |     Obs      Weight        Mean   Std. dev.       Min        Max
-------------+-----------------------------------------------------------------
      naicsp |       0           0
     logwage |     222  1.2334e+09    2.864071   .3107591   2.329254   3.687602
      female |     222  1.2334e+09    .4793809    .226072   .0666933    .943859
        educ |     222  1.2334e+09    13.61496   1.360635   10.18396   16.42142
ind_effect~1 |     222  1.2334e+09   -8.57e-10   .1960247  -.3844449   .5662113
-------------+-----------------------------------------------------------------
ind_effect~2 |     222  1.2334e+09    7.29e-10   .1818482  -.3506376   .5042526
ind_effect~3 |     222  1.2334e+09   -8.73e-10   .1784869  -.3936082   .4924877
    skill_m1 |     222  1.2334e+09    2.864071   .1346175   2.600999   3.121391
    skill_m2 |     222  1.2334e+09    2.864071   .1525851   2.580021    3.18335
    skill_m3 |     222  1.2334e+09    2.864071   .1582635    2.57663    3.23566
-------------+-----------------------------------------------------------------
       count |     222  1.2334e+09    234350.3   261919.7       1235     801594
      wcount |     222  1.2334e+09    2.51e+07   2.81e+07     127384   7.96e+07
           r |     222  1.2334e+09    9.41e-09   1.09e-07  -2.38e-07   2.20e-07
           c |     222  1.2334e+09           1          0          1          1
      naics2 |     222  1.2334e+09    53.29303   17.87226         11         92
-------------+-----------------------------------------------------------------
      naics3 |       0           0
         mfg |     222  1.2334e+09    .1092276   .3126294          0          1
ind_effect~j |     222  1.2334e+09    .2750376   .1784869  -.1185706   .7675254
   skill_adj |     222  1.2334e+09   -2.56e-09   .1582635  -.2874404   .3715888

. *now select only MFG
. keep if mfg==1
(155 observations deleted)

. assert real(naics3)<.

. destring naics3, replace
naics3: all characters numeric; replaced as int

. drop naics2 mfg

. sum [w=wcount]
(analytic weights assumed)

    Variable |     Obs      Weight        Mean   Std. dev.       Min        Max
-------------+-----------------------------------------------------------------
      naicsp |       0           0
     logwage |      67   134717657    2.978309   .2472854   2.553126   3.477436
      female |      67   134717657    .2923328   .1027675   .1140651    .632799
        educ |      67   134717657    13.04239   .9999347   10.87505   15.41598
ind_effect~1 |      67   134717657    .0822232   .1520943  -.1551439   .4107389
-------------+-----------------------------------------------------------------
ind_effect~2 |      67   134717657    .0813132   .1362894  -.1417814   .4026026
ind_effect~3 |      67   134717657    .0981151   .1260263  -.1482043   .4185165
    skill_m1 |      67   134717657    2.896086   .1011815   2.648225   3.079634
    skill_m2 |      67   134717657    2.896996   .1150876   2.665589   3.132319
    skill_m3 |      67   134717657    2.880194    .133015   2.585035   3.172372
-------------+-----------------------------------------------------------------
       count |      67   134717657    40908.55   30378.91       1235     108789
      wcount |      67   134717657     4238828    3187076     127384   1.14e+07
           r |      67   134717657    1.20e-09   1.03e-07  -1.86e-07   1.79e-07
           c |      67   134717657           1          0          1          1
      naics3 |      67   134717657    328.4944   9.060849        311        339
-------------+-----------------------------------------------------------------
ind_effect~j |      67   134717657    .3731527   .1260263   .1268333   .6935542
   skill_adj |      67   134717657    .0161229    .133015  -.2790357   .3083013

. 
. collapse (mean) logwage educ female ind_effects_adj skill_adj (sum) wc=c [pw=
> wcount], by(naics3)

. sum [w=wc]
(analytic weights assumed)

    Variable |     Obs      Weight        Mean   Std. dev.       Min        Max
-------------+-----------------------------------------------------------------
      naics3 |      18   134717657    328.4944   9.253696        311        339
     logwage |      18   134717657    2.978309   .2096153   2.606241    3.38678
        educ |      18   134717657    13.04239   .8339653   11.57819   14.67595
      female |      18   134717657    .2923328   .0896797   .1441454   .6151146
ind_effect~j |      18   134717657    .3731527   .1091491    .147164   .6935542
-------------+-----------------------------------------------------------------
   skill_adj |      18   134717657    .0161229   .1094384  -.1362257   .2590083
          wc |      18   134717657    1.14e+07    5961839    1826719   2.00e+07

. list naics3 wc logwage educ female ind_effects_adj skill_adj

     +---------------------------------------------------------------+
  1. | naics3 |       wc |  logwage |     educ |   female | ind_ef~j |
     |    311 | 1.73e+07 | 2.733542 | 12.08689 | .3731993 | .2741531 |
     |---------------------------------------------------------------|
     |                           skill_adj                           |
     |                           -.1296439                           |
     +---------------------------------------------------------------+

     +---------------------------------------------------------------+
  2. | naics3 |       wc |  logwage |     educ |   female | ind_ef~j |
     |    313 |  2277409 | 2.681666 | 11.98953 |  .433508 | .2288581 |
     |---------------------------------------------------------------|
     |                           skill_adj                           |
     |                           -.1362257                           |
     +---------------------------------------------------------------+

     +---------------------------------------------------------------+
  3. | naics3 |       wc |  logwage |     educ |   female | ind_ef~j |
     |    315 |  2601504 | 2.606241 | 11.57819 | .6151146 |  .147164 |
     |---------------------------------------------------------------|
     |                           skill_adj                           |
     |                            -.129956                           |
     +---------------------------------------------------------------+

     +---------------------------------------------------------------+
  4. | naics3 |       wc |  logwage |     educ |   female | ind_ef~j |
     |    321 |  3622780 |  2.69434 | 11.92832 |  .161222 | .2125771 |
     |---------------------------------------------------------------|
     |                           skill_adj                           |
     |                             -.10727                           |
     +---------------------------------------------------------------+

     +---------------------------------------------------------------+
  5. | naics3 |       wc |  logwage |     educ |   female | ind_ef~j |
     |    322 |  3497460 | 3.022015 | 12.84605 |  .248675 | .4368421 |
     |---------------------------------------------------------------|
     |                           skill_adj                           |
     |                           -.0038604                           |
     +---------------------------------------------------------------+

     +---------------------------------------------------------------+
  6. | naics3 |       wc |  logwage |     educ |   female | ind_ef~j |
     |    323 |  4806987 |  2.84774 | 12.88877 | .3508196 | .2605979 |
     |---------------------------------------------------------------|
     |                           skill_adj                           |
     |                           -.0018906                           |
     +---------------------------------------------------------------+

     +---------------------------------------------------------------+
  7. | naics3 |       wc |  logwage |     educ |   female | ind_ef~j |
     |    324 |  1826719 |  3.38678 | 13.69182 | .1838756 | .6935542 |
     |---------------------------------------------------------------|
     |                           skill_adj                           |
     |                            .1041923                           |
     +---------------------------------------------------------------+

     +---------------------------------------------------------------+
  8. | naics3 |       wc |  logwage |     educ |   female | ind_ef~j |
     |    325 | 1.16e+07 | 3.250588 | 14.19655 | .3543681 | .5198529 |
     |---------------------------------------------------------------|
     |                           skill_adj                           |
     |                            .1417021                           |
     +---------------------------------------------------------------+

     +---------------------------------------------------------------+
  9. | naics3 |       wc |  logwage |     educ |   female | ind_ef~j |
     |    326 |  4854441 | 2.832309 | 12.53906 | .2930179 | .3048664 |
     |---------------------------------------------------------------|
     |                           skill_adj                           |
     |                           -.0615907                           |
     +---------------------------------------------------------------+

     +---------------------------------------------------------------+
 10. | naics3 |       wc |  logwage |     educ |   female | ind_ef~j |
     |    327 |  3661429 | 2.893077 | 12.43926 | .1952118 | .3370236 |
     |---------------------------------------------------------------|
     |                           skill_adj                           |
     |                           -.0329798                           |
     +---------------------------------------------------------------+

     +---------------------------------------------------------------+
 11. | naics3 |       wc |  logwage |     educ |   female | ind_ef~j |
     |    331 |  4589318 | 2.986308 | 12.57959 | .1441454 | .4213585 |
     |---------------------------------------------------------------|
     |                           skill_adj                           |
     |                           -.0240839                           |
     +---------------------------------------------------------------+

     +---------------------------------------------------------------+
 12. | naics3 |       wc |  logwage |     educ |   female | ind_ef~j |
     |    332 | 1.05e+07 |   2.8809 | 12.45998 | .1895817 | .3218802 |
     |---------------------------------------------------------------|
     |                           skill_adj                           |
     |                           -.0300138                           |
     +---------------------------------------------------------------+

     +---------------------------------------------------------------+
 13. | naics3 |       wc |  logwage |     educ |   female | ind_ef~j |
     |    333 | 1.09e+07 | 3.028615 | 13.24064 | .2156532 |  .399381 |
     |---------------------------------------------------------------|
     |                           skill_adj                           |
     |                             .040201                           |
     +---------------------------------------------------------------+

     +---------------------------------------------------------------+
 14. | naics3 |       wc |  logwage |     educ |   female | ind_ef~j |
     |    334 | 1.06e+07 | 3.357913 | 14.67595 | .3050948 | .5098714 |
     |---------------------------------------------------------------|
     |                           skill_adj                           |
     |                            .2590083                           |
     +---------------------------------------------------------------+

     +---------------------------------------------------------------+
 15. | naics3 |       wc |  logwage |     educ |   female | ind_ef~j |
     |    335 |  3778948 | 3.009463 | 13.35165 | .3071537 | .3780414 |
     |---------------------------------------------------------------|
     |                           skill_adj                           |
     |                            .0423887                           |
     +---------------------------------------------------------------+

     +---------------------------------------------------------------+
 16. | naics3 |       wc |  logwage |     educ |   female | ind_ef~j |
     |    336 | 2.00e+07 |  3.10786 | 13.47577 | .2454524 |  .458662 |
     |---------------------------------------------------------------|
     |                           skill_adj                           |
     |                            .0601648                           |
     +---------------------------------------------------------------+

     +---------------------------------------------------------------+
 17. | naics3 |       wc |  logwage |     educ |   female | ind_ef~j |
     |    337 |  3715303 | 2.705803 |  12.0628 | .2562547 | .2159508 |
     |---------------------------------------------------------------|
     |                           skill_adj                           |
     |                           -.0991808                           |
     +---------------------------------------------------------------+

     +---------------------------------------------------------------+
 18. | naics3 |       wc |  logwage |     educ |   female | ind_ef~j |
     |    339 | 1.46e+07 | 2.923829 | 13.09599 | .3667558 | .3143533 |
     |---------------------------------------------------------------|
     |                           skill_adj                           |
     |                            .0204428                           |
     +---------------------------------------------------------------+

. 
. save ${scratch}/industry_averages_3digit, replace
file
    ~/replication/industries/portion1_prepforcensus/intermediate/industry_ave
    > rages_3digit.dta saved

. 
. log close
      name:  <unnamed>
       log:  /accounts/projects/card/hurricane/replication/industries/portion1_
> prepforcensus/code/acs/industry_averages.log
  log type:  text
 closed on:   6 Oct 2023, 12:34:46
-------------------------------------------------------------------------------
