-------------------------------------------------------------------------------
      name:  <unnamed>
       log:  /accounts/projects/card/hurricane/replication/industries/portion1_
> prepforcensus/code/acs/puma2000_prep.log
  log type:  text
 opened on:   5 Oct 2023, 17:08:55

. 
. set seed 921109

. 
. use ${raw}/dorn/cw_puma2000_czone, clear

. 
. gen state=floor(puma2000/10000)

. gen puma=puma2000-state*10000

. rename czone cz

. gen randorder=runiform()

. 
. // Arbitrary tiebreakers. These reproduce what was sent to Census in 2021.
. gen tiebreak=10

. /* 
> replace tiebreak=1 if (puma2000==200200 & cz==29202) | ///
>                       (puma2000==310100 & cz==27704) | ///
>                       (puma2000==460500 & cz==27004) | ///
>                       (puma2000==460500 & cz==27008) | ///
>                       (puma2000==480100 & cz==30908) | ///
>                       (puma2000==483100 & cz==31403) | ///
>                       (puma2000==550100 & cz==21101) | ///
>                       (puma2000==380100 & cz==26403)
> replace tiebreak=2 if puma2000==310100 & cz==27003
> */
. isid state puma afactor tiebreak randorder

. 
. *next line deletes cz allocations if less than 5% of pop in cz
. keep if afactor>.05
(104 observations deleted)

. local maxcz=10

. 
. 
. gsort state puma -afactor tiebreak randorder

. 
. by state puma: gen ccounter=_n

. by state puma: gen ncz=_N

. by state puma: egen afsum=sum(afactor)

. 
. 
. 
. tab ncz if ccounter==1

        ncz |      Freq.     Percent        Cum.
------------+-----------------------------------
          1 |      1,704       82.28       82.28
          2 |        170        8.21       90.49
          3 |        108        5.21       95.70
          4 |         56        2.70       98.41
          5 |         22        1.06       99.47
          6 |          8        0.39       99.86
          7 |          1        0.05       99.90
          9 |          1        0.05       99.95
         10 |          1        0.05      100.00
------------+-----------------------------------
      Total |      2,071      100.00

. sum afactor afsum

    Variable |        Obs        Mean    Std. dev.       Min        Max
-------------+---------------------------------------------------------
     afactor |      2,776     .744942    .3502843       .051          1
       afsum |      2,776    .9953667    .0196858       .807      1.002

. sum afactor if ccounter==1, detail

                fraction of puma pop in czone
-------------------------------------------------------------
      Percentiles      Smallest
 1%         .332           .172
 5%         .483           .229
10%         .628           .254       Obs               2,071
25%            1           .264       Sum of wgt.       2,071

50%            1                      Mean           .9273535
                        Largest       Std. dev.      .1705307
75%            1              1
90%            1              1       Variance       .0290807
95%            1              1       Skewness      -2.255984
99%            1              1       Kurtosis       6.829651

. 
. 
. *next line has max of maxcz czs per puma, hardwired
. *note afactors are adjusted to add to 1 despite some missing cz weights
. 
. forvalues i=1/`maxcz' {
  2. 
.  by state puma: gen cz`i'=cz[`i']
  3.  by state puma: gen af`i'=afactor[`i']/afsum
  4. 
.  }
(1,704 missing values generated)
(1,704 missing values generated)
(2,044 missing values generated)
(2,044 missing values generated)
(2,368 missing values generated)
(2,368 missing values generated)
(2,592 missing values generated)
(2,592 missing values generated)
(2,702 missing values generated)
(2,702 missing values generated)
(2,750 missing values generated)
(2,750 missing values generated)
(2,757 missing values generated)
(2,757 missing values generated)
(2,757 missing values generated)
(2,757 missing values generated)
(2,766 missing values generated)
(2,766 missing values generated)

. 
. 
. *now retain only 1 observation per state/puma with all possible czs
. 
. keep if ccounter==1
(705 observations deleted)

. 
. 
. tab ncz

        ncz |      Freq.     Percent        Cum.
------------+-----------------------------------
          1 |      1,704       82.28       82.28
          2 |        170        8.21       90.49
          3 |        108        5.21       95.70
          4 |         56        2.70       98.41
          5 |         22        1.06       99.47
          6 |          8        0.39       99.86
          7 |          1        0.05       99.90
          9 |          1        0.05       99.95
         10 |          1        0.05      100.00
------------+-----------------------------------
      Total |      2,071      100.00

. 
. forvalues i=1/`maxcz' {
  2. sum if ncz==`i'
  3.  }

    Variable |        Obs        Mean    Std. dev.       Min        Max
-------------+---------------------------------------------------------
     afactor |      1,704    .9998198    .0025449       .953          1
    puma2000 |      1,704    271252.1    156297.5      10100     552500
          cz |      1,704    21532.49    11536.11        100      39400
       state |      1,704    26.88263    15.64766          1         55
        puma |      1,704    2425.815    1775.517        100       8200
-------------+---------------------------------------------------------
   randorder |      1,704     .502611    .2925501    .000649   .9997289
    tiebreak |      1,704          10           0         10         10
    ccounter |      1,704           1           0          1          1
         ncz |      1,704           1           0          1          1
       afsum |      1,704    .9998198    .0025449       .953          1
-------------+---------------------------------------------------------
         cz1 |      1,704    21532.49    11536.11        100      39400
         af1 |      1,704           1           0          1          1
         cz2 |          0
         af2 |          0
         cz3 |          0
-------------+---------------------------------------------------------
         af3 |          0
         cz4 |          0
         af4 |          0
         cz5 |          0
         af5 |          0
-------------+---------------------------------------------------------
         cz6 |          0
         af6 |          0
         cz7 |          0
         af7 |          0
         cz8 |          0
-------------+---------------------------------------------------------
         af8 |          0
         cz9 |          0
         af9 |          0
        cz10 |          0
        af10 |          0

    Variable |        Obs        Mean    Std. dev.       Min        Max
-------------+---------------------------------------------------------
     afactor |        170    .7028941     .113097       .504       .944
    puma2000 |        170    300348.8    148510.1      10800     560400
          cz |        170    17947.94    11212.57        100      39400
       state |        170    29.89412    14.84717          1         56
        puma |        170    1407.671    1118.332        100       5100
-------------+---------------------------------------------------------
   randorder |        170     .492026    .2867425   .0028251   .9942179
    tiebreak |        170          10           0         10         10
    ccounter |        170           1           0          1          1
         ncz |        170           2           0          2          2
       afsum |        170    .9982294    .0081124       .952      1.002
-------------+---------------------------------------------------------
         cz1 |        170    17947.94    11212.57        100      39400
         af1 |        170    .7042748    .1140595       .504   .9449449
         cz2 |        170    17972.54    11068.51        602      39400
         af2 |        170    .2957252    .1140595   .0550551       .496
         cz3 |          0
-------------+---------------------------------------------------------
         af3 |          0
         cz4 |          0
         af4 |          0
         cz5 |          0
         af5 |          0
-------------+---------------------------------------------------------
         cz6 |          0
         af6 |          0
         cz7 |          0
         af7 |          0
         cz8 |          0
-------------+---------------------------------------------------------
         af8 |          0
         cz9 |          0
         af9 |          0
        cz10 |          0
        af10 |          0

    Variable |        Obs        Mean    Std. dev.       Min        Max
-------------+---------------------------------------------------------
     afactor |        108    .5534352    .1205225       .378       .848
    puma2000 |        108    293887.1    160463.6      10500     560200
          cz |        108    20061.27    11382.37        302      39100
       state |        108    29.24074    16.03785          1         56
        puma |        108    1479.657    1460.981        100       6500
-------------+---------------------------------------------------------
   randorder |        108    .5258636     .304194   .0053736   .9971804
    tiebreak |        108          10           0         10         10
    ccounter |        108           1           0          1          1
         ncz |        108           3           0          3          3
       afsum |        108    .9972778    .0104648       .954      1.002
-------------+---------------------------------------------------------
         cz1 |        108    20061.27    11382.37        302      39100
         af1 |        108    .5549812    .1209617       .378   .8488488
         cz2 |        108    19944.69    11457.95        301      39201
         af2 |        108    .2944056    .0928073   .0770771       .469
         cz3 |        108    19689.16    11331.05        301      39202
-------------+---------------------------------------------------------
         af3 |        108    .1506132     .060436       .054       .282
         cz4 |          0
         af4 |          0
         cz5 |          0
         af5 |          0
-------------+---------------------------------------------------------
         cz6 |          0
         af6 |          0
         cz7 |          0
         af7 |          0
         cz8 |          0
-------------+---------------------------------------------------------
         af8 |          0
         cz9 |          0
         af9 |          0
        cz10 |          0
        af10 |          0

    Variable |        Obs        Mean    Std. dev.       Min        Max
-------------+---------------------------------------------------------
     afactor |         56    .4600357    .1082853       .299       .744
    puma2000 |         56    317883.9    138332.9      10700     550700
          cz |         56    21760.11    11048.46       1202      38802
       state |         56    31.66071    13.80945          1         55
        puma |         56    1276.786      1318.4        100       5900
-------------+---------------------------------------------------------
   randorder |         56    .5459962     .301054   .0105767   .9998157
    tiebreak |         56          10           0         10         10
    ccounter |         56           1           0          1          1
         ncz |         56           4           0          4          4
       afsum |         56      .98275    .0305562       .834      1.002
-------------+---------------------------------------------------------
         cz1 |         56    21760.11    11048.46       1202      38802
         af1 |         56    .4680348    .1085432   .2987013   .7447447
         cz2 |         56    22155.75    11159.57       1203      39203
         af2 |         56    .2689834    .0705594   .1051051   .4218062
         cz3 |         56    22316.25    11480.57       1204      39100
-------------+---------------------------------------------------------
         af3 |         56    .1605376    .0499708       .069   .2854291
         cz4 |         56    21594.57    11567.45       1201      39205
         af4 |         56    .1024442    .0330937       .051       .181
         cz5 |          0
         af5 |          0
-------------+---------------------------------------------------------
         cz6 |          0
         af6 |          0
         cz7 |          0
         af7 |          0
         cz8 |          0
-------------+---------------------------------------------------------
         af8 |          0
         cz9 |          0
         af9 |          0
        cz10 |          0
        af10 |          0

    Variable |        Obs        Mean    Std. dev.       Min        Max
-------------+---------------------------------------------------------
     afactor |         22    .3766818    .0925544       .264       .614
    puma2000 |         22    350604.5    158919.7      20300     550400
          cz |         22    27325.18    7251.865       4701      36100
       state |         22    34.95455    15.85493          2         55
        puma |         22    1059.091    1154.972        100       3600
-------------+---------------------------------------------------------
   randorder |         22    .4493816    .3036766   .0351801   .9574421
    tiebreak |         22          10           0         10         10
    ccounter |         22           1           0          1          1
         ncz |         22           5           0          5          5
       afsum |         22    .9716364    .0449259       .862      1.001
-------------+---------------------------------------------------------
         cz1 |         22    27325.18    7251.865       4701      36100
         af1 |         22    .3885627    .0973791   .2741433   .6133866
         cz2 |         22    27861.27    5613.378      10502      36402
         af2 |         22    .2462271    .0527342   .1805714   .3686314
         cz3 |         22    27457.27    7388.129       3001      35902
-------------+---------------------------------------------------------
         af3 |         22     .169405    .0509099   .0669331   .2481828
         cz4 |         22    26988.14    8235.504       2400      35402
         af4 |         22    .1156115    .0385019   .0590591       .179
         cz5 |         22    26766.45      8273.8       2500      35903
         af5 |         22    .0801937    .0318543       .051       .151
-------------+---------------------------------------------------------
         cz6 |          0
         af6 |          0
         cz7 |          0
         af7 |          0
         cz8 |          0
-------------+---------------------------------------------------------
         af8 |          0
         cz9 |          0
         af9 |          0
        cz10 |          0
        af10 |          0

    Variable |        Obs        Mean    Std. dev.       Min        Max
-------------+---------------------------------------------------------
     afactor |          8       .3465    .0958168       .254       .565
    puma2000 |          8    302012.5    190497.4      11800     560300
          cz |          8    23752.88    9539.788       8402      34601
       state |          8      30.125    19.11198          1         56
        puma |          8       762.5    803.4524        100       2200
-------------+---------------------------------------------------------
   randorder |          8    .5018276    .3832801   .0267673   .9860467
    tiebreak |          8          10           0         10         10
    ccounter |          8           1           0          1          1
         ncz |          8           6           0          6          6
       afsum |          8        .967    .0660022       .807      1.002
-------------+---------------------------------------------------------
         cz1 |          8    23752.88    9539.788       8402      34601
         af1 |          8    .3597639     .101403    .254509   .5867082
         cz2 |          8    23928.75    8965.586       9302      34304
         af2 |          8    .2108432    .0388091   .1246106       .254
         cz3 |          8       21640    8882.196       9100      30903
-------------+---------------------------------------------------------
         af3 |          8    .1575606    .0278305   .1235722   .2103658
         cz4 |          8    23803.38    9126.735       9301      34302
         af4 |          8    .1132949    .0279095   .0550363   .1482966
         cz5 |          8    22576.88    9637.781       9002      34603
         af5 |          8    .0897959    .0203883   .0550363   .1138211
-------------+---------------------------------------------------------
         cz6 |          8    23464.88    9316.929       8401      34301
         af6 |          8    .0687415    .0108034   .0550363   .0835031
         cz7 |          0
         af7 |          0
         cz8 |          0
-------------+---------------------------------------------------------
         af8 |          0
         cz9 |          0
         af9 |          0
        cz10 |          0
        af10 |          0

    Variable |        Obs        Mean    Std. dev.       Min        Max
-------------+---------------------------------------------------------
     afactor |          1        .371           .       .371       .371
    puma2000 |          1      200100           .     200100     200100
          cz |          1       29006           .      29006      29006
       state |          1          20           .         20         20
        puma |          1         100           .        100        100
-------------+---------------------------------------------------------
   randorder |          1    .2969249           .   .2969249   .2969249
    tiebreak |          1          10           .         10         10
    ccounter |          1           1           .          1          1
         ncz |          1           7           .          7          7
       afsum |          1        .927           .       .927       .927
-------------+---------------------------------------------------------
         cz1 |          1       29006           .      29006      29006
         af1 |          1    .4002157           .   .4002157   .4002157
         cz2 |          1       28604           .      28604      28604
         af2 |          1    .1790723           .   .1790723   .1790723
         cz3 |          1       28603           .      28603      28603
-------------+---------------------------------------------------------
         af3 |          1    .1100324           .   .1100324   .1100324
         cz4 |          1       29007           .      29007      29007
         af4 |          1    .0906149           .   .0906149   .0906149
         cz5 |          1       28605           .      28605      28605
         af5 |          1    .0895361           .   .0895361   .0895361
-------------+---------------------------------------------------------
         cz6 |          1       28601           .      28601      28601
         af6 |          1    .0679612           .   .0679612   .0679612
         cz7 |          1       28602           .      28602      28602
         af7 |          1    .0625674           .   .0625674   .0625674
         cz8 |          0
-------------+---------------------------------------------------------
         af8 |          0
         cz9 |          0
         af9 |          0
        cz10 |          0
        af10 |          0

    Variable |        Obs        Mean    Std. dev.       Min        Max
-------------+---------------------------------------------------------
     afactor |          0
    puma2000 |          0
          cz |          0
       state |          0
        puma |          0
-------------+---------------------------------------------------------
   randorder |          0
    tiebreak |          0
    ccounter |          0
         ncz |          0
       afsum |          0
-------------+---------------------------------------------------------
         cz1 |          0
         af1 |          0
         cz2 |          0
         af2 |          0
         cz3 |          0
-------------+---------------------------------------------------------
         af3 |          0
         cz4 |          0
         af4 |          0
         cz5 |          0
         af5 |          0
-------------+---------------------------------------------------------
         cz6 |          0
         af6 |          0
         cz7 |          0
         af7 |          0
         cz8 |          0
-------------+---------------------------------------------------------
         af8 |          0
         cz9 |          0
         af9 |          0
        cz10 |          0
        af10 |          0

    Variable |        Obs        Mean    Std. dev.       Min        Max
-------------+---------------------------------------------------------
     afactor |          1        .172           .       .172       .172
    puma2000 |          1      300300           .     300300     300300
          cz |          1       34308           .      34308      34308
       state |          1          30           .         30         30
        puma |          1         300           .        300        300
-------------+---------------------------------------------------------
   randorder |          1    .8316031           .   .8316031   .8316031
    tiebreak |          1          10           .         10         10
    ccounter |          1           1           .          1          1
         ncz |          1           9           .          9          9
       afsum |          1        .872           .       .872       .872
-------------+---------------------------------------------------------
         cz1 |          1       34308           .      34308      34308
         af1 |          1    .1972477           .   .1972477   .1972477
         cz2 |          1       34305           .      34305      34305
         af2 |          1     .108945           .    .108945    .108945
         cz3 |          1       34304           .      34304      34304
-------------+---------------------------------------------------------
         af3 |          1    .1077982           .   .1077982   .1077982
         cz4 |          1       26406           .      26406      26406
         af4 |          1    .1066514           .   .1066514   .1066514
         cz5 |          1       34204           .      34204      34204
         af5 |          1    .1055046           .   .1055046   .1055046
-------------+---------------------------------------------------------
         cz6 |          1       26408           .      26408      26408
         af6 |          1    .1043578           .   .1043578   .1043578
         cz7 |          1       34307           .      34307      34307
         af7 |          1    .1020642           .   .1020642   .1020642
         cz8 |          1       26409           .      26409      26409
-------------+---------------------------------------------------------
         af8 |          1    .0860092           .   .0860092   .0860092
         cz9 |          1       26411           .      26411      26411
         af9 |          1     .081422           .    .081422    .081422
        cz10 |          0
        af10 |          0

    Variable |        Obs        Mean    Std. dev.       Min        Max
-------------+---------------------------------------------------------
     afactor |          1        .229           .       .229       .229
    puma2000 |          1       20400           .      20400      20400
          cz |          1       34112           .      34112      34112
       state |          1           2           .          2          2
        puma |          1         400           .        400        400
-------------+---------------------------------------------------------
   randorder |          1    .3376258           .   .3376258   .3376258
    tiebreak |          1          10           .         10         10
    ccounter |          1           1           .          1          1
         ncz |          1          10           .         10         10
       afsum |          1        .916           .       .916       .916
-------------+---------------------------------------------------------
         cz1 |          1       34112           .      34112      34112
         af1 |          1         .25           .        .25        .25
         cz2 |          1       34108           .      34108      34108
         af2 |          1     .150655           .    .150655    .150655
         cz3 |          1       34106           .      34106      34106
-------------+---------------------------------------------------------
         af3 |          1     .099345           .    .099345    .099345
         cz4 |          1       34113           .      34113      34113
         af4 |          1    .0796943           .   .0796943   .0796943
         cz5 |          1       34105           .      34105      34105
         af5 |          1    .0786026           .   .0786026   .0786026
-------------+---------------------------------------------------------
         cz6 |          1       34107           .      34107      34107
         af6 |          1    .0731441           .   .0731441   .0731441
         cz7 |          1       34110           .      34110      34110
         af7 |          1    .0720524           .   .0720524   .0720524
         cz8 |          1       34115           .      34115      34115
-------------+---------------------------------------------------------
         af8 |          1    .0709607           .   .0709607   .0709607
         cz9 |          1       34111           .      34111      34111
         af9 |          1    .0665939           .   .0665939   .0665939
        cz10 |          1       34114           .      34114      34114
        af10 |          1     .058952           .    .058952    .058952

. 
. 
. keep state puma ncz afsum cz1-cz`maxcz' af1-af`maxcz'

. sum

    Variable |        Obs        Mean    Std. dev.       Min        Max
-------------+---------------------------------------------------------
       state |      2,071    27.46644    15.61907          1         56
        puma |      2,071    2237.757    1742.809        100       8200
         ncz |      2,071    1.340415    .8789012          1         10
       afsum |      2,071    .9985316    .0104689       .807      1.002
         cz1 |      2,071    21253.64    11497.07        100      39400
-------------+---------------------------------------------------------
         af1 |      2,071    .9281258    .1690529   .1972477          1
         cz2 |        367    20031.26    11179.81        301      39400
         af2 |        367    .2852168    .0997782   .0550551       .496
         cz3 |        197    21575.29    11118.63        301      39202
         af3 |        197    .1551315    .0555017       .054   .2854291
-------------+---------------------------------------------------------
         cz4 |         89    23404.36    10654.18       1201      39205
         af4 |         89    .1063331     .033862       .051       .181
         cz5 |         33    26254.27    8536.858       2500      35903
         af5 |         33    .0835234    .0281295       .051       .151
         cz6 |         11    25166.82    8509.231       8401      34301
-------------+---------------------------------------------------------
         af6 |         11    .0723086    .0140198   .0550363   .1043578
         cz7 |          3    32339.67    3238.413      28602      34307
         af7 |          3    .0788947    .0206182   .0625674   .1020642
         cz8 |          2       30262    5448.965      26409      34115
         af8 |          2    .0784849    .0106409   .0709607   .0860092
-------------+---------------------------------------------------------
         cz9 |          2       30261    5444.722      26411      34111
         af9 |          2     .074008    .0104851   .0665939    .081422
        cz10 |          1       34114           .      34114      34114
        af10 |          1     .058952           .    .058952    .058952

. 
. *list of pumas that have one or more czs dropped due to small share of pop in
>  cz
. list state puma ncz afsum if afsum<.998

      +----------------------------+
      | state   puma   ncz   afsum |
      |----------------------------|
  35. |     2    400    10    .916 |
 324. |     8    101     3    .954 |
 329. |     8    400     5    .935 |
 330. |     8    501     3    .955 |
 333. |     8    700     3    .962 |
      |----------------------------|
 585. |    13   4100     3    .962 |
 599. |    16    300     2    .962 |
 716. |    18   2002     1    .965 |
 741. |    19    100     4     .95 |
 753. |    19   1300     4    .957 |
      |----------------------------|
 760. |    20    100     7    .927 |
 773. |    20   1100     3    .983 |
 774. |    20   1200     5    .942 |
 786. |    21    600     2    .964 |
 802. |    21   1800     1    .955 |
      |----------------------------|
 806. |    21   2100     4    .983 |
 816. |    22    500     4     .96 |
 915. |    25   1500     1    .969 |
 921. |    25   2100     1    .965 |
1021. |    27    100     4    .963 |
      |----------------------------|
1022. |    27    200     1    .957 |
1120. |    29   2600     2    .952 |
1124. |    30    300     9    .872 |
1126. |    30    500     2    .981 |
1129. |    31    100     6    .963 |
      |----------------------------|
1131. |    31    300     3     .96 |
1132. |    31    400     4    .953 |
1133. |    31    500     3    .955 |
1134. |    31    600     4    .957 |
1145. |    32    300     4    .966 |
      |----------------------------|
1231. |    35    200     2    .959 |
1232. |    35    300     4    .943 |
1246. |    36    200     1     .97 |
1446. |    38    100     4    .834 |
1447. |    38    200     4    .908 |
      |----------------------------|
1448. |    38    300     5    .862 |
1450. |    38    500     2    .963 |
1545. |    40    400     2    .956 |
1547. |    40    600     4    .952 |
1561. |    41    200     4    .967 |
      |----------------------------|
1714. |    46    200     5    .875 |
1715. |    46    300     4    .964 |
1717. |    46    500     6    .984 |
1726. |    47    600     4    .955 |
1764. |    48    100     6    .807 |
      |----------------------------|
1767. |    48    400     4    .966 |
1770. |    48    600     4     .93 |
1820. |    48   2800     5    .983 |
1823. |    48   3100     5    .894 |
1826. |    48   3400     5     .93 |
      |----------------------------|
1902. |    48   5900     4    .962 |
1917. |    49    100     2    .989 |
1921. |    49    400     5    .995 |
1932. |    49    700     4    .959 |
1947. |    51    600     1    .953 |
      |----------------------------|
1948. |    51    700     2    .967 |
1952. |    51   1100     1    .974 |
2028. |    54    400     3    .961 |
2037. |    55    100     5    .963 |
2070. |    56    300     6    .982 |
      +----------------------------+

. 
. save ${scratch}/puma2000_cz, replace
file
    ~/replication/industries/portion1_prepforcensus/intermediate/puma2000_cz.
    > dta saved

. desc

Contains data from ~/replication/industries/portion1_prepforcensus/intermediate
> /puma2000_cz.dta
 Observations:         2,071                  
    Variables:            24                  5 Oct 2023 17:08
-------------------------------------------------------------------------------
Variable      Storage   Display    Value
    name         type    format    label      Variable label
-------------------------------------------------------------------------------
state           float   %9.0g                 
puma            float   %9.0g                 
ncz             float   %9.0g                 
afsum           float   %9.0g                 
cz1             float   %9.0g                 
af1             float   %9.0g                 
cz2             float   %9.0g                 
af2             float   %9.0g                 
cz3             float   %9.0g                 
af3             float   %9.0g                 
cz4             float   %9.0g                 
af4             float   %9.0g                 
cz5             float   %9.0g                 
af5             float   %9.0g                 
cz6             float   %9.0g                 
af6             float   %9.0g                 
cz7             float   %9.0g                 
af7             float   %9.0g                 
cz8             float   %9.0g                 
af8             float   %9.0g                 
cz9             float   %9.0g                 
af9             float   %9.0g                 
cz10            float   %9.0g                 
af10            float   %9.0g                 
-------------------------------------------------------------------------------
Sorted by: state  puma

. 
. gen checksum=cond(af1~=.,af1,0)+cond(af2~=.,af2,0)+cond(af3~=.,af3,0)+cond(af
> 4~=.,af4,0)+cond(af5~=.,af5,0)+cond(af6~=.,af6,0)+cond(af7~=.,af7,0)+cond(af8
> ~=.,af8,0)+cond(af9~=.,af9,0)+cond(af10~=.,af10,0)

. sum checksum

    Variable |        Obs        Mean    Std. dev.       Min        Max
-------------+---------------------------------------------------------
    checksum |      2,071           1    9.76e-09   .9999999          1

. 
. log close
      name:  <unnamed>
       log:  /accounts/projects/card/hurricane/replication/industries/portion1_
> prepforcensus/code/acs/puma2000_prep.log
  log type:  text
 closed on:   5 Oct 2023, 17:08:55
-------------------------------------------------------------------------------
