-------------------------------------------------------------------------------
      name:  <unnamed>
       log:  /accounts/projects/card/hurricane/replication/industries/portion1_
> prepforcensus/code/acs/puma2010_prep.log
  log type:  text
 opened on:   5 Oct 2023, 17:08:55

. 
. set seed 921109

. 
. use ${raw}/dorn/cw_puma2010_czone, clear

. 
. gen state=floor(puma2010/100000)

. gen puma=puma2010-state*100000

. rename czone cz

. gen randorder=runiform()

. 
. // Arbitrary tiebreakers. These reproduce what was sent to Census in 2021.
. gen tiebreak=10

. /*
> replace tiebreak=1 if (puma2010==2000200 & cz==29202) | ///
>                       (puma2010==3100100 & cz==27704) | ///
>                       (puma2010==3800100 & cz==26603) | ///
>                       (puma2010==3800300 & cz==26603) | ///
>                       (puma2010==4600200 & cz==27008) | ///
>                       (puma2010==4600200 & cz==27009) | ///
>                       (puma2010==4600400 & cz==27008) | ///
>                       (puma2010==4600400 & cz==27009) | ///
>                       (puma2010==4800100 & cz==30908) | ///
>                       (puma2010==4802600 & cz==31403) | ///
>                       (puma2010==4802800 & cz==31403) | ///
>                       (puma2010==5500100 & cz==21001) 
> replace tiebreak=2 if puma2010==3100100 & cz==28304
> */
. isid state puma afactor tiebreak randorder

. 
. *next line deletes cz allocations if less than 5% of pop in cz
. *maxcz is set in local
. 
. keep if afactor>.05
(1,599 observations deleted)

. local maxcz=9

. 
. 
. gsort state puma -afactor tiebreak randorder

. 
. by state puma: gen ccounter=_n

. by state puma: gen ncz=_N

. by state puma: egen afsum=sum(afactor)

. 
. 
. 
. tab ncz if ccounter==1

        ncz |      Freq.     Percent        Cum.
------------+-----------------------------------
          1 |      1,166       49.60       49.60
          2 |        635       27.01       76.61
          3 |        318       13.53       90.13
          4 |        117        4.98       95.11
          5 |         65        2.76       97.87
          6 |         30        1.28       99.15
          7 |         15        0.64       99.79
          8 |          2        0.09       99.87
          9 |          3        0.13      100.00
------------+-----------------------------------
      Total |      2,351      100.00

. sum afactor afsum

    Variable |        Obs        Mean    Std. dev.       Min        Max
-------------+---------------------------------------------------------
     afactor |      4,511    .5158665    .3606126        .05          1
       afsum |      4,511    .9824731    .0394495   .7371259          1

. sum afactor if ccounter==1, detail

                           afactor
-------------------------------------------------------------
      Percentiles      Smallest
 1%       .25809       .1298867
 5%     .3892811       .1639705
10%     .4744745       .1745225       Obs               2,351
25%      .644109       .1756684       Sum of wgt.       2,351

50%     .9388809                      Mean           .8167057
                        Largest       Std. dev.      .2204922
75%            1              1
90%            1              1       Variance       .0486168
95%            1              1       Skewness      -.9041934
99%            1              1       Kurtosis       2.554397

. 
. 
. *next line has max of maxcz czs per puma, hardwired
. *note afactors are adusted to add to 1
. 
. forvalues i=1/`maxcz' {
  2. 
.  by state puma: gen cz`i'=cz[`i']
  3.  by state puma: gen af`i'=afactor[`i']/afsum
  4. 
.  }
(1,166 missing values generated)
(1,166 missing values generated)
(2,436 missing values generated)
(2,436 missing values generated)
(3,390 missing values generated)
(3,390 missing values generated)
(3,858 missing values generated)
(3,858 missing values generated)
(4,183 missing values generated)
(4,183 missing values generated)
(4,363 missing values generated)
(4,363 missing values generated)
(4,468 missing values generated)
(4,468 missing values generated)
(4,484 missing values generated)
(4,484 missing values generated)

. 
. 
. 
. *now retain only 1 observation per state/puma with all possible czs
. 
. keep if ccounter==1
(2,160 observations deleted)

. 
. 
. tab ncz

        ncz |      Freq.     Percent        Cum.
------------+-----------------------------------
          1 |      1,166       49.60       49.60
          2 |        635       27.01       76.61
          3 |        318       13.53       90.13
          4 |        117        4.98       95.11
          5 |         65        2.76       97.87
          6 |         30        1.28       99.15
          7 |         15        0.64       99.79
          8 |          2        0.09       99.87
          9 |          3        0.13      100.00
------------+-----------------------------------
      Total |      2,351      100.00

. 
. forvalues i=1/`maxcz' {
  2. sum if ncz==`i'
  3.  }

    Variable |        Obs        Mean    Std. dev.       Min        Max
-------------+---------------------------------------------------------
    puma2010 |      1,166     2676975     1565665     100200    5570301
          cz |      1,166    21423.33    11465.77        100      39400
     afactor |      1,166    .9954301    .0135371       .852          1
       state |      1,166    26.72213    15.63401          1         55
        puma |      1,166    4761.949    9197.413        100      70301
-------------+---------------------------------------------------------
   randorder |      1,166    .5117334    .2884879   .0025145   .9998157
    tiebreak |      1,166          10           0         10         10
    ccounter |      1,166           1           0          1          1
         ncz |      1,166           1           0          1          1
       afsum |      1,166    .9954301    .0135371       .852          1
-------------+---------------------------------------------------------
         cz1 |      1,166    21423.33    11465.77        100      39400
         af1 |      1,166           1           0          1          1
         cz2 |          0
         af2 |          0
         cz3 |          0
-------------+---------------------------------------------------------
         af3 |          0
         cz4 |          0
         af4 |          0
         cz5 |          0
         af5 |          0
-------------+---------------------------------------------------------
         cz6 |          0
         af6 |          0
         cz7 |          0
         af7 |          0
         cz8 |          0
-------------+---------------------------------------------------------
         af8 |          0
         cz9 |          0
         af9 |          0

    Variable |        Obs        Mean    Std. dev.       Min        Max
-------------+---------------------------------------------------------
    puma2010 |        635     2699555     1634365     100100    5600300
          cz |        635    21974.95    12181.89        100      39400
     afactor |        635    .7459343    .1318052    .478919   .9489369
       state |        635    26.95118    16.32475          1         56
        puma |        635    4436.754     8254.31        100      59308
-------------+---------------------------------------------------------
   randorder |        635    .5150598    .2930719   .0022829   .9995874
    tiebreak |        635          10           0         10         10
    ccounter |        635           1           0          1          1
         ncz |        635           2           0          2          2
       afsum |        635    .9911618    .0223723   .8059001          1
-------------+---------------------------------------------------------
         cz1 |        635    21974.95    12181.89        100      39400
         af1 |        635    .7530409    .1342188    .500047   .9489369
         cz2 |        635    21999.02    12138.24        302      39400
         af2 |        635    .2469591    .1342188   .0510631    .499953
         cz3 |          0
-------------+---------------------------------------------------------
         af3 |          0
         cz4 |          0
         af4 |          0
         cz5 |          0
         af5 |          0
-------------+---------------------------------------------------------
         cz6 |          0
         af6 |          0
         cz7 |          0
         af7 |          0
         cz8 |          0
-------------+---------------------------------------------------------
         af8 |          0
         cz9 |          0
         af9 |          0

    Variable |        Obs        Mean    Std. dev.       Min        Max
-------------+---------------------------------------------------------
    puma2010 |        318     3073593     1628683     100700    5600400
          cz |        318    22113.19    12109.84        100      39400
     afactor |        318    .5978973    .1327409     .32954    .886302
       state |        318    30.69182    16.26222          1         56
        puma |        318    4410.704    8757.666        100      51165
-------------+---------------------------------------------------------
   randorder |        318    .4997688     .292317   .0029466   .9992216
    tiebreak |        318          10           0         10         10
    ccounter |        318           1           0          1          1
         ncz |        318           3           0          3          3
       afsum |        318    .9884761    .0284582   .7835565          1
-------------+---------------------------------------------------------
         cz1 |        318    22113.19    12109.84        100      39400
         af1 |        318    .6052509    .1348866   .3438855   .8943223
         cz2 |        318    22108.76    12103.75        301      39400
         af2 |        318    .2665616    .1012008   .0537702   .4560639
         cz3 |        318    21940.61    12115.89        301      39400
-------------+---------------------------------------------------------
         af3 |        318    .1281876    .0634054    .050134   .3134436
         cz4 |          0
         af4 |          0
         cz5 |          0
         af5 |          0
-------------+---------------------------------------------------------
         cz6 |          0
         af6 |          0
         cz7 |          0
         af7 |          0
         cz8 |          0
-------------+---------------------------------------------------------
         af8 |          0
         cz9 |          0
         af9 |          0

    Variable |        Obs        Mean    Std. dev.       Min        Max
-------------+---------------------------------------------------------
    puma2010 |        117     3180904     1461591     102200    5501601
          cz |        117    22220.38     11000.6        500      39100
     afactor |        117    .4763824    .1159657   .2824463   .7627788
       state |        117    31.76923    14.59238          1         55
        puma |        117    3981.034    8798.798        100      53001
-------------+---------------------------------------------------------
   randorder |        117    .5275452    .2842637   .0032923   .9811454
    tiebreak |        117          10           0         10         10
    ccounter |        117           1           0          1          1
         ncz |        117           4           0          4          4
       afsum |        117    .9771804    .0385571   .8036733          1
-------------+---------------------------------------------------------
         cz1 |        117    22220.38     11000.6        500      39100
         af1 |        117     .488401    .1203531   .2861782   .7669325
         cz2 |        117    22058.43    11416.94        402      39303
         af2 |        117     .259153    .0739294   .0959588   .4335628
         cz3 |        117    22450.47    10971.25        800      39400
-------------+---------------------------------------------------------
         af3 |        117     .158463     .055761   .0685597   .2766713
         cz4 |        117     22162.5    11059.87       1002      39400
         af4 |        117     .093983    .0369733    .050266   .2140133
         cz5 |          0
         af5 |          0
-------------+---------------------------------------------------------
         cz6 |          0
         af6 |          0
         cz7 |          0
         af7 |          0
         cz8 |          0
-------------+---------------------------------------------------------
         af8 |          0
         cz9 |          0
         af9 |          0

    Variable |        Obs        Mean    Std. dev.       Min        Max
-------------+---------------------------------------------------------
    puma2010 |         65     3262376     1707346     100500    5600500
          cz |         65    19027.42    11563.79       1202      39100
     afactor |         65    .3766178    .0992197   .2038513   .6432766
       state |         65    32.55385    17.01565          1         56
        puma |         65    6991.308    14709.58        100      55102
-------------+---------------------------------------------------------
   randorder |         65    .5017228    .2772258   .0024006   .9570433
    tiebreak |         65          10           0         10         10
    ccounter |         65           1           0          1          1
         ncz |         65           5           0          5          5
       afsum |         65    .9570376    .0537156   .7836409          1
-------------+---------------------------------------------------------
         cz1 |         65    19027.42    11563.79       1202      39100
         af1 |         65    .3936425    .1015574   .2505459   .6432766
         cz2 |         65    19336.89    11343.97       1203      38802
         af2 |         65    .2370027    .0512209   .1271496   .3720097
         cz3 |         65    19715.28     11262.5       1203      38700
-------------+---------------------------------------------------------
         af3 |         65    .1653617    .0420811   .0801357   .2481827
         cz4 |         65    19389.28     11481.5        602      39400
         af4 |         65    .1181387    .0343487   .0628517   .1927633
         cz5 |         65    18869.35     11828.5        100      38801
         af5 |         65    .0858545    .0279961        .05   .1520554
-------------+---------------------------------------------------------
         cz6 |          0
         af6 |          0
         cz7 |          0
         af7 |          0
         cz8 |          0
-------------+---------------------------------------------------------
         af8 |          0
         cz9 |          0
         af9 |          0

    Variable |        Obs        Mean    Std. dev.       Min        Max
-------------+---------------------------------------------------------
    puma2010 |         30     3502507     1730496     101400    5600200
          cz |         30    20647.83    11003.41       2200      38501
     afactor |         30    .3468067    .0998914   .2256058   .5886429
       state |         30    34.96667    17.26364          1         56
        puma |         30    5840.367    13177.03        100      55101
-------------+---------------------------------------------------------
   randorder |         30    .4762255    .3196101   .0126638   .9622781
    tiebreak |         30          10           0         10         10
    ccounter |         30           1           0          1          1
         ncz |         30           6           0          6          6
       afsum |         30    .9482118    .0632639   .7816234          1
-------------+---------------------------------------------------------
         cz1 |         30    20647.83    11003.41       2200      38501
         af1 |         30    .3656009     .101783    .241516   .6084408
         cz2 |         30    20164.57    10926.08       2200      38602
         af2 |         30    .2063727    .0488837   .0937881   .2858757
         cz3 |         30    19834.73    10975.13        900      38602
-------------+---------------------------------------------------------
         af3 |         30    .1560493     .033384   .0876426   .2086384
         cz4 |         30    20094.63    10935.36       1301      38602
         af4 |         30     .114606    .0287651   .0550363   .1753102
         cz5 |         30    20134.57    10699.77       2300      38602
         af5 |         30    .0886357    .0191929   .0550363    .140949
-------------+---------------------------------------------------------
         cz6 |         30    20057.93    10416.66       2400      39000
         af6 |         30    .0687355    .0131682   .0503947    .102572
         cz7 |          0
         af7 |          0
         cz8 |          0
-------------+---------------------------------------------------------
         af8 |          0
         cz9 |          0
         af9 |          0

    Variable |        Obs        Mean    Std. dev.       Min        Max
-------------+---------------------------------------------------------
    puma2010 |         15     2721287     1012055    1801600    4802200
          cz |         15    22515.33    9104.649       3003      33000
     afactor |         15    .2600008    .0720818   .1639705   .4214757
       state |         15        27.2    10.12211         18         48
        puma |         15    1286.733     903.879        100       3000
-------------+---------------------------------------------------------
   randorder |         15    .5446361    .2808639   .0829236   .9224567
    tiebreak |         15          10           0         10         10
    ccounter |         15           1           0          1          1
         ncz |         15           7           0          7          7
       afsum |         15    .9050482    .0775446   .7371259          1
-------------+---------------------------------------------------------
         cz1 |         15    22515.33    9104.649       3003      33000
         af1 |         15    .2867659    .0729749   .2095458    .434848
         cz2 |         15    22008.47    9546.771       3203      32702
         af2 |         15    .1976694    .0308323   .1558336   .2696528
         cz3 |         15       22135    9707.641       3002      32501
-------------+---------------------------------------------------------
         af3 |         15    .1476376    .0317148   .0853948   .1949132
         cz4 |         15    22322.33    9822.949       3003      32801
         af4 |         15    .1247991    .0257373   .0828683   .1649036
         cz5 |         15    22541.73    8793.857       3001      32501
         af5 |         15     .094095    .0157084   .0681205   .1213326
-------------+---------------------------------------------------------
         cz6 |         15    22522.33    9655.891       3102      33000
         af6 |         15    .0822634    .0168545   .0545914   .1140355
         cz7 |         15    22327.53    9833.978       2900      33803
         af7 |         15    .0667696    .0140187   .0534032   .1074675
         cz8 |          0
-------------+---------------------------------------------------------
         af8 |          0
         cz9 |          0
         af9 |          0

    Variable |        Obs        Mean    Std. dev.       Min        Max
-------------+---------------------------------------------------------
    puma2010 |          2     3700450     1272439    2800700    4600200
          cz |          2       16151    16192.75       4701      27601
     afactor |          2    .2135543    .0535787   .1756684   .2514402
       state |          2          37    12.72792         28         46
        puma |          2         450    353.5534        200        700
-------------+---------------------------------------------------------
   randorder |          2    .4699919    .4518317   .1504987   .7894852
    tiebreak |          2          10           0         10         10
    ccounter |          2           1           0          1          1
         ncz |          2           8           0          8          8
       afsum |          2    .8289242    .0124222   .8201404    .837708
-------------+---------------------------------------------------------
         cz1 |          2       16151    16192.75       4701      27601
         af1 |          2    .2581415     .068505   .2097012   .3065819
         cz2 |          2     15853.5    15772.02       4701      27006
         af2 |          2    .1680999     .016637   .1563357    .179864
         cz3 |          2       15904    15703.43       4800      27008
-------------+---------------------------------------------------------
         af3 |          2    .1224287     .006111   .1181076   .1267498
         cz4 |          2     18756.5    11673.63      10502      27011
         af4 |          2    .1183571    .0003528   .1181076   .1186065
         cz5 |          2     15352.5    17467.66       3001      27704
         af5 |          2    .1092855    .0097234     .10241    .116161
-------------+---------------------------------------------------------
         cz6 |          2     16302.5    15984.15       5000      27605
         af6 |          2    .0799553    .0131597   .0706499   .0892606
         cz7 |          2     15103.5    16829.85       3203      27004
         af7 |          2    .0732637    .0132371   .0639036   .0826238
         cz8 |          2     15855.5    15773.43       4702      27009
-------------+---------------------------------------------------------
         af8 |          2    .0704684    .0092839   .0639036   .0770331
         cz9 |          0
         af9 |          0

    Variable |        Obs        Mean    Std. dev.       Min        Max
-------------+---------------------------------------------------------
    puma2010 |          3     2667867     2319072     200400    4802600
          cz |          3    33640.33    991.5464      32501      34308
     afactor |          3     .218596    .0928058   .1298867    .315017
       state |          3    26.66667    23.18045          2         48
        puma |          3        1200    1216.553        400       2600
-------------+---------------------------------------------------------
   randorder |          3    .3538683    .3037607    .010885   .5889397
    tiebreak |          3          10           0         10         10
    ccounter |          3           1           0          1          1
         ncz |          3           9           0          9          9
       afsum |          3    .8205423     .037289   .7938087   .8631402
-------------+---------------------------------------------------------
         cz1 |          3    33640.33    991.5464      32501      34308
         af1 |          3     .264014    .1017858   .1614145   .3649662
         cz2 |          3    33805.33    704.5717      33000      34308
         af2 |          3    .1419371    .0161087   .1293566   .1600928
         cz3 |          3    33604.67     1045.42      32403      34305
-------------+---------------------------------------------------------
         af3 |          3    .1032262    .0268159   .0753161   .1287942
         cz4 |          3       33706    875.5792      32701      34304
         af4 |          3    .0933654    .0243693   .0745233    .120886
         cz5 |          3       30571    3888.093      26406      34105
         af5 |          3    .0877397    .0165235   .0737305   .1059618
-------------+---------------------------------------------------------
         cz6 |          3    33770.33    668.8889      33000      34204
         af6 |          3    .0828484    .0132372   .0729377   .0978813
         cz7 |          3    30973.33    4044.875      26408      34110
         af7 |          3    .0816283    .0127893   .0721449   .0961738
         cz8 |          3       33708    876.4947      32702      34307
-------------+---------------------------------------------------------
         af8 |          3    .0806004    .0134151   .0705593    .095836
         cz9 |          3       31007     4062.54      26409      34111
         af9 |          3    .0646405    .0057117   .0594601   .0707657

. 
. 
. keep state puma ncz afsum cz1-cz`maxcz' af1-af`maxcz'

. sum

    Variable |        Obs        Mean    Std. dev.       Min        Max
-------------+---------------------------------------------------------
       state |      2,351    27.85028    15.99983          1         56
        puma |      2,351    4632.754    9102.042        100      70301
         ncz |      2,351    1.918758    1.236929          1          9
       afsum |      2,351    .9898229     .027462   .7371259          1
         cz1 |      2,351    21647.23    11714.19        100      39400
-------------+---------------------------------------------------------
         af1 |      2,351    .8234616    .2182047   .1614145          1
         cz2 |      1,185    21861.51    11955.48        301      39400
         af2 |      1,185    .2508269     .115566   .0510631    .499953
         cz3 |        550    21718.18    11658.13        301      39400
         af3 |        550    .1409144    .0593711    .050134   .3134436
-------------+---------------------------------------------------------
         cz4 |        232    21248.37    11095.84        602      39400
         af4 |        232    .1056121    .0362344    .050266   .2140133
         cz5 |        115    19922.51    11180.66        100      38801
         af5 |        115    .0881115     .024191        .05   .1520554
         cz6 |         50    21469.78    10392.42       2400      39000
-------------+---------------------------------------------------------
         af6 |         50    .0740894     .015446   .0503947   .1140355
         cz7 |         20       22902    10238.96       2900      34110
         af7 |         20    .0696479    .0142065   .0534032   .1074675
         cz8 |          5       26567    12577.68       4702      34307
         af8 |          5    .0765476    .0119301   .0639036    .095836
-------------+---------------------------------------------------------
         cz9 |          3       31007     4062.54      26409      34111
         af9 |          3    .0646405    .0057117   .0594601   .0707657

. 
. *list of pumas with one or more czs dropped due to small share of pop in cz
. list state puma ncz afsum if afsum<.998

      +--------------------------------+
      | state    puma   ncz      afsum |
      |--------------------------------|
   1. |     1     100     2   .8928905 |
   2. |     1     200     1    .952753 |
   4. |     1     302     1    .992376 |
  20. |     1    1500     2   .9038119 |
  22. |     1    1700     2    .899475 |
      |--------------------------------|
  25. |     1    2000     1    .967939 |
  26. |     1    2100     2    .936523 |
  28. |     1    2300     5   .9031236 |
  30. |     1    2500     2   .8635906 |
  34. |     1    2703     1    .984949 |
      |--------------------------------|
  38. |     2     300     5    .994078 |
  39. |     2     400     9   .7938087 |
  40. |     4     100     1    .995759 |
  43. |     4     103     1    .968046 |
  45. |     4     105     1     .97902 |
      |--------------------------------|
  46. |     4     106     1    .978077 |
  57. |     4     117     1     .96853 |
  58. |     4     118     3     .98703 |
  66. |     4     126     1    .931583 |
  67. |     4     127     1    .971044 |
      |--------------------------------|
  69. |     4     129     2    .945624 |
  70. |     4     130     3    .975168 |
  73. |     4     133     2   .9588709 |
 100. |     5     700     3   .9872434 |
 103. |     5    1000     1    .984742 |
      |--------------------------------|
 111. |     5    1800     2     .92923 |
 134. |     6    1307     2    .972766 |
 137. |     6    1500     3   .9696066 |
 140. |     6    1902     2    .986121 |
 142. |     6    1904     2    .968032 |
      |--------------------------------|
 144. |     6    1906     1    .989546 |
 155. |     6    3701     2   .9566249 |
 158. |     6    3704     2    .989286 |
 159. |     6    3705     1    .983047 |
 160. |     6    3706     1    .989238 |
      |--------------------------------|
 161. |     6    3707     2    .984759 |
 162. |     6    3708     1    .996565 |
 163. |     6    3709     1    .947106 |
 165. |     6    3711     1    .991649 |
 167. |     6    3713     2    .994373 |
      |--------------------------------|
 168. |     6    3714     1     .99507 |
 169. |     6    3715     2    .922064 |
 170. |     6    3716     1   .9233719 |
 171. |     6    3717     2    .993654 |
 172. |     6    3718     1    .979368 |
      |--------------------------------|
 174. |     6    3720     2   .9663889 |
 177. |     6    3723     1    .937035 |
 179. |     6    3725     2    .995198 |
 180. |     6    3726     2   .9765919 |
 181. |     6    3727     1    .991379 |
      |--------------------------------|
 182. |     6    3728     2    .963799 |
 185. |     6    3731     2    .995258 |
 188. |     6    3734     1    .967562 |
 191. |     6    3737     1   .9556869 |
 194. |     6    3740     1    .995903 |
      |--------------------------------|
 195. |     6    3741     1    .985121 |
 198. |     6    3744     1   .9623299 |
 200. |     6    3746     1    .992734 |
 203. |     6    3749     1    .956207 |
 204. |     6    3750     1    .957308 |
      |--------------------------------|
 205. |     6    3751     1    .967381 |
 206. |     6    3752     1    .976202 |
 208. |     6    3754     1    .976809 |
 209. |     6    3755     2    .981007 |
 213. |     6    3759     1    .993982 |
      |--------------------------------|
 217. |     6    3763     1    .993536 |
 219. |     6    3765     1    .989016 |
 221. |     6    3767     1     .98837 |
 227. |     6    4701     1    .995918 |
 234. |     6    5901     1    .980556 |
      |--------------------------------|
 238. |     6    5905     3    .940271 |
 239. |     6    5906     1    .965363 |
 240. |     6    5907     2   .9602149 |
 241. |     6    5908     1    .985029 |
 242. |     6    5909     3    .993556 |
      |--------------------------------|
 244. |     6    5911     2   .9750001 |
 245. |     6    5912     2   .9149399 |
 246. |     6    5913     1    .914971 |
 247. |     6    5914     1    .974359 |
 249. |     6    5916     1    .954076 |
      |--------------------------------|
 262. |     6    6508     1    .992356 |
 264. |     6    6510     4    .994584 |
 265. |     6    6511     2   .9954669 |
 266. |     6    6512     3    .986383 |
 274. |     6    6705     1    .993112 |
      |--------------------------------|
 277. |     6    6708     2    .957748 |
 279. |     6    6710     2   .9929119 |
 281. |     6    6712     1    .991243 |
 284. |     6    7103     2    .966686 |
 285. |     6    7104     3    .997281 |
      |--------------------------------|
 287. |     6    7106     2    .965294 |
 289. |     6    7108     2    .992774 |
 290. |     6    7109     3    .996579 |
 292. |     6    7111     1    .974591 |
 293. |     6    7112     1   .9514731 |
      |--------------------------------|
 294. |     6    7113     1    .968668 |
 295. |     6    7114     1    .987933 |
 296. |     6    7115     2    .979265 |
 305. |     6    7309     2    .994439 |
 306. |     6    7310     2    .975191 |
      |--------------------------------|
 329. |     6    7704     2    .976158 |
 339. |     6    8302     1    .975632 |
 342. |     6    8502     1    .985377 |
 343. |     6    8503     1    .971284 |
 347. |     6    8507     1    .973425 |
      |--------------------------------|
 351. |     6    8511     1   .9608049 |
 352. |     6    8512     1    .960417 |
 356. |     6    8702     1   .9672599 |
 367. |     6    9904     1    .972777 |
 370. |     6   10702     1    .960885 |
      |--------------------------------|
 372. |     6   11101     1    .982222 |
 376. |     6   11105     3    .982465 |
 377. |     6   11106     2    .977594 |
 379. |     8     100     5    .892199 |
 380. |     8     102     1   .8852599 |
      |--------------------------------|
 381. |     8     103     2     .97734 |
 382. |     8     200     3    .953047 |
 384. |     8     400     3   .9501925 |
 385. |     8     600     4   .8716808 |
 387. |     8     800     3    .828687 |
      |--------------------------------|
 388. |     8     801     2    .957291 |
 400. |     8     813     1    .963176 |
 404. |     8     817     1    .973884 |
 410. |     8     823     2   .8765814 |
 412. |     8     900     4    .960138 |
      |--------------------------------|
 414. |     8    1002     4   .9228261 |
 415. |     8    4101     2    .936219 |
 417. |     8    4103     1    .970062 |
 457. |    11     105     2    .951671 |
 464. |    12     904     1    .996371 |
      |--------------------------------|
 469. |    12    1105     2   .9501469 |
 472. |    12    1108     3    .991032 |
 478. |    12    1114     2   .9976929 |
 487. |    12    3101     3   .9753929 |
 493. |    12    3107     1    .954396 |
      |--------------------------------|
 510. |    12    6903     2    .949816 |
 512. |    12    7102     2     .98294 |
 513. |    12    7103     1    .982379 |
 536. |    12    8612     1    .975543 |
 537. |    12    8613     2    .958258 |
      |--------------------------------|
 544. |    12    8620     2   .9728031 |
 579. |    12   10104     2     .98293 |
 584. |    12   10305     2    .961839 |
 601. |    12   11702     2    .984412 |
 602. |    12   11703     2    .950266 |
      |--------------------------------|
 606. |    12   12702     1    .930479 |
 609. |    13     100     2   .9007909 |
 611. |    13     300     5   .8649365 |
 614. |    13     500     3    .916194 |
 617. |    13     800     5    .977765 |
      |--------------------------------|
 621. |    13    1003     2    .982525 |
 624. |    13    1006     1    .963742 |
 627. |    13    1100     5   .9835728 |
 628. |    13    1200     5   .9702488 |
 629. |    13    1300     6   .8307486 |
      |--------------------------------|
 631. |    13    1500     2   .9781576 |
 632. |    13    1600     5   .9653656 |
 633. |    13    1700     1    .943988 |
 634. |    13    1800     5   .8360622 |
 645. |    13    2600     2   .9786052 |
      |--------------------------------|
 647. |    13    2800     4   .9239055 |
 659. |    13    3500     5   .9703293 |
 661. |    13    3700     5   .9257144 |
 663. |    13    3900     4   .8436911 |
 672. |    13    4200     6   .8790698 |
      |--------------------------------|
 676. |    13    4600     3   .9180349 |
 679. |    13    6001     1    .997581 |
 691. |    16     100     3   .9626232 |
 693. |    16     300     5   .9613443 |
 694. |    16     400     5   .9867331 |
      |--------------------------------|
 695. |    16     500     2   .9580672 |
 696. |    16     600     2    .996374 |
 701. |    16    1000     4   .9741031 |
 702. |    16    1100     3   .9126402 |
 703. |    16    1200     2    .962963 |
      |--------------------------------|
 705. |    17     104     3   .9504783 |
 706. |    17     105     2    .951696 |
 730. |    17    2501     3   .9598085 |
 734. |    17    2901     1    .996861 |
 752. |    17    3307     1    .951889 |
      |--------------------------------|
 755. |    17    3310     2   .9889001 |
 770. |    17    3420     2    .972843 |
 788. |    17    3531     3    .978791 |
 800. |    18     402     1    .964263 |
 808. |    18    1003     1    .959352 |
      |--------------------------------|
 814. |    18    1600     7   .9571154 |
 819. |    18    1900     2    .997996 |
 821. |    18    2100     4   .9853945 |
 826. |    18    2304     1    .971121 |
 831. |    18    2500     1       .965 |
      |--------------------------------|
 836. |    18    3000     7   .9581259 |
 837. |    18    3100     4   .9289515 |
 840. |    18    3400     4    .925696 |
 847. |    19     600     4   .8036733 |
 848. |    19     700     4   .9377686 |
      |--------------------------------|
 849. |    19     800     6   .9168303 |
 858. |    19    1700     1      .9938 |
 859. |    19    1800     4   .8131235 |
 860. |    19    1900     7   .9195316 |
 861. |    19    2000     3    .925921 |
      |--------------------------------|
 863. |    19    2200     5   .8774174 |
 865. |    20     100     7    .814431 |
 866. |    20     200     3   .7835565 |
 876. |    20     802     3   .8044623 |
 877. |    20     900     7    .839874 |
      |--------------------------------|
 879. |    20    1100     4   .9071966 |
 880. |    20    1200     5       .942 |
 885. |    20    1400     7   .8224794 |
 890. |    21     400     3   .9706403 |
 892. |    21     600     2   .9629089 |
      |--------------------------------|
 893. |    21     700     2    .963037 |
 901. |    21    1500     2    .975963 |
 902. |    21    1600     1    .954046 |
 909. |    21    1800     1    .954046 |
 918. |    21    2600     2    .948171 |
      |--------------------------------|
 919. |    21    2700     4       .983 |
 921. |    22     100     1    .995987 |
 923. |    22     200     1    .989563 |
 926. |    22     500     4        .96 |
 937. |    22    1500     2    .953276 |
      |--------------------------------|
 938. |    22    1501     2   .9274129 |
 949. |    22    2301     1     .98455 |
 959. |    23     500     2    .977556 |
 961. |    23     700     3   .9636909 |
 962. |    23     800     3   .9738964 |
      |--------------------------------|
 963. |    23     900     3   .9712107 |
 964. |    23    1000     1     .99708 |
1001. |    24    1201     1    .976765 |
1005. |    24    1300     2   .9784437 |
1009. |    25     100     2   .9607066 |
      |--------------------------------|
1013. |    25     302     2   .9545753 |
1014. |    25     303     3   .9610565 |
1015. |    25     304     2   .9705405 |
1016. |    25     400     5     .93638 |
1019. |    25     503     3    .953291 |
      |--------------------------------|
1023. |    25     507     1    .997581 |
1032. |    25    1600     4    .900605 |
1038. |    25    3301     1    .985795 |
1043. |    25    3306     1    .994674 |
1045. |    25    3500     3   .9608909 |
      |--------------------------------|
1054. |    25    4303     2    .974183 |
1056. |    25    4700     3   .9636357 |
1057. |    25    4800     3   .9571261 |
1061. |    26     100     5   .9650344 |
1062. |    26     200     4   .9798887 |
      |--------------------------------|
1071. |    26    1001     1     .99461 |
1072. |    26    1002     1    .979923 |
1073. |    26    1003     1    .985761 |
1085. |    26    1801     1    .976411 |
1087. |    26    1900     1    .974184 |
      |--------------------------------|
1089. |    26    2101     1    .962102 |
1090. |    26    2102     1     .99523 |
1097. |    26    2702     1    .980826 |
1105. |    26    2906     1    .978856 |
1125. |    26    3211     3    .984764 |
      |--------------------------------|
1127. |    26    3213     3    .988791 |
1129. |    27     100     4    .962038 |
1130. |    27     200     1       .957 |
1131. |    27     300     7   .9692485 |
1132. |    27     400     2   .9091702 |
      |--------------------------------|
1136. |    27     800     5   .9525723 |
1152. |    27    1405     1    .961729 |
1153. |    27    1406     1    .993333 |
1174. |    28     300     3   .9314318 |
1175. |    28     400     7   .8328609 |
      |--------------------------------|
1177. |    28     600     4     .89416 |
1178. |    28     700     8    .837708 |
1179. |    28     800     3   .8804566 |
1180. |    28     900     4   .9775212 |
1183. |    28    1200     7     .92371 |
      |--------------------------------|
1184. |    28    1300     2   .8954328 |
1187. |    28    1600     5   .9516129 |
1188. |    28    1700     6   .9674613 |
1189. |    28    1800     3   .9369043 |
1193. |    29     100     6   .8637983 |
      |--------------------------------|
1194. |    29     200     1    .892012 |
1195. |    29     300     7   .9108959 |
1196. |    29     400     4   .9481064 |
1197. |    29     500     2     .90696 |
1199. |    29     700     6   .9088042 |
      |--------------------------------|
1200. |    29     800     5   .8902269 |
1202. |    29     902     2   .9652185 |
1207. |    29    1004     2    .990884 |
1209. |    29    1100     1       .852 |
1210. |    29    1200     5   .9346604 |
      |--------------------------------|
1230. |    29    2100     4    .947901 |
1232. |    29    2300     4   .9839144 |
1233. |    29    2400     4   .9521722 |
1238. |    29    2700     2    .952933 |
1240. |    30     100     3   .9624007 |
      |--------------------------------|
1241. |    30     200     2   .9699978 |
1242. |    30     300     3    .987658 |
1243. |    30     400     3    .890825 |
1244. |    30     500     2   .8059001 |
1245. |    30     600     9   .8631402 |
      |--------------------------------|
1247. |    31     100     6    .962038 |
1249. |    31     300     3        .96 |
1250. |    31     400     4   .9539539 |
1251. |    31     500     3       .955 |
1252. |    31     600     4   .9570326 |
      |--------------------------------|
1254. |    31     702     1    .985596 |
1255. |    31     801     1    .983475 |
1259. |    31     903     1    .954265 |
1261. |    32     101     1   .9545509 |
1263. |    32     103     1    .991174 |
      |--------------------------------|
1265. |    32     300     4     .96679 |
1267. |    32     402     2    .988427 |
1269. |    32     404     2    .986724 |
1275. |    32     410     1    .966832 |
1278. |    32     413     1     .97968 |
      |--------------------------------|
1281. |    33     300     3   .9610299 |
1307. |    34     703     1    .951062 |
1317. |    34    1002     1    .996559 |
1354. |    34    2201     1    .991852 |
1364. |    35     300     3   .9640476 |
      |--------------------------------|
1365. |    35     400     4   .9000747 |
1367. |    35     600     1    .994406 |
1368. |    35     700     3     .97228 |
1378. |    35    1100     3   .9388942 |
1381. |    36     200     1    .969031 |
      |--------------------------------|
1390. |    36     703     2    .949866 |
1406. |    36    1205     1    .991174 |
1410. |    36    1400     2   .9619626 |
1424. |    36    2401     2   .9513874 |
1440. |    36    3103     1    .968121 |
      |--------------------------------|
1463. |    36    3307     1    .958345 |
1468. |    36    3312     1    .997017 |
1516. |    36    4106     1    .997994 |
1530. |    37     600     1     .94277 |
1536. |    37    1201     2    .993987 |
      |--------------------------------|
1537. |    37    1202     2    .953324 |
1540. |    37    1205     1   .9701279 |
1542. |    37    1207     1    .959289 |
1545. |    37    1302     1    .997216 |
1549. |    37    1701     1    .934689 |
      |--------------------------------|
1550. |    37    1702     2    .990981 |
1551. |    37    1703     1    .938005 |
1552. |    37    1704     1    .971612 |
1555. |    37    1803     1    .983431 |
1558. |    37    2100     4   .9724931 |
      |--------------------------------|
1559. |    37    2201     1    .993538 |
1565. |    37    2700     3   .9683774 |
1571. |    37    3102     1    .974201 |
1572. |    37    3103     1   .9653569 |
1573. |    37    3104     1     .97668 |
      |--------------------------------|
1575. |    37    3106     2    .985975 |
1597. |    37    5002     1    .959565 |
1603. |    38     100     5   .7836409 |
1604. |    38     200     6   .7816234 |
1605. |    38     300     5   .7929932 |
      |--------------------------------|
1606. |    38     400     2   .8829352 |
1608. |    39     100     3   .9744798 |
1610. |    39     300     2    .966281 |
1611. |    39     400     2   .9680319 |
1623. |    39     907     1    .950002 |
      |--------------------------------|
1635. |    39    1801     1    .988649 |
1637. |    39    1803     1    .958486 |
1638. |    39    1804     2    .987051 |
1667. |    39    4106     3    .958284 |
1672. |    39    4111     1    .958926 |
      |--------------------------------|
1674. |    39    4300     1      .9724 |
1678. |    39    4602     2     .95455 |
1679. |    39    4603     3    .951573 |
1683. |    39    4900     6   .9587173 |
1693. |    39    5502     1    .985484 |
      |--------------------------------|
1694. |    39    5503     1    .973154 |
1696. |    39    5505     3      .9797 |
1698. |    39    5507     1    .994979 |
1706. |    40     601     2       .956 |
1707. |    40     602     2       .956 |
      |--------------------------------|
1712. |    40    1001     2    .966457 |
1723. |    40    1204     4   .9245325 |
1727. |    40    1501     4    .951049 |
1728. |    40    1601     7   .9469737 |
1730. |    41     200     4   .9679679 |
      |--------------------------------|
1735. |    41     703     1    .975054 |
1746. |    41    1301     1    .974427 |
1750. |    41    1314     1    .978271 |
1752. |    41    1317     1    .965937 |
1782. |    42    1702     1   .9670961 |
      |--------------------------------|
1784. |    42    1802     1    .983053 |
1785. |    42    1803     1    .977527 |
1787. |    42    1805     1    .994638 |
1788. |    42    1806     2    .964811 |
1795. |    42    2200     3   .9654993 |
      |--------------------------------|
1822. |    42    3203     1    .919259 |
1832. |    42    3302     1    .977604 |
1833. |    42    3303     1    .940698 |
1834. |    42    3304     1    .950828 |
1837. |    42    3403     2    .972099 |
      |--------------------------------|
1840. |    42    3502     1   .9551969 |
1842. |    42    3504     2    .959272 |
1870. |    45     601     2   .9634202 |
1871. |    45     602     2     .99642 |
1872. |    45     603     3    .985747 |
      |--------------------------------|
1875. |    45     700     4   .9568813 |
1876. |    45     800     3   .9019741 |
1881. |    45    1201     2    .954495 |
1887. |    45    1500     2   .9568291 |
1889. |    46     100     2    .853825 |
      |--------------------------------|
1890. |    46     200     8   .8201404 |
1891. |    46     300     5   .8193323 |
1892. |    46     400     7   .7371259 |
1893. |    46     500     3     .95384 |
1894. |    46     600     2   .9632441 |
      |--------------------------------|
1897. |    47     300     2   .9872844 |
1898. |    47     400     4   .9917523 |
1900. |    47     600     4   .9559559 |
1901. |    47     700     6   .9466131 |
1902. |    47     800     5   .9249888 |
      |--------------------------------|
1919. |    47    2003     1    .977293 |
1937. |    47    3202     1    .996404 |
1941. |    47    3206     1    .979394 |
1942. |    47    3207     1    .967604 |
1943. |    47    3208     2    .967806 |
      |--------------------------------|
1944. |    48     100     6   .8053892 |
1947. |    48     400     4       .966 |
1950. |    48     600     4   .9299999 |
1956. |    48    1200     3   .9412304 |
1972. |    48    2002     1    .974988 |
      |--------------------------------|
1979. |    48    2200     7   .9433513 |
1981. |    48    2302     2   .9186101 |
1983. |    48    2304     4    .997679 |
1987. |    48    2308     2    .931548 |
1990. |    48    2311     2     .95656 |
      |--------------------------------|
1991. |    48    2312     4    .978659 |
2000. |    48    2321     1    .976005 |
2003. |    48    2501     3    .993049 |
2009. |    48    2507     3    .980889 |
2011. |    48    2509     3    .966881 |
      |--------------------------------|
2014. |    48    2512     2    .982167 |
2017. |    48    2515     4    .968902 |
2019. |    48    2600     9    .804678 |
2021. |    48    2800     5   .8634104 |
2025. |    48    3200     5        .93 |
      |--------------------------------|
2032. |    48    3400     4   .9334242 |
2033. |    48    3501     1   .9611679 |
2034. |    48    3502     2    .955243 |
2035. |    48    3601     5   .9760763 |
2037. |    48    3700     2    .887626 |
      |--------------------------------|
2045. |    48    4302     1    .983696 |
2053. |    48    4603     1    .983049 |
2055. |    48    4605     1    .997446 |
2057. |    48    4607     3    .954439 |
2059. |    48    4609     3    .954114 |
      |--------------------------------|
2061. |    48    4611     4     .98369 |
2062. |    48    4612     2    .956645 |
2064. |    48    4614     2    .976244 |
2066. |    48    4616     2    .930082 |
2068. |    48    4618     3    .967767 |
      |--------------------------------|
2069. |    48    4619     3    .983767 |
2072. |    48    4622     2    .969902 |
2084. |    48    4634     2    .954509 |
2085. |    48    4635     1    .956302 |
2086. |    48    4636     3    .983585 |
      |--------------------------------|
2087. |    48    4637     2    .977079 |
2088. |    48    4638     3    .933828 |
2099. |    48    5000     6   .9658626 |
2105. |    48    5301     1    .960397 |
2106. |    48    5302     2   .9626549 |
      |--------------------------------|
2109. |    48    5305     2    .956916 |
2111. |    48    5307     2    .993818 |
2113. |    48    5309     2    .918216 |
2115. |    48    5500     6     .95349 |
2119. |    48    5901     1   .9136209 |
      |--------------------------------|
2123. |    48    5905     3    .997254 |
2126. |    48    5908     2    .961042 |
2128. |    48    5910     1     .96155 |
2132. |    48    5914     2   .9466369 |
2134. |    48    5916     4    .965198 |
      |--------------------------------|
2135. |    48    6000     3   .9113199 |
2136. |    48    6100     5   .9099019 |
2137. |    48    6200     4       .962 |
2140. |    48    6400     5   .9762807 |
2153. |    48    6806     1      .9777 |
      |--------------------------------|
2155. |    48    6900     5   .9590316 |
2156. |    49    3001     2       .989 |
2157. |    49    5001     5   .9460208 |
2160. |    49   13001     5    .994006 |
2161. |    49   21001     4       .959 |
      |--------------------------------|
2163. |    49   35002     1    .968623 |
2169. |    49   35008     2    .961493 |
2175. |    49   53001     4       .959 |
2187. |    51   10701     1       .953 |
2188. |    51   10702     1       .953 |
      |--------------------------------|
2189. |    51   10703     1       .953 |
2194. |    51   51045     4   .9964554 |
2195. |    51   51080     1       .974 |
2196. |    51   51084     3   .9944357 |
2197. |    51   51085     5   .9748498 |
      |--------------------------------|
2198. |    51   51087     5   .9701403 |
2199. |    51   51089     4    .986024 |
2201. |    51   51095     2   .9630035 |
2204. |    51   51105     6    .922069 |
2205. |    51   51110     2   .9650699 |
      |--------------------------------|
2206. |    51   51115     2   .9622827 |
2207. |    51   51120     5    .947794 |
2208. |    51   51125     5    .955363 |
2209. |    51   51135     3   .9492322 |
2210. |    51   51145     3   .9087588 |
      |--------------------------------|
2219. |    51   51215     2    .916678 |
2225. |    51   51246     1     .98783 |
2232. |    51   59304     2    .997923 |
2244. |    53   10503     1    .995717 |
2245. |    53   10504     1    .948586 |
      |--------------------------------|
2246. |    53   10600     5   .9606646 |
2253. |    53   11000     3   .9323698 |
2254. |    53   11101     1    .984673 |
2263. |    53   11502     3    .993101 |
2264. |    53   11503     2    .989087 |
      |--------------------------------|
2277. |    53   11609     1    .953467 |
2297. |    54     400     3       .961 |
2298. |    54     500     5   .9646044 |
2299. |    54     600     6   .9237883 |
2302. |    54     900     3   .9539763 |
      |--------------------------------|
2304. |    54    1100     4   .9649206 |
2305. |    54    1200     6   .9822713 |
2307. |    55     100     5    .962038 |
2308. |    55     101     1    .960153 |
2311. |    55     200     1    .985708 |
      |--------------------------------|
2312. |    55     300     1    .996281 |
2322. |    55    1401     3   .9575278 |
2339. |    55   41005     1    .972761 |
2347. |    56     100     6   .8949144 |
2348. |    56     200     6   .9829831 |
      |--------------------------------|
2350. |    56     400     3   .8684679 |
2351. |    56     500     5   .9155046 |
      +--------------------------------+

. 
. save ${scratch}/puma2010_cz, replace
file
    ~/replication/industries/portion1_prepforcensus/intermediate/puma2010_cz.
    > dta saved

. desc

Contains data from ~/replication/industries/portion1_prepforcensus/intermediate
> /puma2010_cz.dta
 Observations:         2,351                  
    Variables:            22                  5 Oct 2023 17:08
-------------------------------------------------------------------------------
Variable      Storage   Display    Value
    name         type    format    label      Variable label
-------------------------------------------------------------------------------
state           float   %9.0g                 
puma            float   %9.0g                 
ncz             float   %9.0g                 
afsum           float   %9.0g                 
cz1             float   %9.0g                 
af1             float   %9.0g                 
cz2             float   %9.0g                 
af2             float   %9.0g                 
cz3             float   %9.0g                 
af3             float   %9.0g                 
cz4             float   %9.0g                 
af4             float   %9.0g                 
cz5             float   %9.0g                 
af5             float   %9.0g                 
cz6             float   %9.0g                 
af6             float   %9.0g                 
cz7             float   %9.0g                 
af7             float   %9.0g                 
cz8             float   %9.0g                 
af8             float   %9.0g                 
cz9             float   %9.0g                 
af9             float   %9.0g                 
-------------------------------------------------------------------------------
Sorted by: state  puma

. 
. gen checksum=cond(af1~=.,af1,0)+cond(af2~=.,af2,0)+cond(af3~=.,af3,0)+cond(af
> 4~=.,af4,0)+cond(af5~=.,af5,0)+cond(af6~=.,af6,0)+cond(af7~=.,af7,0)+cond(af8
> ~=.,af8,0)+cond(af9~=.,af9,0)

. sum checksum

    Variable |        Obs        Mean    Std. dev.       Min        Max
-------------+---------------------------------------------------------
    checksum |      2,351           1    7.73e-09   .9999999          1

. 
. drop checksum

. 
. log close
      name:  <unnamed>
       log:  /accounts/projects/card/hurricane/replication/industries/portion1_
> prepforcensus/code/acs/puma2010_prep.log
  log type:  text
 closed on:   5 Oct 2023, 17:08:55
-------------------------------------------------------------------------------
